[0.025s] Invoking command in '/home/johan/slam/xiaoying_robot/build/linefit_ground_segmentation': CMAKE_PREFIX_PATH=${CMAKE_PREFIX_PATH}:/home/johan/slam/xiaoying_robot/install/auto_pinpoint_robot:/opt/ros/humble /usr/bin/cmake --build /home/johan/slam/xiaoying_robot/build/linefit_ground_segmentation -- -j16 -l16
[0.209s] [35m[1mConsolidate compiler generated dependencies of target linefit_ground_segmentation[0m
[0.209s] [100%] Built target linefit_ground_segmentation
[0.222s] Invoked command in '/home/johan/slam/xiaoying_robot/build/linefit_ground_segmentation' returned '0': CMAKE_PREFIX_PATH=${CMAKE_PREFIX_PATH}:/home/johan/slam/xiaoying_robot/install/auto_pinpoint_robot:/opt/ros/humble /usr/bin/cmake --build /home/johan/slam/xiaoying_robot/build/linefit_ground_segmentation -- -j16 -l16
[0.270s] Invoking command in '/home/johan/slam/xiaoying_robot/build/linefit_ground_segmentation': CMAKE_PREFIX_PATH=${CMAKE_PREFIX_PATH}:/home/johan/slam/xiaoying_robot/install/auto_pinpoint_robot:/opt/ros/humble /usr/bin/cmake --install /home/johan/slam/xiaoying_robot/build/linefit_ground_segmentation
[0.278s] -- Install configuration: ""
[0.278s] -- Up-to-date: /home/johan/slam/xiaoying_robot/install/linefit_ground_segmentation/include
[0.278s] -- Up-to-date: /home/johan/slam/xiaoying_robot/install/linefit_ground_segmentation/include/ground_segmentation
[0.278s] -- Up-to-date: /home/johan/slam/xiaoying_robot/install/linefit_ground_segmentation/include/ground_segmentation/ground_segmentation.h
[0.278s] -- Up-to-date: /home/johan/slam/xiaoying_robot/install/linefit_ground_segmentation/include/ground_segmentation/bin.h
[0.278s] -- Up-to-date: /home/johan/slam/xiaoying_robot/install/linefit_ground_segmentation/include/ground_segmentation/typedefs.h
[0.278s] -- Up-to-date: /home/johan/slam/xiaoying_robot/install/linefit_ground_segmentation/include/ground_segmentation/segment.h
[0.278s] -- Up-to-date: /home/johan/slam/xiaoying_robot/install/linefit_ground_segmentation/include/ground_segmentation/viewer.h
[0.279s] -- Up-to-date: /home/johan/slam/xiaoying_robot/install/linefit_ground_segmentation/share/linefit_ground_segmentation/environment/library_path.sh
[0.279s] -- Up-to-date: /home/johan/slam/xiaoying_robot/install/linefit_ground_segmentation/share/linefit_ground_segmentation/environment/library_path.dsv
[0.279s] -- Up-to-date: /home/johan/slam/xiaoying_robot/install/linefit_ground_segmentation/lib/liblinefit_ground_segmentation.so
[0.280s] -- Up-to-date: /home/johan/slam/xiaoying_robot/install/linefit_ground_segmentation/share/ament_index/resource_index/package_run_dependencies/linefit_ground_segmentation
[0.280s] -- Up-to-date: /home/johan/slam/xiaoying_robot/install/linefit_ground_segmentation/share/ament_index/resource_index/parent_prefix_path/linefit_ground_segmentation
[0.281s] -- Up-to-date: /home/johan/slam/xiaoying_robot/install/linefit_ground_segmentation/share/linefit_ground_segmentation/environment/ament_prefix_path.sh
[0.282s] -- Up-to-date: /home/johan/slam/xiaoying_robot/install/linefit_ground_segmentation/share/linefit_ground_segmentation/environment/ament_prefix_path.dsv
[0.282s] -- Up-to-date: /home/johan/slam/xiaoying_robot/install/linefit_ground_segmentation/share/linefit_ground_segmentation/environment/path.sh
[0.283s] -- Up-to-date: /home/johan/slam/xiaoying_robot/install/linefit_ground_segmentation/share/linefit_ground_segmentation/environment/path.dsv
[0.283s] -- Up-to-date: /home/johan/slam/xiaoying_robot/install/linefit_ground_segmentation/share/linefit_ground_segmentation/local_setup.bash
[0.283s] -- Up-to-date: /home/johan/slam/xiaoying_robot/install/linefit_ground_segmentation/share/linefit_ground_segmentation/local_setup.sh
[0.283s] -- Up-to-date: /home/johan/slam/xiaoying_robot/install/linefit_ground_segmentation/share/linefit_ground_segmentation/local_setup.zsh
[0.283s] -- Up-to-date: /home/johan/slam/xiaoying_robot/install/linefit_ground_segmentation/share/linefit_ground_segmentation/local_setup.dsv
[0.284s] -- Installing: /home/johan/slam/xiaoying_robot/install/linefit_ground_segmentation/share/linefit_ground_segmentation/package.dsv
[0.284s] -- Up-to-date: /home/johan/slam/xiaoying_robot/install/linefit_ground_segmentation/share/ament_index/resource_index/packages/linefit_ground_segmentation
[0.284s] -- Up-to-date: /home/johan/slam/xiaoying_robot/install/linefit_ground_segmentation/share/linefit_ground_segmentation/cmake/ament_cmake_export_dependencies-extras.cmake
[0.284s] -- Up-to-date: /home/johan/slam/xiaoying_robot/install/linefit_ground_segmentation/share/linefit_ground_segmentation/cmake/ament_cmake_export_include_directories-extras.cmake
[0.284s] -- Up-to-date: /home/johan/slam/xiaoying_robot/install/linefit_ground_segmentation/share/linefit_ground_segmentation/cmake/ament_cmake_export_libraries-extras.cmake
[0.284s] -- Up-to-date: /home/johan/slam/xiaoying_robot/install/linefit_ground_segmentation/share/linefit_ground_segmentation/cmake/linefit_ground_segmentationConfig.cmake
[0.284s] -- Up-to-date: /home/johan/slam/xiaoying_robot/install/linefit_ground_segmentation/share/linefit_ground_segmentation/cmake/linefit_ground_segmentationConfig-version.cmake
[0.284s] -- Up-to-date: /home/johan/slam/xiaoying_robot/install/linefit_ground_segmentation/share/linefit_ground_segmentation/package.xml
[0.285s] Invoked command in '/home/johan/slam/xiaoying_robot/build/linefit_ground_segmentation' returned '0': CMAKE_PREFIX_PATH=${CMAKE_PREFIX_PATH}:/home/johan/slam/xiaoying_robot/install/auto_pinpoint_robot:/opt/ros/humble /usr/bin/cmake --install /home/johan/slam/xiaoying_robot/build/linefit_ground_segmentation
