/home/johan/slam/xiaoying_robot/install/auto_pinpoint_robot/lib/python3.10/site-packages/auto_pinpoint_robot/patrol_node.py
/home/johan/slam/xiaoying_robot/install/auto_pinpoint_robot/lib/python3.10/site-packages/auto_pinpoint_robot/__init__.py
/home/johan/slam/xiaoying_robot/install/auto_pinpoint_robot/lib/python3.10/site-packages/auto_pinpoint_robot/speaker.py
/home/johan/slam/xiaoying_robot/install/auto_pinpoint_robot/lib/python3.10/site-packages/auto_pinpoint_robot/__pycache__/patrol_node.cpython-310.pyc
/home/johan/slam/xiaoying_robot/install/auto_pinpoint_robot/lib/python3.10/site-packages/auto_pinpoint_robot/__pycache__/__init__.cpython-310.pyc
/home/johan/slam/xiaoying_robot/install/auto_pinpoint_robot/lib/python3.10/site-packages/auto_pinpoint_robot/__pycache__/speaker.cpython-310.pyc
/home/johan/slam/xiaoying_robot/install/auto_pinpoint_robot/share/ament_index/resource_index/packages/auto_pinpoint_robot
/home/johan/slam/xiaoying_robot/install/auto_pinpoint_robot/share/auto_pinpoint_robot/package.xml
/home/johan/slam/xiaoying_robot/install/auto_pinpoint_robot/share/auto_pinpoint_robot/config/pinpoint_config.yaml
/home/johan/slam/xiaoying_robot/install/auto_pinpoint_robot/share/auto_pinpoint_robot/launch/auto_pinpoint.launch.py
/home/johan/slam/xiaoying_robot/install/auto_pinpoint_robot/lib/python3.10/site-packages/auto_pinpoint_robot-0.0.0-py3.10.egg-info/zip-safe
/home/johan/slam/xiaoying_robot/install/auto_pinpoint_robot/lib/python3.10/site-packages/auto_pinpoint_robot-0.0.0-py3.10.egg-info/requires.txt
/home/johan/slam/xiaoying_robot/install/auto_pinpoint_robot/lib/python3.10/site-packages/auto_pinpoint_robot-0.0.0-py3.10.egg-info/dependency_links.txt
/home/johan/slam/xiaoying_robot/install/auto_pinpoint_robot/lib/python3.10/site-packages/auto_pinpoint_robot-0.0.0-py3.10.egg-info/top_level.txt
/home/johan/slam/xiaoying_robot/install/auto_pinpoint_robot/lib/python3.10/site-packages/auto_pinpoint_robot-0.0.0-py3.10.egg-info/entry_points.txt
/home/johan/slam/xiaoying_robot/install/auto_pinpoint_robot/lib/python3.10/site-packages/auto_pinpoint_robot-0.0.0-py3.10.egg-info/SOURCES.txt
/home/johan/slam/xiaoying_robot/install/auto_pinpoint_robot/lib/python3.10/site-packages/auto_pinpoint_robot-0.0.0-py3.10.egg-info/PKG-INFO
/home/johan/slam/xiaoying_robot/install/auto_pinpoint_robot/lib/auto_pinpoint_robot/param_test
/home/johan/slam/xiaoying_robot/install/auto_pinpoint_robot/lib/auto_pinpoint_robot/patrol_node
/home/johan/slam/xiaoying_robot/install/auto_pinpoint_robot/lib/auto_pinpoint_robot/speaker
