[0.177s] Invoking command in '/home/johan/slam/xiaoying_robot/build/pinpoint_interfaces': CMAKE_PREFIX_PATH=/opt/ros/humble /usr/bin/cmake /home/johan/slam/xiaoying_robot/src/pinpoint_interfaces -DCMAKE_INSTALL_PREFIX=/home/johan/slam/xiaoying_robot/install/pinpoint_interfaces
[0.212s] -- The C compiler identification is GNU 11.4.0
[0.266s] -- The CXX compiler identification is GNU 11.4.0
[0.273s] -- Detecting C compiler ABI info
[0.323s] -- Detecting C compiler ABI info - done
[0.328s] -- Check for working C compiler: /usr/bin/cc - skipped
[0.328s] -- Detecting C compile features
[0.329s] -- Detecting C compile features - done
[0.331s] -- Detecting CXX compiler ABI info
[0.389s] -- Detecting CXX compiler ABI info - done
[0.399s] -- Check for working CXX compiler: /usr/bin/c++ - skipped
[0.399s] -- Detecting CXX compile features
[0.400s] -- Detecting CXX compile features - done
[0.402s] -- Found ament_cmake: 1.3.9 (/opt/ros/humble/share/ament_cmake/cmake)
[0.548s] -- Found Python3: /usr/bin/python3 (found version "3.10.12") found components: Interpreter 
[0.611s] -- Found rosidl_default_generators: 1.2.0 (/opt/ros/humble/share/rosidl_default_generators/cmake)
[0.613s] -- Using all available rosidl_typesupport_c: rosidl_typesupport_fastrtps_c;rosidl_typesupport_introspection_c
[0.617s] -- Found rosidl_adapter: 3.1.5 (/opt/ros/humble/share/rosidl_adapter/cmake)
[0.645s] -- Using all available rosidl_typesupport_cpp: rosidl_typesupport_fastrtps_cpp;rosidl_typesupport_introspection_cpp
[0.830s] -- Found ament_cmake_ros: 0.10.0 (/opt/ros/humble/share/ament_cmake_ros/cmake)
[0.953s] -- Using all available rosidl_typesupport_c: rosidl_typesupport_fastrtps_c;rosidl_typesupport_introspection_c
[1.201s] -- Using all available rosidl_typesupport_cpp: rosidl_typesupport_fastrtps_cpp;rosidl_typesupport_introspection_cpp
[1.217s] -- Found PythonInterp: /usr/bin/python3 (found suitable version "3.10.12", minimum required is "3.6") 
[1.219s] -- Found python_cmake_module: 0.10.0 (/opt/ros/humble/share/python_cmake_module/cmake)
[1.236s] -- Found PythonLibs: /usr/lib/x86_64-linux-gnu/libpython3.10.so (found suitable version "3.10.12", minimum required is "3.5") 
[1.236s] -- Using PYTHON_EXECUTABLE: /usr/bin/python3
[1.237s] -- Using PYTHON_INCLUDE_DIRS: /usr/include/python3.10
[1.237s] -- Using PYTHON_LIBRARIES: /usr/lib/x86_64-linux-gnu/libpython3.10.so
[1.251s] -- Found PythonExtra: .so  
[1.272s] -- Found ament_lint_auto: 0.12.11 (/opt/ros/humble/share/ament_lint_auto/cmake)
[1.282s] -- Added test 'lint_cmake' to check CMake code style
[1.283s] -- Added test 'xmllint' to check XML markup files
[1.284s] -- Configuring done
[1.299s] -- Generating done
[1.300s] -- Build files have been written to: /home/johan/slam/xiaoying_robot/build/pinpoint_interfaces
[1.305s] Invoked command in '/home/johan/slam/xiaoying_robot/build/pinpoint_interfaces' returned '0': CMAKE_PREFIX_PATH=/opt/ros/humble /usr/bin/cmake /home/johan/slam/xiaoying_robot/src/pinpoint_interfaces -DCMAKE_INSTALL_PREFIX=/home/johan/slam/xiaoying_robot/install/pinpoint_interfaces
[1.306s] Invoking command in '/home/johan/slam/xiaoying_robot/build/pinpoint_interfaces': CMAKE_PREFIX_PATH=/opt/ros/humble /usr/bin/cmake --build /home/johan/slam/xiaoying_robot/build/pinpoint_interfaces -- -j16 -l16
[1.340s] [  3%] [34m[1mGenerating C code for ROS interfaces[0m
[1.342s] [  6%] [34m[1mGenerating C++ code for ROS interfaces[0m
[1.361s] [  6%] Built target ament_cmake_python_copy_pinpoint_interfaces
[1.548s] running egg_info
[1.548s] creating pinpoint_interfaces.egg-info
[1.548s] writing pinpoint_interfaces.egg-info/PKG-INFO
[1.549s] writing dependency_links to pinpoint_interfaces.egg-info/dependency_links.txt
[1.549s] writing top-level names to pinpoint_interfaces.egg-info/top_level.txt
[1.549s] writing manifest file 'pinpoint_interfaces.egg-info/SOURCES.txt'
[1.551s] reading manifest file 'pinpoint_interfaces.egg-info/SOURCES.txt'
[1.551s] writing manifest file 'pinpoint_interfaces.egg-info/SOURCES.txt'
[1.553s] [  9%] [32mBuilding C object CMakeFiles/pinpoint_interfaces__rosidl_generator_c.dir/rosidl_generator_c/pinpoint_interfaces/srv/detail/speach_text__functions.c.o[0m
[1.554s] [  9%] Built target pinpoint_interfaces__cpp
[1.567s] [ 19%] [34m[1mGenerating C++ introspection for ROS interfaces[0m
[1.567s] [ 19%] [34m[1mGenerating C++ type support for eProsima Fast-RTPS[0m
[1.567s] [ 19%] [34m[1mGenerating C++ type support dispatch for ROS interfaces[0m
[1.578s] [ 19%] Built target ament_cmake_python_build_pinpoint_interfaces_egg
[1.614s] [ 22%] [32m[1mLinking C shared library libpinpoint_interfaces__rosidl_generator_c.so[0m
[1.639s] [ 22%] Built target pinpoint_interfaces__rosidl_generator_c
[1.646s] [ 25%] [34m[1mGenerating C type support for eProsima Fast-RTPS[0m
[1.648s] [ 29%] [34m[1mGenerating C introspection for ROS interfaces[0m
[1.650s] [ 32%] [34m[1mGenerating C type support dispatch for ROS interfaces[0m
[1.750s] [ 35%] [32mBuilding CXX object CMakeFiles/pinpoint_interfaces__rosidl_typesupport_introspection_cpp.dir/rosidl_typesupport_introspection_cpp/pinpoint_interfaces/srv/detail/speach_text__type_support.cpp.o[0m
[1.846s] [ 38%] [32mBuilding CXX object CMakeFiles/pinpoint_interfaces__rosidl_typesupport_cpp.dir/rosidl_typesupport_cpp/pinpoint_interfaces/srv/speach_text__type_support.cpp.o[0m
[1.853s] [ 41%] [32mBuilding CXX object CMakeFiles/pinpoint_interfaces__rosidl_typesupport_fastrtps_c.dir/rosidl_typesupport_fastrtps_c/pinpoint_interfaces/srv/detail/speach_text__type_support_c.cpp.o[0m
[1.878s] [ 45%] [32mBuilding CXX object CMakeFiles/pinpoint_interfaces__rosidl_typesupport_fastrtps_cpp.dir/rosidl_typesupport_fastrtps_cpp/pinpoint_interfaces/srv/detail/dds_fastrtps/speach_text__type_support.cpp.o[0m
[1.960s] [ 48%] [32mBuilding C object CMakeFiles/pinpoint_interfaces__rosidl_typesupport_introspection_c.dir/rosidl_typesupport_introspection_c/pinpoint_interfaces/srv/detail/speach_text__type_support.c.o[0m
[1.967s] [ 51%] [32mBuilding CXX object CMakeFiles/pinpoint_interfaces__rosidl_typesupport_c.dir/rosidl_typesupport_c/pinpoint_interfaces/srv/speach_text__type_support.cpp.o[0m
[1.997s] [ 58%] [32m[1mLinking C shared library libpinpoint_interfaces__rosidl_typesupport_introspection_c.so[0m
[1.997s] [ 58%] [32m[1mLinking CXX shared library libpinpoint_interfaces__rosidl_typesupport_c.so[0m
[2.029s] [ 58%] Built target pinpoint_interfaces__rosidl_typesupport_introspection_c
[2.040s] [ 58%] Built target pinpoint_interfaces__rosidl_typesupport_c
[2.173s] [ 61%] [32m[1mLinking CXX shared library libpinpoint_interfaces__rosidl_typesupport_cpp.so[0m
[2.188s] [ 64%] [32m[1mLinking CXX shared library libpinpoint_interfaces__rosidl_typesupport_introspection_cpp.so[0m
[2.226s] [ 64%] Built target pinpoint_interfaces__rosidl_typesupport_cpp
[2.242s] [ 67%] [32m[1mLinking CXX shared library libpinpoint_interfaces__rosidl_typesupport_fastrtps_cpp.so[0m
[2.275s] [ 67%] Built target pinpoint_interfaces__rosidl_typesupport_introspection_cpp
[2.307s] [ 70%] [32m[1mLinking CXX shared library libpinpoint_interfaces__rosidl_typesupport_fastrtps_c.so[0m
[2.344s] [ 70%] Built target pinpoint_interfaces__rosidl_typesupport_fastrtps_cpp
[2.404s] [ 70%] Built target pinpoint_interfaces__rosidl_typesupport_fastrtps_c
[2.425s] [ 70%] Built target pinpoint_interfaces
[2.449s] [ 74%] [34m[1mGenerating Python code for ROS interfaces[0m
[2.869s] [ 74%] Built target pinpoint_interfaces__py
[2.884s] [ 77%] [32mBuilding C object CMakeFiles/pinpoint_interfaces__rosidl_generator_py.dir/rosidl_generator_py/pinpoint_interfaces/srv/_speach_text_s.c.o[0m
[2.951s] [ 80%] [32m[1mLinking C shared library rosidl_generator_py/pinpoint_interfaces/libpinpoint_interfaces__rosidl_generator_py.so[0m
[2.977s] [ 80%] Built target pinpoint_interfaces__rosidl_generator_py
[2.991s] [ 83%] [32mBuilding C object CMakeFiles/pinpoint_interfaces__rosidl_typesupport_fastrtps_c__pyext.dir/rosidl_generator_py/pinpoint_interfaces/_pinpoint_interfaces_s.ep.rosidl_typesupport_fastrtps_c.c.o[0m
[2.999s] [ 87%] [32mBuilding C object CMakeFiles/pinpoint_interfaces__rosidl_typesupport_introspection_c__pyext.dir/rosidl_generator_py/pinpoint_interfaces/_pinpoint_interfaces_s.ep.rosidl_typesupport_introspection_c.c.o[0m
[3.002s] [ 90%] [32mBuilding C object CMakeFiles/pinpoint_interfaces__rosidl_typesupport_c__pyext.dir/rosidl_generator_py/pinpoint_interfaces/_pinpoint_interfaces_s.ep.rosidl_typesupport_c.c.o[0m
[3.056s] [ 93%] [32m[1mLinking C shared library rosidl_generator_py/pinpoint_interfaces/pinpoint_interfaces_s__rosidl_typesupport_fastrtps_c.cpython-310-x86_64-linux-gnu.so[0m
[3.059s] [ 96%] [32m[1mLinking C shared library rosidl_generator_py/pinpoint_interfaces/pinpoint_interfaces_s__rosidl_typesupport_introspection_c.cpython-310-x86_64-linux-gnu.so[0m
[3.079s] [ 96%] Built target pinpoint_interfaces__rosidl_typesupport_fastrtps_c__pyext
[3.082s] [ 96%] Built target pinpoint_interfaces__rosidl_typesupport_introspection_c__pyext
[3.107s] [100%] [32m[1mLinking C shared library rosidl_generator_py/pinpoint_interfaces/pinpoint_interfaces_s__rosidl_typesupport_c.cpython-310-x86_64-linux-gnu.so[0m
[3.131s] [100%] Built target pinpoint_interfaces__rosidl_typesupport_c__pyext
[3.140s] Invoked command in '/home/johan/slam/xiaoying_robot/build/pinpoint_interfaces' returned '0': CMAKE_PREFIX_PATH=/opt/ros/humble /usr/bin/cmake --build /home/johan/slam/xiaoying_robot/build/pinpoint_interfaces -- -j16 -l16
[3.194s] Invoking command in '/home/johan/slam/xiaoying_robot/build/pinpoint_interfaces': CMAKE_PREFIX_PATH=/opt/ros/humble /usr/bin/cmake --install /home/johan/slam/xiaoying_robot/build/pinpoint_interfaces
[3.204s] -- Install configuration: ""
[3.204s] -- Installing: /home/johan/slam/xiaoying_robot/install/pinpoint_interfaces/share/ament_index/resource_index/rosidl_interfaces/pinpoint_interfaces
[3.204s] -- Installing: /home/johan/slam/xiaoying_robot/install/pinpoint_interfaces/include/pinpoint_interfaces/pinpoint_interfaces
[3.204s] -- Installing: /home/johan/slam/xiaoying_robot/install/pinpoint_interfaces/include/pinpoint_interfaces/pinpoint_interfaces/srv
[3.204s] -- Installing: /home/johan/slam/xiaoying_robot/install/pinpoint_interfaces/include/pinpoint_interfaces/pinpoint_interfaces/srv/detail
[3.205s] -- Installing: /home/johan/slam/xiaoying_robot/install/pinpoint_interfaces/include/pinpoint_interfaces/pinpoint_interfaces/srv/detail/speach_text__type_support.h
[3.205s] -- Installing: /home/johan/slam/xiaoying_robot/install/pinpoint_interfaces/include/pinpoint_interfaces/pinpoint_interfaces/srv/detail/speach_text__functions.h
[3.205s] -- Installing: /home/johan/slam/xiaoying_robot/install/pinpoint_interfaces/include/pinpoint_interfaces/pinpoint_interfaces/srv/detail/speach_text__struct.h
[3.205s] -- Installing: /home/johan/slam/xiaoying_robot/install/pinpoint_interfaces/include/pinpoint_interfaces/pinpoint_interfaces/srv/detail/speach_text__functions.c
[3.205s] -- Installing: /home/johan/slam/xiaoying_robot/install/pinpoint_interfaces/include/pinpoint_interfaces/pinpoint_interfaces/srv/speach_text.h
[3.205s] -- Installing: /home/johan/slam/xiaoying_robot/install/pinpoint_interfaces/include/pinpoint_interfaces/pinpoint_interfaces/msg
[3.205s] -- Installing: /home/johan/slam/xiaoying_robot/install/pinpoint_interfaces/include/pinpoint_interfaces/pinpoint_interfaces/msg/rosidl_generator_c__visibility_control.h
[3.205s] -- Installing: /home/johan/slam/xiaoying_robot/install/pinpoint_interfaces/share/pinpoint_interfaces/environment/library_path.sh
[3.205s] -- Installing: /home/johan/slam/xiaoying_robot/install/pinpoint_interfaces/share/pinpoint_interfaces/environment/library_path.dsv
[3.205s] -- Installing: /home/johan/slam/xiaoying_robot/install/pinpoint_interfaces/lib/libpinpoint_interfaces__rosidl_generator_c.so
[3.206s] -- Set runtime path of "/home/johan/slam/xiaoying_robot/install/pinpoint_interfaces/lib/libpinpoint_interfaces__rosidl_generator_c.so" to ""
[3.206s] -- Up-to-date: /home/johan/slam/xiaoying_robot/install/pinpoint_interfaces/include/pinpoint_interfaces/pinpoint_interfaces
[3.206s] -- Up-to-date: /home/johan/slam/xiaoying_robot/install/pinpoint_interfaces/include/pinpoint_interfaces/pinpoint_interfaces/srv
[3.206s] -- Up-to-date: /home/johan/slam/xiaoying_robot/install/pinpoint_interfaces/include/pinpoint_interfaces/pinpoint_interfaces/srv/detail
[3.206s] -- Installing: /home/johan/slam/xiaoying_robot/install/pinpoint_interfaces/include/pinpoint_interfaces/pinpoint_interfaces/srv/detail/speach_text__rosidl_typesupport_fastrtps_c.h
[3.206s] -- Up-to-date: /home/johan/slam/xiaoying_robot/install/pinpoint_interfaces/include/pinpoint_interfaces/pinpoint_interfaces/msg
[3.206s] -- Installing: /home/johan/slam/xiaoying_robot/install/pinpoint_interfaces/include/pinpoint_interfaces/pinpoint_interfaces/msg/rosidl_typesupport_fastrtps_c__visibility_control.h
[3.206s] -- Installing: /home/johan/slam/xiaoying_robot/install/pinpoint_interfaces/lib/libpinpoint_interfaces__rosidl_typesupport_fastrtps_c.so
[3.206s] -- Set runtime path of "/home/johan/slam/xiaoying_robot/install/pinpoint_interfaces/lib/libpinpoint_interfaces__rosidl_typesupport_fastrtps_c.so" to ""
[3.207s] -- Up-to-date: /home/johan/slam/xiaoying_robot/install/pinpoint_interfaces/include/pinpoint_interfaces/pinpoint_interfaces
[3.207s] -- Up-to-date: /home/johan/slam/xiaoying_robot/install/pinpoint_interfaces/include/pinpoint_interfaces/pinpoint_interfaces/srv
[3.207s] -- Up-to-date: /home/johan/slam/xiaoying_robot/install/pinpoint_interfaces/include/pinpoint_interfaces/pinpoint_interfaces/srv/detail
[3.207s] -- Installing: /home/johan/slam/xiaoying_robot/install/pinpoint_interfaces/include/pinpoint_interfaces/pinpoint_interfaces/srv/detail/speach_text__type_support.c
[3.207s] -- Installing: /home/johan/slam/xiaoying_robot/install/pinpoint_interfaces/include/pinpoint_interfaces/pinpoint_interfaces/srv/detail/speach_text__rosidl_typesupport_introspection_c.h
[3.207s] -- Up-to-date: /home/johan/slam/xiaoying_robot/install/pinpoint_interfaces/include/pinpoint_interfaces/pinpoint_interfaces/msg
[3.207s] -- Installing: /home/johan/slam/xiaoying_robot/install/pinpoint_interfaces/include/pinpoint_interfaces/pinpoint_interfaces/msg/rosidl_typesupport_introspection_c__visibility_control.h
[3.208s] -- Installing: /home/johan/slam/xiaoying_robot/install/pinpoint_interfaces/lib/libpinpoint_interfaces__rosidl_typesupport_introspection_c.so
[3.208s] -- Set runtime path of "/home/johan/slam/xiaoying_robot/install/pinpoint_interfaces/lib/libpinpoint_interfaces__rosidl_typesupport_introspection_c.so" to ""
[3.209s] -- Installing: /home/johan/slam/xiaoying_robot/install/pinpoint_interfaces/lib/libpinpoint_interfaces__rosidl_typesupport_c.so
[3.209s] -- Set runtime path of "/home/johan/slam/xiaoying_robot/install/pinpoint_interfaces/lib/libpinpoint_interfaces__rosidl_typesupport_c.so" to ""
[3.209s] -- Up-to-date: /home/johan/slam/xiaoying_robot/install/pinpoint_interfaces/include/pinpoint_interfaces/pinpoint_interfaces
[3.209s] -- Up-to-date: /home/johan/slam/xiaoying_robot/install/pinpoint_interfaces/include/pinpoint_interfaces/pinpoint_interfaces/srv
[3.209s] -- Up-to-date: /home/johan/slam/xiaoying_robot/install/pinpoint_interfaces/include/pinpoint_interfaces/pinpoint_interfaces/srv/detail
[3.209s] -- Installing: /home/johan/slam/xiaoying_robot/install/pinpoint_interfaces/include/pinpoint_interfaces/pinpoint_interfaces/srv/detail/speach_text__builder.hpp
[3.209s] -- Installing: /home/johan/slam/xiaoying_robot/install/pinpoint_interfaces/include/pinpoint_interfaces/pinpoint_interfaces/srv/detail/speach_text__struct.hpp
[3.209s] -- Installing: /home/johan/slam/xiaoying_robot/install/pinpoint_interfaces/include/pinpoint_interfaces/pinpoint_interfaces/srv/detail/speach_text__traits.hpp
[3.210s] -- Installing: /home/johan/slam/xiaoying_robot/install/pinpoint_interfaces/include/pinpoint_interfaces/pinpoint_interfaces/srv/speach_text.hpp
[3.210s] -- Up-to-date: /home/johan/slam/xiaoying_robot/install/pinpoint_interfaces/include/pinpoint_interfaces/pinpoint_interfaces
[3.210s] -- Up-to-date: /home/johan/slam/xiaoying_robot/install/pinpoint_interfaces/include/pinpoint_interfaces/pinpoint_interfaces/srv
[3.210s] -- Up-to-date: /home/johan/slam/xiaoying_robot/install/pinpoint_interfaces/include/pinpoint_interfaces/pinpoint_interfaces/srv/detail
[3.210s] -- Installing: /home/johan/slam/xiaoying_robot/install/pinpoint_interfaces/include/pinpoint_interfaces/pinpoint_interfaces/srv/detail/speach_text__rosidl_typesupport_fastrtps_cpp.hpp
[3.210s] -- Installing: /home/johan/slam/xiaoying_robot/install/pinpoint_interfaces/include/pinpoint_interfaces/pinpoint_interfaces/srv/detail/dds_fastrtps
[3.210s] -- Up-to-date: /home/johan/slam/xiaoying_robot/install/pinpoint_interfaces/include/pinpoint_interfaces/pinpoint_interfaces/msg
[3.210s] -- Installing: /home/johan/slam/xiaoying_robot/install/pinpoint_interfaces/include/pinpoint_interfaces/pinpoint_interfaces/msg/rosidl_typesupport_fastrtps_cpp__visibility_control.h
[3.210s] -- Installing: /home/johan/slam/xiaoying_robot/install/pinpoint_interfaces/lib/libpinpoint_interfaces__rosidl_typesupport_fastrtps_cpp.so
[3.210s] -- Set runtime path of "/home/johan/slam/xiaoying_robot/install/pinpoint_interfaces/lib/libpinpoint_interfaces__rosidl_typesupport_fastrtps_cpp.so" to ""
[3.210s] -- Up-to-date: /home/johan/slam/xiaoying_robot/install/pinpoint_interfaces/include/pinpoint_interfaces/pinpoint_interfaces
[3.211s] -- Up-to-date: /home/johan/slam/xiaoying_robot/install/pinpoint_interfaces/include/pinpoint_interfaces/pinpoint_interfaces/srv
[3.211s] -- Up-to-date: /home/johan/slam/xiaoying_robot/install/pinpoint_interfaces/include/pinpoint_interfaces/pinpoint_interfaces/srv/detail
[3.211s] -- Installing: /home/johan/slam/xiaoying_robot/install/pinpoint_interfaces/include/pinpoint_interfaces/pinpoint_interfaces/srv/detail/speach_text__rosidl_typesupport_introspection_cpp.hpp
[3.211s] -- Installing: /home/johan/slam/xiaoying_robot/install/pinpoint_interfaces/include/pinpoint_interfaces/pinpoint_interfaces/srv/detail/speach_text__type_support.cpp
[3.211s] -- Installing: /home/johan/slam/xiaoying_robot/install/pinpoint_interfaces/lib/libpinpoint_interfaces__rosidl_typesupport_introspection_cpp.so
[3.211s] -- Set runtime path of "/home/johan/slam/xiaoying_robot/install/pinpoint_interfaces/lib/libpinpoint_interfaces__rosidl_typesupport_introspection_cpp.so" to ""
[3.211s] -- Installing: /home/johan/slam/xiaoying_robot/install/pinpoint_interfaces/lib/libpinpoint_interfaces__rosidl_typesupport_cpp.so
[3.212s] -- Set runtime path of "/home/johan/slam/xiaoying_robot/install/pinpoint_interfaces/lib/libpinpoint_interfaces__rosidl_typesupport_cpp.so" to ""
[3.212s] -- Installing: /home/johan/slam/xiaoying_robot/install/pinpoint_interfaces/share/pinpoint_interfaces/environment/pythonpath.sh
[3.212s] -- Installing: /home/johan/slam/xiaoying_robot/install/pinpoint_interfaces/share/pinpoint_interfaces/environment/pythonpath.dsv
[3.212s] -- Installing: /home/johan/slam/xiaoying_robot/install/pinpoint_interfaces/local/lib/python3.10/dist-packages/pinpoint_interfaces-0.0.0-py3.10.egg-info
[3.212s] -- Installing: /home/johan/slam/xiaoying_robot/install/pinpoint_interfaces/local/lib/python3.10/dist-packages/pinpoint_interfaces-0.0.0-py3.10.egg-info/dependency_links.txt
[3.212s] -- Installing: /home/johan/slam/xiaoying_robot/install/pinpoint_interfaces/local/lib/python3.10/dist-packages/pinpoint_interfaces-0.0.0-py3.10.egg-info/top_level.txt
[3.212s] -- Installing: /home/johan/slam/xiaoying_robot/install/pinpoint_interfaces/local/lib/python3.10/dist-packages/pinpoint_interfaces-0.0.0-py3.10.egg-info/SOURCES.txt
[3.212s] -- Installing: /home/johan/slam/xiaoying_robot/install/pinpoint_interfaces/local/lib/python3.10/dist-packages/pinpoint_interfaces-0.0.0-py3.10.egg-info/PKG-INFO
[3.212s] -- Installing: /home/johan/slam/xiaoying_robot/install/pinpoint_interfaces/local/lib/python3.10/dist-packages/pinpoint_interfaces
[3.213s] -- Installing: /home/johan/slam/xiaoying_robot/install/pinpoint_interfaces/local/lib/python3.10/dist-packages/pinpoint_interfaces/srv
[3.213s] -- Installing: /home/johan/slam/xiaoying_robot/install/pinpoint_interfaces/local/lib/python3.10/dist-packages/pinpoint_interfaces/srv/_speach_text_s.c
[3.213s] -- Installing: /home/johan/slam/xiaoying_robot/install/pinpoint_interfaces/local/lib/python3.10/dist-packages/pinpoint_interfaces/srv/__init__.py
[3.213s] -- Installing: /home/johan/slam/xiaoying_robot/install/pinpoint_interfaces/local/lib/python3.10/dist-packages/pinpoint_interfaces/srv/_speach_text.py
[3.213s] -- Installing: /home/johan/slam/xiaoying_robot/install/pinpoint_interfaces/local/lib/python3.10/dist-packages/pinpoint_interfaces/_pinpoint_interfaces_s.ep.rosidl_typesupport_fastrtps_c.c
[3.213s] -- Installing: /home/johan/slam/xiaoying_robot/install/pinpoint_interfaces/local/lib/python3.10/dist-packages/pinpoint_interfaces/__init__.py
[3.213s] -- Installing: /home/johan/slam/xiaoying_robot/install/pinpoint_interfaces/local/lib/python3.10/dist-packages/pinpoint_interfaces/pinpoint_interfaces_s__rosidl_typesupport_introspection_c.cpython-310-x86_64-linux-gnu.so
[3.213s] -- Installing: /home/johan/slam/xiaoying_robot/install/pinpoint_interfaces/local/lib/python3.10/dist-packages/pinpoint_interfaces/pinpoint_interfaces_s__rosidl_typesupport_fastrtps_c.cpython-310-x86_64-linux-gnu.so
[3.213s] -- Installing: /home/johan/slam/xiaoying_robot/install/pinpoint_interfaces/local/lib/python3.10/dist-packages/pinpoint_interfaces/pinpoint_interfaces_s__rosidl_typesupport_c.cpython-310-x86_64-linux-gnu.so
[3.214s] -- Installing: /home/johan/slam/xiaoying_robot/install/pinpoint_interfaces/local/lib/python3.10/dist-packages/pinpoint_interfaces/libpinpoint_interfaces__rosidl_generator_py.so
[3.214s] -- Installing: /home/johan/slam/xiaoying_robot/install/pinpoint_interfaces/local/lib/python3.10/dist-packages/pinpoint_interfaces/_pinpoint_interfaces_s.ep.rosidl_typesupport_introspection_c.c
[3.214s] -- Installing: /home/johan/slam/xiaoying_robot/install/pinpoint_interfaces/local/lib/python3.10/dist-packages/pinpoint_interfaces/_pinpoint_interfaces_s.ep.rosidl_typesupport_c.c
[3.254s] Listing '/home/johan/slam/xiaoying_robot/install/pinpoint_interfaces/local/lib/python3.10/dist-packages/pinpoint_interfaces'...
[3.254s] Compiling '/home/johan/slam/xiaoying_robot/install/pinpoint_interfaces/local/lib/python3.10/dist-packages/pinpoint_interfaces/__init__.py'...
[3.255s] Listing '/home/johan/slam/xiaoying_robot/install/pinpoint_interfaces/local/lib/python3.10/dist-packages/pinpoint_interfaces/srv'...
[3.255s] Compiling '/home/johan/slam/xiaoying_robot/install/pinpoint_interfaces/local/lib/python3.10/dist-packages/pinpoint_interfaces/srv/__init__.py'...
[3.255s] Compiling '/home/johan/slam/xiaoying_robot/install/pinpoint_interfaces/local/lib/python3.10/dist-packages/pinpoint_interfaces/srv/_speach_text.py'...
[3.261s] -- Installing: /home/johan/slam/xiaoying_robot/install/pinpoint_interfaces/local/lib/python3.10/dist-packages/pinpoint_interfaces/pinpoint_interfaces_s__rosidl_typesupport_fastrtps_c.cpython-310-x86_64-linux-gnu.so
[3.261s] -- Set runtime path of "/home/johan/slam/xiaoying_robot/install/pinpoint_interfaces/local/lib/python3.10/dist-packages/pinpoint_interfaces/pinpoint_interfaces_s__rosidl_typesupport_fastrtps_c.cpython-310-x86_64-linux-gnu.so" to ""
[3.261s] -- Installing: /home/johan/slam/xiaoying_robot/install/pinpoint_interfaces/local/lib/python3.10/dist-packages/pinpoint_interfaces/pinpoint_interfaces_s__rosidl_typesupport_introspection_c.cpython-310-x86_64-linux-gnu.so
[3.261s] -- Set runtime path of "/home/johan/slam/xiaoying_robot/install/pinpoint_interfaces/local/lib/python3.10/dist-packages/pinpoint_interfaces/pinpoint_interfaces_s__rosidl_typesupport_introspection_c.cpython-310-x86_64-linux-gnu.so" to ""
[3.261s] -- Installing: /home/johan/slam/xiaoying_robot/install/pinpoint_interfaces/local/lib/python3.10/dist-packages/pinpoint_interfaces/pinpoint_interfaces_s__rosidl_typesupport_c.cpython-310-x86_64-linux-gnu.so
[3.262s] -- Set runtime path of "/home/johan/slam/xiaoying_robot/install/pinpoint_interfaces/local/lib/python3.10/dist-packages/pinpoint_interfaces/pinpoint_interfaces_s__rosidl_typesupport_c.cpython-310-x86_64-linux-gnu.so" to ""
[3.262s] -- Installing: /home/johan/slam/xiaoying_robot/install/pinpoint_interfaces/lib/libpinpoint_interfaces__rosidl_generator_py.so
[3.262s] -- Set runtime path of "/home/johan/slam/xiaoying_robot/install/pinpoint_interfaces/lib/libpinpoint_interfaces__rosidl_generator_py.so" to ""
[3.262s] -- Installing: /home/johan/slam/xiaoying_robot/install/pinpoint_interfaces/share/pinpoint_interfaces/srv/SpeachText.idl
[3.262s] -- Installing: /home/johan/slam/xiaoying_robot/install/pinpoint_interfaces/share/pinpoint_interfaces/srv/SpeachText.srv
[3.262s] -- Installing: /home/johan/slam/xiaoying_robot/install/pinpoint_interfaces/share/pinpoint_interfaces/srv/SpeachText_Request.msg
[3.263s] -- Installing: /home/johan/slam/xiaoying_robot/install/pinpoint_interfaces/share/pinpoint_interfaces/srv/SpeachText_Response.msg
[3.263s] -- Installing: /home/johan/slam/xiaoying_robot/install/pinpoint_interfaces/share/ament_index/resource_index/package_run_dependencies/pinpoint_interfaces
[3.263s] -- Installing: /home/johan/slam/xiaoying_robot/install/pinpoint_interfaces/share/ament_index/resource_index/parent_prefix_path/pinpoint_interfaces
[3.263s] -- Installing: /home/johan/slam/xiaoying_robot/install/pinpoint_interfaces/share/pinpoint_interfaces/environment/ament_prefix_path.sh
[3.263s] -- Installing: /home/johan/slam/xiaoying_robot/install/pinpoint_interfaces/share/pinpoint_interfaces/environment/ament_prefix_path.dsv
[3.263s] -- Installing: /home/johan/slam/xiaoying_robot/install/pinpoint_interfaces/share/pinpoint_interfaces/environment/path.sh
[3.263s] -- Installing: /home/johan/slam/xiaoying_robot/install/pinpoint_interfaces/share/pinpoint_interfaces/environment/path.dsv
[3.264s] -- Installing: /home/johan/slam/xiaoying_robot/install/pinpoint_interfaces/share/pinpoint_interfaces/local_setup.bash
[3.264s] -- Installing: /home/johan/slam/xiaoying_robot/install/pinpoint_interfaces/share/pinpoint_interfaces/local_setup.sh
[3.264s] -- Installing: /home/johan/slam/xiaoying_robot/install/pinpoint_interfaces/share/pinpoint_interfaces/local_setup.zsh
[3.264s] -- Installing: /home/johan/slam/xiaoying_robot/install/pinpoint_interfaces/share/pinpoint_interfaces/local_setup.dsv
[3.264s] -- Installing: /home/johan/slam/xiaoying_robot/install/pinpoint_interfaces/share/pinpoint_interfaces/package.dsv
[3.264s] -- Installing: /home/johan/slam/xiaoying_robot/install/pinpoint_interfaces/share/ament_index/resource_index/packages/pinpoint_interfaces
[3.265s] -- Installing: /home/johan/slam/xiaoying_robot/install/pinpoint_interfaces/share/pinpoint_interfaces/cmake/export_pinpoint_interfaces__rosidl_generator_cExport.cmake
[3.265s] -- Installing: /home/johan/slam/xiaoying_robot/install/pinpoint_interfaces/share/pinpoint_interfaces/cmake/export_pinpoint_interfaces__rosidl_generator_cExport-noconfig.cmake
[3.265s] -- Installing: /home/johan/slam/xiaoying_robot/install/pinpoint_interfaces/share/pinpoint_interfaces/cmake/export_pinpoint_interfaces__rosidl_typesupport_fastrtps_cExport.cmake
[3.265s] -- Installing: /home/johan/slam/xiaoying_robot/install/pinpoint_interfaces/share/pinpoint_interfaces/cmake/export_pinpoint_interfaces__rosidl_typesupport_fastrtps_cExport-noconfig.cmake
[3.265s] -- Installing: /home/johan/slam/xiaoying_robot/install/pinpoint_interfaces/share/pinpoint_interfaces/cmake/pinpoint_interfaces__rosidl_typesupport_introspection_cExport.cmake
[3.265s] -- Installing: /home/johan/slam/xiaoying_robot/install/pinpoint_interfaces/share/pinpoint_interfaces/cmake/pinpoint_interfaces__rosidl_typesupport_introspection_cExport-noconfig.cmake
[3.265s] -- Installing: /home/johan/slam/xiaoying_robot/install/pinpoint_interfaces/share/pinpoint_interfaces/cmake/pinpoint_interfaces__rosidl_typesupport_cExport.cmake
[3.266s] -- Installing: /home/johan/slam/xiaoying_robot/install/pinpoint_interfaces/share/pinpoint_interfaces/cmake/pinpoint_interfaces__rosidl_typesupport_cExport-noconfig.cmake
[3.266s] -- Installing: /home/johan/slam/xiaoying_robot/install/pinpoint_interfaces/share/pinpoint_interfaces/cmake/export_pinpoint_interfaces__rosidl_generator_cppExport.cmake
[3.266s] -- Installing: /home/johan/slam/xiaoying_robot/install/pinpoint_interfaces/share/pinpoint_interfaces/cmake/export_pinpoint_interfaces__rosidl_typesupport_fastrtps_cppExport.cmake
[3.266s] -- Installing: /home/johan/slam/xiaoying_robot/install/pinpoint_interfaces/share/pinpoint_interfaces/cmake/export_pinpoint_interfaces__rosidl_typesupport_fastrtps_cppExport-noconfig.cmake
[3.266s] -- Installing: /home/johan/slam/xiaoying_robot/install/pinpoint_interfaces/share/pinpoint_interfaces/cmake/pinpoint_interfaces__rosidl_typesupport_introspection_cppExport.cmake
[3.266s] -- Installing: /home/johan/slam/xiaoying_robot/install/pinpoint_interfaces/share/pinpoint_interfaces/cmake/pinpoint_interfaces__rosidl_typesupport_introspection_cppExport-noconfig.cmake
[3.266s] -- Installing: /home/johan/slam/xiaoying_robot/install/pinpoint_interfaces/share/pinpoint_interfaces/cmake/pinpoint_interfaces__rosidl_typesupport_cppExport.cmake
[3.267s] -- Installing: /home/johan/slam/xiaoying_robot/install/pinpoint_interfaces/share/pinpoint_interfaces/cmake/pinpoint_interfaces__rosidl_typesupport_cppExport-noconfig.cmake
[3.267s] -- Installing: /home/johan/slam/xiaoying_robot/install/pinpoint_interfaces/share/pinpoint_interfaces/cmake/export_pinpoint_interfaces__rosidl_generator_pyExport.cmake
[3.267s] -- Installing: /home/johan/slam/xiaoying_robot/install/pinpoint_interfaces/share/pinpoint_interfaces/cmake/export_pinpoint_interfaces__rosidl_generator_pyExport-noconfig.cmake
[3.267s] -- Installing: /home/johan/slam/xiaoying_robot/install/pinpoint_interfaces/share/pinpoint_interfaces/cmake/rosidl_cmake-extras.cmake
[3.267s] -- Installing: /home/johan/slam/xiaoying_robot/install/pinpoint_interfaces/share/pinpoint_interfaces/cmake/ament_cmake_export_include_directories-extras.cmake
[3.267s] -- Installing: /home/johan/slam/xiaoying_robot/install/pinpoint_interfaces/share/pinpoint_interfaces/cmake/ament_cmake_export_libraries-extras.cmake
[3.267s] -- Installing: /home/johan/slam/xiaoying_robot/install/pinpoint_interfaces/share/pinpoint_interfaces/cmake/ament_cmake_export_targets-extras.cmake
[3.268s] -- Installing: /home/johan/slam/xiaoying_robot/install/pinpoint_interfaces/share/pinpoint_interfaces/cmake/rosidl_cmake_export_typesupport_targets-extras.cmake
[3.268s] -- Installing: /home/johan/slam/xiaoying_robot/install/pinpoint_interfaces/share/pinpoint_interfaces/cmake/ament_cmake_export_dependencies-extras.cmake
[3.268s] -- Installing: /home/johan/slam/xiaoying_robot/install/pinpoint_interfaces/share/pinpoint_interfaces/cmake/rosidl_cmake_export_typesupport_libraries-extras.cmake
[3.268s] -- Installing: /home/johan/slam/xiaoying_robot/install/pinpoint_interfaces/share/pinpoint_interfaces/cmake/pinpoint_interfacesConfig.cmake
[3.268s] -- Installing: /home/johan/slam/xiaoying_robot/install/pinpoint_interfaces/share/pinpoint_interfaces/cmake/pinpoint_interfacesConfig-version.cmake
[3.268s] -- Installing: /home/johan/slam/xiaoying_robot/install/pinpoint_interfaces/share/pinpoint_interfaces/package.xml
[3.271s] Invoked command in '/home/johan/slam/xiaoying_robot/build/pinpoint_interfaces' returned '0': CMAKE_PREFIX_PATH=/opt/ros/humble /usr/bin/cmake --install /home/johan/slam/xiaoying_robot/build/pinpoint_interfaces
