[0.019s] Invoking command in '/home/johan/slam/xiaoying_robot/build/linefit_ground_segmentation': CMAKE_PREFIX_PATH=/opt/ros/humble /usr/bin/cmake /home/johan/slam/xiaoying_robot/src/perception/linefit_ground_segementation_ros2/linefit_ground_segmentation -DCMAKE_INSTALL_PREFIX=/home/johan/slam/xiaoying_robot/install/linefit_ground_segmentation
[0.194s] -- The C compiler identification is GNU 11.4.0
[0.195s] -- The CXX compiler identification is GNU 11.4.0
[0.195s] -- Detecting C compiler ABI info
[0.195s] -- Detecting C compiler ABI info - done
[0.196s] -- Check for working C compiler: /usr/bin/cc - skipped
[0.196s] -- Detecting C compile features
[0.197s] -- Detecting C compile features - done
[0.197s] -- Detecting CXX compiler ABI info
[0.202s] -- Detecting CXX compiler ABI info - done
[0.211s] -- Check for working CXX compiler: /usr/bin/c++ - skipped
[0.212s] -- Detecting CXX compile features
[0.212s] -- Detecting CXX compile features - done
[0.215s] -- Found ament_cmake_auto: 1.3.9 (/opt/ros/humble/share/ament_cmake_auto/cmake)
[0.378s] -- Found Python3: /usr/bin/python3 (found version "3.10.12") found components: Interpreter 
[0.627s] -- Found rosidl_generator_c: 3.1.5 (/opt/ros/humble/share/rosidl_generator_c/cmake)
[0.633s] -- Found rosidl_adapter: 3.1.5 (/opt/ros/humble/share/rosidl_adapter/cmake)
[0.643s] -- Found rosidl_generator_cpp: 3.1.5 (/opt/ros/humble/share/rosidl_generator_cpp/cmake)
[0.660s] -- Using all available rosidl_typesupport_c: rosidl_typesupport_fastrtps_c;rosidl_typesupport_introspection_c
[0.683s] -- Using all available rosidl_typesupport_cpp: rosidl_typesupport_fastrtps_cpp;rosidl_typesupport_introspection_cpp
[0.768s] -- Found rmw_implementation_cmake: 6.1.2 (/opt/ros/humble/share/rmw_implementation_cmake/cmake)
[0.771s] -- Found rmw_fastrtps_cpp: 6.2.6 (/opt/ros/humble/share/rmw_fastrtps_cpp/cmake)
[0.874s] -- Found OpenSSL: /usr/lib/x86_64-linux-gnu/libcrypto.so (found version "3.0.2")  
[0.908s] -- Found FastRTPS: /opt/ros/humble/include  
[0.968s] -- Using RMW implementation 'rmw_fastrtps_cpp' as default
[0.980s] -- Looking for pthread.h
[1.035s] -- Looking for pthread.h - found
[1.035s] -- Performing Test CMAKE_HAVE_LIBC_PTHREAD
[1.085s] -- Performing Test CMAKE_HAVE_LIBC_PTHREAD - Success
[1.087s] -- Found Threads: TRUE  
[1.930s] -- Found eigen3_cmake_module: 0.1.1 (/opt/ros/humble/share/eigen3_cmake_module/cmake)
[1.932s] -- Found Eigen3: TRUE (found version "3.4.0") 
[1.933s] -- Ensuring Eigen3 include directory is part of orocos-kdl CMake target
[2.474s] -- Checking for module 'eigen3'
[2.497s] --   Found eigen3, version 3.4.0
[2.545s] -- Found Eigen: /usr/include/eigen3 (Required is at least version "3.1") 
[2.545s] -- Eigen found (include: /usr/include/eigen3, version: 3.4.0)
[2.581s] -- Checking for module 'flann'
[2.596s] --   Found flann, version 1.9.1
[2.641s] -- Found FLANN: /usr/lib/x86_64-linux-gnu/libflann_cpp.so  
[2.641s] -- FLANN found (include: /usr/include, lib: /usr/lib/x86_64-linux-gnu/libflann_cpp.so)
[3.502s] -- Checking for module 'libusb-1.0'
[3.511s] --   Found libusb-1.0, version 1.0.25
[3.535s] -- Found libusb: /usr/lib/x86_64-linux-gnu/libusb-1.0.so  
[3.535s] -- OpenNI found (version: 1.5.4.0, include: /usr/include/ni, lib: /usr/lib/libOpenNI.so;libusb::libusb)
[3.591s] -- OpenNI2 found (version: 2.2.0.33, include: /usr/include/openni2, lib: /usr/lib/x86_64-linux-gnu/libOpenNI2.so;libusb::libusb)
[3.747s] -- Eigen found (include: /usr/include/eigen3, version: 3.4.0)
[3.752s] -- OpenNI found (version: 1.5.4.0, include: /usr/include/ni, lib: /usr/lib/libOpenNI.so;libusb::libusb)
[3.756s] -- OpenNI2 found (version: 2.2.0.33, include: /usr/include/openni2, lib: /usr/lib/x86_64-linux-gnu/libOpenNI2.so;libusb::libusb)
[3.858s] -- Found Qhull version 8.0.2
[3.963s] -- OpenNI found (version: 1.5.4.0, include: /usr/include/ni, lib: /usr/lib/libOpenNI.so;libusb::libusb)
[4.065s] -- Found PCL_COMMON: /usr/lib/x86_64-linux-gnu/libpcl_common.so  
[4.065s] -- Found PCL_KDTREE: /usr/lib/x86_64-linux-gnu/libpcl_kdtree.so  
[4.066s] -- Found PCL_OCTREE: /usr/lib/x86_64-linux-gnu/libpcl_octree.so  
[4.066s] -- Found PCL_SEARCH: /usr/lib/x86_64-linux-gnu/libpcl_search.so  
[4.067s] -- Found PCL_SAMPLE_CONSENSUS: /usr/lib/x86_64-linux-gnu/libpcl_sample_consensus.so  
[4.068s] -- Found PCL_FILTERS: /usr/lib/x86_64-linux-gnu/libpcl_filters.so  
[4.068s] -- Found PCL_2D: /usr/include/pcl-1.12  
[4.068s] -- Found PCL_GEOMETRY: /usr/include/pcl-1.12  
[4.069s] -- Found PCL_IO: /usr/lib/x86_64-linux-gnu/libpcl_io.so  
[4.070s] -- Found PCL_FEATURES: /usr/lib/x86_64-linux-gnu/libpcl_features.so  
[4.070s] -- Found PCL_ML: /usr/lib/x86_64-linux-gnu/libpcl_ml.so  
[4.071s] -- Found PCL_SEGMENTATION: /usr/lib/x86_64-linux-gnu/libpcl_segmentation.so  
[4.072s] -- Found PCL_VISUALIZATION: /usr/lib/x86_64-linux-gnu/libpcl_visualization.so  
[4.072s] -- Found PCL_SURFACE: /usr/lib/x86_64-linux-gnu/libpcl_surface.so  
[4.073s] -- Found PCL_REGISTRATION: /usr/lib/x86_64-linux-gnu/libpcl_registration.so  
[4.074s] -- Found PCL_KEYPOINTS: /usr/lib/x86_64-linux-gnu/libpcl_keypoints.so  
[4.074s] -- Found PCL_TRACKING: /usr/lib/x86_64-linux-gnu/libpcl_tracking.so  
[4.075s] -- Found PCL_RECOGNITION: /usr/lib/x86_64-linux-gnu/libpcl_recognition.so  
[4.076s] -- Found PCL_STEREO: /usr/lib/x86_64-linux-gnu/libpcl_stereo.so  
[4.076s] -- Found PCL_APPS: /usr/lib/x86_64-linux-gnu/libpcl_apps.so  
[4.077s] -- Found PCL_IN_HAND_SCANNER: /usr/include/pcl-1.12  
[4.077s] -- Found PCL_MODELER: /usr/include/pcl-1.12  
[4.078s] -- Found PCL_POINT_CLOUD_EDITOR: /usr/include/pcl-1.12  
[4.078s] -- Found PCL_OUTOFCORE: /usr/lib/x86_64-linux-gnu/libpcl_outofcore.so  
[4.079s] -- Found PCL_PEOPLE: /usr/lib/x86_64-linux-gnu/libpcl_people.so  
[4.149s] -- Configuring done
[4.171s] -- Generating done
[4.173s] -- Build files have been written to: /home/johan/slam/xiaoying_robot/build/linefit_ground_segmentation
[4.186s] Invoked command in '/home/johan/slam/xiaoying_robot/build/linefit_ground_segmentation' returned '0': CMAKE_PREFIX_PATH=/opt/ros/humble /usr/bin/cmake /home/johan/slam/xiaoying_robot/src/perception/linefit_ground_segementation_ros2/linefit_ground_segmentation -DCMAKE_INSTALL_PREFIX=/home/johan/slam/xiaoying_robot/install/linefit_ground_segmentation
[4.189s] Invoking command in '/home/johan/slam/xiaoying_robot/build/linefit_ground_segmentation': CMAKE_PREFIX_PATH=/opt/ros/humble /usr/bin/cmake --build /home/johan/slam/xiaoying_robot/build/linefit_ground_segmentation -- -j16 -l16
[4.251s] [ 40%] [32mBuilding CXX object CMakeFiles/linefit_ground_segmentation.dir/src/bin.cc.o[0m
[4.251s] [ 40%] [32mBuilding CXX object CMakeFiles/linefit_ground_segmentation.dir/src/ground_segmentation.cc.o[0m
[4.252s] [ 80%] [32mBuilding CXX object CMakeFiles/linefit_ground_segmentation.dir/src/viewer.cc.o[0m
[4.252s] [ 80%] [32mBuilding CXX object CMakeFiles/linefit_ground_segmentation.dir/src/segment.cc.o[0m
[11.489s] [100%] [32m[1mLinking CXX shared library liblinefit_ground_segmentation.so[0m
[11.855s] [100%] Built target linefit_ground_segmentation
[11.865s] Invoked command in '/home/johan/slam/xiaoying_robot/build/linefit_ground_segmentation' returned '0': CMAKE_PREFIX_PATH=/opt/ros/humble /usr/bin/cmake --build /home/johan/slam/xiaoying_robot/build/linefit_ground_segmentation -- -j16 -l16
[11.887s] Invoking command in '/home/johan/slam/xiaoying_robot/build/linefit_ground_segmentation': CMAKE_PREFIX_PATH=/opt/ros/humble /usr/bin/cmake --install /home/johan/slam/xiaoying_robot/build/linefit_ground_segmentation
[11.892s] -- Install configuration: ""
[11.892s] -- Installing: /home/johan/slam/xiaoying_robot/install/linefit_ground_segmentation/include
[11.892s] -- Installing: /home/johan/slam/xiaoying_robot/install/linefit_ground_segmentation/include/ground_segmentation
[11.892s] -- Installing: /home/johan/slam/xiaoying_robot/install/linefit_ground_segmentation/include/ground_segmentation/ground_segmentation.h
[11.892s] -- Installing: /home/johan/slam/xiaoying_robot/install/linefit_ground_segmentation/include/ground_segmentation/bin.h
[11.892s] -- Installing: /home/johan/slam/xiaoying_robot/install/linefit_ground_segmentation/include/ground_segmentation/typedefs.h
[11.892s] -- Installing: /home/johan/slam/xiaoying_robot/install/linefit_ground_segmentation/include/ground_segmentation/segment.h
[11.892s] -- Installing: /home/johan/slam/xiaoying_robot/install/linefit_ground_segmentation/include/ground_segmentation/viewer.h
[11.893s] -- Installing: /home/johan/slam/xiaoying_robot/install/linefit_ground_segmentation/share/linefit_ground_segmentation/environment/library_path.sh
[11.893s] -- Installing: /home/johan/slam/xiaoying_robot/install/linefit_ground_segmentation/share/linefit_ground_segmentation/environment/library_path.dsv
[11.893s] -- Installing: /home/johan/slam/xiaoying_robot/install/linefit_ground_segmentation/lib/liblinefit_ground_segmentation.so
[11.893s] -- Set runtime path of "/home/johan/slam/xiaoying_robot/install/linefit_ground_segmentation/lib/liblinefit_ground_segmentation.so" to ""
[11.893s] -- Installing: /home/johan/slam/xiaoying_robot/install/linefit_ground_segmentation/share/ament_index/resource_index/package_run_dependencies/linefit_ground_segmentation
[11.893s] -- Installing: /home/johan/slam/xiaoying_robot/install/linefit_ground_segmentation/share/ament_index/resource_index/parent_prefix_path/linefit_ground_segmentation
[11.893s] -- Installing: /home/johan/slam/xiaoying_robot/install/linefit_ground_segmentation/share/linefit_ground_segmentation/environment/ament_prefix_path.sh
[11.893s] -- Installing: /home/johan/slam/xiaoying_robot/install/linefit_ground_segmentation/share/linefit_ground_segmentation/environment/ament_prefix_path.dsv
[11.894s] -- Installing: /home/johan/slam/xiaoying_robot/install/linefit_ground_segmentation/share/linefit_ground_segmentation/environment/path.sh
[11.894s] -- Installing: /home/johan/slam/xiaoying_robot/install/linefit_ground_segmentation/share/linefit_ground_segmentation/environment/path.dsv
[11.894s] -- Installing: /home/johan/slam/xiaoying_robot/install/linefit_ground_segmentation/share/linefit_ground_segmentation/local_setup.bash
[11.894s] -- Installing: /home/johan/slam/xiaoying_robot/install/linefit_ground_segmentation/share/linefit_ground_segmentation/local_setup.sh
[11.894s] -- Installing: /home/johan/slam/xiaoying_robot/install/linefit_ground_segmentation/share/linefit_ground_segmentation/local_setup.zsh
[11.894s] -- Installing: /home/johan/slam/xiaoying_robot/install/linefit_ground_segmentation/share/linefit_ground_segmentation/local_setup.dsv
[11.894s] -- Installing: /home/johan/slam/xiaoying_robot/install/linefit_ground_segmentation/share/linefit_ground_segmentation/package.dsv
[11.894s] -- Installing: /home/johan/slam/xiaoying_robot/install/linefit_ground_segmentation/share/ament_index/resource_index/packages/linefit_ground_segmentation
[11.894s] -- Installing: /home/johan/slam/xiaoying_robot/install/linefit_ground_segmentation/share/linefit_ground_segmentation/cmake/ament_cmake_export_dependencies-extras.cmake
[11.894s] -- Installing: /home/johan/slam/xiaoying_robot/install/linefit_ground_segmentation/share/linefit_ground_segmentation/cmake/ament_cmake_export_include_directories-extras.cmake
[11.894s] -- Installing: /home/johan/slam/xiaoying_robot/install/linefit_ground_segmentation/share/linefit_ground_segmentation/cmake/ament_cmake_export_libraries-extras.cmake
[11.895s] -- Installing: /home/johan/slam/xiaoying_robot/install/linefit_ground_segmentation/share/linefit_ground_segmentation/cmake/linefit_ground_segmentationConfig.cmake
[11.895s] -- Installing: /home/johan/slam/xiaoying_robot/install/linefit_ground_segmentation/share/linefit_ground_segmentation/cmake/linefit_ground_segmentationConfig-version.cmake
[11.895s] -- Installing: /home/johan/slam/xiaoying_robot/install/linefit_ground_segmentation/share/linefit_ground_segmentation/package.xml
[11.896s] Invoked command in '/home/johan/slam/xiaoying_robot/build/linefit_ground_segmentation' returned '0': CMAKE_PREFIX_PATH=/opt/ros/humble /usr/bin/cmake --install /home/johan/slam/xiaoying_robot/build/linefit_ground_segmentation
