[35m[1mConsolidate compiler generated dependencies of target serial_node[0m
[  3%] Built target serial__cpp
[35m[1mConsolidate compiler generated dependencies of target serial__rosidl_generator_c[0m
[  9%] Built target serial_node
[35m[1mConsolidate compiler generated dependencies of target serial__rosidl_typesupport_cpp[0m
[ 18%] Built target serial__rosidl_generator_c
[35m[1mConsolidate compiler generated dependencies of target serial__rosidl_typesupport_introspection_cpp[0m
[35m[1mConsolidate compiler generated dependencies of target serial__rosidl_typesupport_fastrtps_cpp[0m
[ 18%] Built target ament_cmake_python_copy_serial
[35m[1mConsolidate compiler generated dependencies of target serial__rosidl_typesupport_fastrtps_c[0m
[35m[1mConsolidate compiler generated dependencies of target serial__rosidl_typesupport_introspection_c[0m
[ 27%] Built target serial__rosidl_typesupport_cpp
[ 36%] Built target serial__rosidl_typesupport_introspection_cpp
[35m[1mConsolidate compiler generated dependencies of target serial__rosidl_typesupport_c[0m
[ 45%] Built target serial__rosidl_typesupport_fastrtps_cpp
[ 54%] Built target serial__rosidl_typesupport_c
[ 72%] Built target serial__rosidl_typesupport_fastrtps_c
[ 72%] Built target serial__rosidl_typesupport_introspection_c
[ 72%] Built target serial
[ 75%] Built target serial__py
[35m[1mConsolidate compiler generated dependencies of target serial__rosidl_generator_py[0m
[ 81%] Built target serial__rosidl_generator_py
[35m[1mConsolidate compiler generated dependencies of target serial__rosidl_typesupport_c__pyext[0m
[35m[1mConsolidate compiler generated dependencies of target serial__rosidl_typesupport_fastrtps_c__pyext[0m
[35m[1mConsolidate compiler generated dependencies of target serial__rosidl_typesupport_introspection_c__pyext[0m
[ 87%] Built target serial__rosidl_typesupport_introspection_c__pyext
[ 93%] Built target serial__rosidl_typesupport_fastrtps_c__pyext
[100%] Built target serial__rosidl_typesupport_c__pyext
running egg_info
writing serial.egg-info/PKG-INFO
writing dependency_links to serial.egg-info/dependency_links.txt
writing top-level names to serial.egg-info/top_level.txt
reading manifest file 'serial.egg-info/SOURCES.txt'
writing manifest file 'serial.egg-info/SOURCES.txt'
[100%] Built target ament_cmake_python_build_serial_egg
-- Install configuration: ""
-- Up-to-date: /home/johan/slam/xiaoying_robot/install/serial/share/ament_index/resource_index/rosidl_interfaces/serial
-- Up-to-date: /home/johan/slam/xiaoying_robot/install/serial/include/serial/serial
-- Up-to-date: /home/johan/slam/xiaoying_robot/install/serial/include/serial/serial/msg
-- Up-to-date: /home/johan/slam/xiaoying_robot/install/serial/include/serial/serial/msg/rosidl_generator_c__visibility_control.h
-- Up-to-date: /home/johan/slam/xiaoying_robot/install/serial/include/serial/serial/msg/detail
-- Up-to-date: /home/johan/slam/xiaoying_robot/install/serial/include/serial/serial/msg/detail/twist__struct.h
-- Up-to-date: /home/johan/slam/xiaoying_robot/install/serial/include/serial/serial/msg/detail/twist__type_support.h
-- Up-to-date: /home/johan/slam/xiaoying_robot/install/serial/include/serial/serial/msg/detail/twist__functions.c
-- Up-to-date: /home/johan/slam/xiaoying_robot/install/serial/include/serial/serial/msg/detail/twist__functions.h
-- Up-to-date: /home/johan/slam/xiaoying_robot/install/serial/include/serial/serial/msg/twist.h
-- Up-to-date: /home/johan/slam/xiaoying_robot/install/serial/share/serial/environment/library_path.sh
-- Up-to-date: /home/johan/slam/xiaoying_robot/install/serial/share/serial/environment/library_path.dsv
-- Up-to-date: /home/johan/slam/xiaoying_robot/install/serial/lib/libserial__rosidl_generator_c.so
-- Up-to-date: /home/johan/slam/xiaoying_robot/install/serial/include/serial/serial
-- Up-to-date: /home/johan/slam/xiaoying_robot/install/serial/include/serial/serial/msg
-- Up-to-date: /home/johan/slam/xiaoying_robot/install/serial/include/serial/serial/msg/rosidl_typesupport_fastrtps_c__visibility_control.h
-- Up-to-date: /home/johan/slam/xiaoying_robot/install/serial/include/serial/serial/msg/detail
-- Up-to-date: /home/johan/slam/xiaoying_robot/install/serial/include/serial/serial/msg/detail/twist__rosidl_typesupport_fastrtps_c.h
-- Up-to-date: /home/johan/slam/xiaoying_robot/install/serial/lib/libserial__rosidl_typesupport_fastrtps_c.so
-- Up-to-date: /home/johan/slam/xiaoying_robot/install/serial/include/serial/serial
-- Up-to-date: /home/johan/slam/xiaoying_robot/install/serial/include/serial/serial/msg
-- Up-to-date: /home/johan/slam/xiaoying_robot/install/serial/include/serial/serial/msg/twist.hpp
-- Up-to-date: /home/johan/slam/xiaoying_robot/install/serial/include/serial/serial/msg/detail
-- Up-to-date: /home/johan/slam/xiaoying_robot/install/serial/include/serial/serial/msg/detail/twist__traits.hpp
-- Up-to-date: /home/johan/slam/xiaoying_robot/install/serial/include/serial/serial/msg/detail/twist__builder.hpp
-- Up-to-date: /home/johan/slam/xiaoying_robot/install/serial/include/serial/serial/msg/detail/twist__struct.hpp
-- Up-to-date: /home/johan/slam/xiaoying_robot/install/serial/include/serial/serial
-- Up-to-date: /home/johan/slam/xiaoying_robot/install/serial/include/serial/serial/msg
-- Up-to-date: /home/johan/slam/xiaoying_robot/install/serial/include/serial/serial/msg/rosidl_typesupport_fastrtps_cpp__visibility_control.h
-- Up-to-date: /home/johan/slam/xiaoying_robot/install/serial/include/serial/serial/msg/detail
-- Up-to-date: /home/johan/slam/xiaoying_robot/install/serial/include/serial/serial/msg/detail/dds_fastrtps
-- Up-to-date: /home/johan/slam/xiaoying_robot/install/serial/include/serial/serial/msg/detail/twist__rosidl_typesupport_fastrtps_cpp.hpp
-- Up-to-date: /home/johan/slam/xiaoying_robot/install/serial/lib/libserial__rosidl_typesupport_fastrtps_cpp.so
-- Up-to-date: /home/johan/slam/xiaoying_robot/install/serial/include/serial/serial
-- Up-to-date: /home/johan/slam/xiaoying_robot/install/serial/include/serial/serial/msg
-- Up-to-date: /home/johan/slam/xiaoying_robot/install/serial/include/serial/serial/msg/rosidl_typesupport_introspection_c__visibility_control.h
-- Up-to-date: /home/johan/slam/xiaoying_robot/install/serial/include/serial/serial/msg/detail
-- Up-to-date: /home/johan/slam/xiaoying_robot/install/serial/include/serial/serial/msg/detail/twist__rosidl_typesupport_introspection_c.h
-- Up-to-date: /home/johan/slam/xiaoying_robot/install/serial/include/serial/serial/msg/detail/twist__type_support.c
-- Up-to-date: /home/johan/slam/xiaoying_robot/install/serial/lib/libserial__rosidl_typesupport_introspection_c.so
-- Up-to-date: /home/johan/slam/xiaoying_robot/install/serial/lib/libserial__rosidl_typesupport_c.so
-- Up-to-date: /home/johan/slam/xiaoying_robot/install/serial/include/serial/serial
-- Up-to-date: /home/johan/slam/xiaoying_robot/install/serial/include/serial/serial/msg
-- Up-to-date: /home/johan/slam/xiaoying_robot/install/serial/include/serial/serial/msg/detail
-- Up-to-date: /home/johan/slam/xiaoying_robot/install/serial/include/serial/serial/msg/detail/twist__type_support.cpp
-- Up-to-date: /home/johan/slam/xiaoying_robot/install/serial/include/serial/serial/msg/detail/twist__rosidl_typesupport_introspection_cpp.hpp
-- Up-to-date: /home/johan/slam/xiaoying_robot/install/serial/lib/libserial__rosidl_typesupport_introspection_cpp.so
-- Up-to-date: /home/johan/slam/xiaoying_robot/install/serial/lib/libserial__rosidl_typesupport_cpp.so
-- Up-to-date: /home/johan/slam/xiaoying_robot/install/serial/share/serial/environment/pythonpath.sh
-- Up-to-date: /home/johan/slam/xiaoying_robot/install/serial/share/serial/environment/pythonpath.dsv
-- Up-to-date: /home/johan/slam/xiaoying_robot/install/serial/local/lib/python3.10/dist-packages/serial-0.0.0-py3.10.egg-info
-- Installing: /home/johan/slam/xiaoying_robot/install/serial/local/lib/python3.10/dist-packages/serial-0.0.0-py3.10.egg-info/dependency_links.txt
-- Installing: /home/johan/slam/xiaoying_robot/install/serial/local/lib/python3.10/dist-packages/serial-0.0.0-py3.10.egg-info/top_level.txt
-- Installing: /home/johan/slam/xiaoying_robot/install/serial/local/lib/python3.10/dist-packages/serial-0.0.0-py3.10.egg-info/SOURCES.txt
-- Installing: /home/johan/slam/xiaoying_robot/install/serial/local/lib/python3.10/dist-packages/serial-0.0.0-py3.10.egg-info/PKG-INFO
-- Up-to-date: /home/johan/slam/xiaoying_robot/install/serial/local/lib/python3.10/dist-packages/serial
-- Up-to-date: /home/johan/slam/xiaoying_robot/install/serial/local/lib/python3.10/dist-packages/serial/_serial_s.ep.rosidl_typesupport_c.c
-- Up-to-date: /home/johan/slam/xiaoying_robot/install/serial/local/lib/python3.10/dist-packages/serial/__init__.py
-- Up-to-date: /home/johan/slam/xiaoying_robot/install/serial/local/lib/python3.10/dist-packages/serial/_serial_s.ep.rosidl_typesupport_fastrtps_c.c
-- Up-to-date: /home/johan/slam/xiaoying_robot/install/serial/local/lib/python3.10/dist-packages/serial/libserial__rosidl_generator_py.so
-- Up-to-date: /home/johan/slam/xiaoying_robot/install/serial/local/lib/python3.10/dist-packages/serial/_serial_s.ep.rosidl_typesupport_introspection_c.c
-- Up-to-date: /home/johan/slam/xiaoying_robot/install/serial/local/lib/python3.10/dist-packages/serial/serial_s__rosidl_typesupport_introspection_c.cpython-310-x86_64-linux-gnu.so
-- Up-to-date: /home/johan/slam/xiaoying_robot/install/serial/local/lib/python3.10/dist-packages/serial/serial_s__rosidl_typesupport_fastrtps_c.cpython-310-x86_64-linux-gnu.so
-- Up-to-date: /home/johan/slam/xiaoying_robot/install/serial/local/lib/python3.10/dist-packages/serial/msg
-- Up-to-date: /home/johan/slam/xiaoying_robot/install/serial/local/lib/python3.10/dist-packages/serial/msg/__init__.py
-- Up-to-date: /home/johan/slam/xiaoying_robot/install/serial/local/lib/python3.10/dist-packages/serial/msg/_twist_s.c
-- Up-to-date: /home/johan/slam/xiaoying_robot/install/serial/local/lib/python3.10/dist-packages/serial/msg/_twist.py
-- Up-to-date: /home/johan/slam/xiaoying_robot/install/serial/local/lib/python3.10/dist-packages/serial/serial_s__rosidl_typesupport_c.cpython-310-x86_64-linux-gnu.so
Listing '/home/johan/slam/xiaoying_robot/install/serial/local/lib/python3.10/dist-packages/serial'...
Listing '/home/johan/slam/xiaoying_robot/install/serial/local/lib/python3.10/dist-packages/serial/msg'...
-- Up-to-date: /home/johan/slam/xiaoying_robot/install/serial/local/lib/python3.10/dist-packages/serial/serial_s__rosidl_typesupport_fastrtps_c.cpython-310-x86_64-linux-gnu.so
-- Up-to-date: /home/johan/slam/xiaoying_robot/install/serial/local/lib/python3.10/dist-packages/serial/serial_s__rosidl_typesupport_introspection_c.cpython-310-x86_64-linux-gnu.so
-- Up-to-date: /home/johan/slam/xiaoying_robot/install/serial/local/lib/python3.10/dist-packages/serial/serial_s__rosidl_typesupport_c.cpython-310-x86_64-linux-gnu.so
-- Up-to-date: /home/johan/slam/xiaoying_robot/install/serial/lib/libserial__rosidl_generator_py.so
-- Up-to-date: /home/johan/slam/xiaoying_robot/install/serial/share/serial/msg/Twist.idl
-- Up-to-date: /home/johan/slam/xiaoying_robot/install/serial/share/serial/msg/Twist.msg
-- Up-to-date: /home/johan/slam/xiaoying_robot/install/serial/lib/serial/serial_node
-- Up-to-date: /home/johan/slam/xiaoying_robot/install/serial/share/serial/launch
-- Up-to-date: /home/johan/slam/xiaoying_robot/install/serial/share/serial/launch/serial_node.launch.py
-- Up-to-date: /home/johan/slam/xiaoying_robot/install/serial/share/ament_index/resource_index/package_run_dependencies/serial
-- Up-to-date: /home/johan/slam/xiaoying_robot/install/serial/share/ament_index/resource_index/parent_prefix_path/serial
-- Up-to-date: /home/johan/slam/xiaoying_robot/install/serial/share/serial/environment/ament_prefix_path.sh
-- Up-to-date: /home/johan/slam/xiaoying_robot/install/serial/share/serial/environment/ament_prefix_path.dsv
-- Up-to-date: /home/johan/slam/xiaoying_robot/install/serial/share/serial/environment/path.sh
-- Up-to-date: /home/johan/slam/xiaoying_robot/install/serial/share/serial/environment/path.dsv
-- Up-to-date: /home/johan/slam/xiaoying_robot/install/serial/share/serial/local_setup.bash
-- Up-to-date: /home/johan/slam/xiaoying_robot/install/serial/share/serial/local_setup.sh
-- Up-to-date: /home/johan/slam/xiaoying_robot/install/serial/share/serial/local_setup.zsh
-- Up-to-date: /home/johan/slam/xiaoying_robot/install/serial/share/serial/local_setup.dsv
-- Installing: /home/johan/slam/xiaoying_robot/install/serial/share/serial/package.dsv
-- Up-to-date: /home/johan/slam/xiaoying_robot/install/serial/share/ament_index/resource_index/packages/serial
-- Up-to-date: /home/johan/slam/xiaoying_robot/install/serial/share/serial/cmake/export_serial__rosidl_generator_cExport.cmake
-- Up-to-date: /home/johan/slam/xiaoying_robot/install/serial/share/serial/cmake/export_serial__rosidl_generator_cExport-noconfig.cmake
-- Up-to-date: /home/johan/slam/xiaoying_robot/install/serial/share/serial/cmake/export_serial__rosidl_typesupport_fastrtps_cExport.cmake
-- Up-to-date: /home/johan/slam/xiaoying_robot/install/serial/share/serial/cmake/export_serial__rosidl_typesupport_fastrtps_cExport-noconfig.cmake
-- Up-to-date: /home/johan/slam/xiaoying_robot/install/serial/share/serial/cmake/export_serial__rosidl_generator_cppExport.cmake
-- Up-to-date: /home/johan/slam/xiaoying_robot/install/serial/share/serial/cmake/export_serial__rosidl_typesupport_fastrtps_cppExport.cmake
-- Up-to-date: /home/johan/slam/xiaoying_robot/install/serial/share/serial/cmake/export_serial__rosidl_typesupport_fastrtps_cppExport-noconfig.cmake
-- Up-to-date: /home/johan/slam/xiaoying_robot/install/serial/share/serial/cmake/serial__rosidl_typesupport_introspection_cExport.cmake
-- Up-to-date: /home/johan/slam/xiaoying_robot/install/serial/share/serial/cmake/serial__rosidl_typesupport_introspection_cExport-noconfig.cmake
-- Up-to-date: /home/johan/slam/xiaoying_robot/install/serial/share/serial/cmake/serial__rosidl_typesupport_cExport.cmake
-- Up-to-date: /home/johan/slam/xiaoying_robot/install/serial/share/serial/cmake/serial__rosidl_typesupport_cExport-noconfig.cmake
-- Up-to-date: /home/johan/slam/xiaoying_robot/install/serial/share/serial/cmake/serial__rosidl_typesupport_introspection_cppExport.cmake
-- Up-to-date: /home/johan/slam/xiaoying_robot/install/serial/share/serial/cmake/serial__rosidl_typesupport_introspection_cppExport-noconfig.cmake
-- Up-to-date: /home/johan/slam/xiaoying_robot/install/serial/share/serial/cmake/serial__rosidl_typesupport_cppExport.cmake
-- Up-to-date: /home/johan/slam/xiaoying_robot/install/serial/share/serial/cmake/serial__rosidl_typesupport_cppExport-noconfig.cmake
-- Up-to-date: /home/johan/slam/xiaoying_robot/install/serial/share/serial/cmake/export_serial__rosidl_generator_pyExport.cmake
-- Up-to-date: /home/johan/slam/xiaoying_robot/install/serial/share/serial/cmake/export_serial__rosidl_generator_pyExport-noconfig.cmake
-- Up-to-date: /home/johan/slam/xiaoying_robot/install/serial/share/serial/cmake/rosidl_cmake-extras.cmake
-- Up-to-date: /home/johan/slam/xiaoying_robot/install/serial/share/serial/cmake/ament_cmake_export_include_directories-extras.cmake
-- Up-to-date: /home/johan/slam/xiaoying_robot/install/serial/share/serial/cmake/ament_cmake_export_libraries-extras.cmake
-- Up-to-date: /home/johan/slam/xiaoying_robot/install/serial/share/serial/cmake/ament_cmake_export_targets-extras.cmake
-- Up-to-date: /home/johan/slam/xiaoying_robot/install/serial/share/serial/cmake/rosidl_cmake_export_typesupport_targets-extras.cmake
-- Up-to-date: /home/johan/slam/xiaoying_robot/install/serial/share/serial/cmake/ament_cmake_export_dependencies-extras.cmake
-- Up-to-date: /home/johan/slam/xiaoying_robot/install/serial/share/serial/cmake/rosidl_cmake_export_typesupport_libraries-extras.cmake
-- Up-to-date: /home/johan/slam/xiaoying_robot/install/serial/share/serial/cmake/serialConfig.cmake
-- Up-to-date: /home/johan/slam/xiaoying_robot/install/serial/share/serial/cmake/serialConfig-version.cmake
-- Up-to-date: /home/johan/slam/xiaoying_robot/install/serial/share/serial/package.xml
