[0.203s] Invoking command in '/home/johan/slam/xiaoying_robot/build/serial': CMAKE_PREFIX_PATH=${CMAKE_PREFIX_PATH}:/home/johan/slam/xiaoying_robot/install/auto_pinpoint_robot:/opt/ros/humble /usr/bin/cmake --build /home/johan/slam/xiaoying_robot/build/serial -- -j16 -l16
[0.237s] [35m[1mConsolidate compiler generated dependencies of target serial_node[0m
[0.250s] [  3%] Built target serial__cpp
[0.252s] [35m[1mConsolidate compiler generated dependencies of target serial__rosidl_generator_c[0m
[0.254s] [  9%] Built target serial_node
[0.266s] [35m[1mConsolidate compiler generated dependencies of target serial__rosidl_typesupport_cpp[0m
[0.266s] [ 18%] Built target serial__rosidl_generator_c
[0.267s] [35m[1mConsolidate compiler generated dependencies of target serial__rosidl_typesupport_introspection_cpp[0m
[0.267s] [35m[1mConsolidate compiler generated dependencies of target serial__rosidl_typesupport_fastrtps_cpp[0m
[0.272s] [ 18%] Built target ament_cmake_python_copy_serial
[0.283s] [35m[1mConsolidate compiler generated dependencies of target serial__rosidl_typesupport_fastrtps_c[0m
[0.283s] [35m[1mConsolidate compiler generated dependencies of target serial__rosidl_typesupport_introspection_c[0m
[0.283s] [ 27%] Built target serial__rosidl_typesupport_cpp
[0.283s] [ 36%] Built target serial__rosidl_typesupport_introspection_cpp
[0.283s] [35m[1mConsolidate compiler generated dependencies of target serial__rosidl_typesupport_c[0m
[0.287s] [ 45%] Built target serial__rosidl_typesupport_fastrtps_cpp
[0.288s] [ 54%] Built target serial__rosidl_typesupport_c
[0.288s] [ 72%] Built target serial__rosidl_typesupport_fastrtps_c
[0.288s] [ 72%] Built target serial__rosidl_typesupport_introspection_c
[0.306s] [ 72%] Built target serial
[0.331s] [ 75%] Built target serial__py
[0.342s] [35m[1mConsolidate compiler generated dependencies of target serial__rosidl_generator_py[0m
[0.356s] [ 81%] Built target serial__rosidl_generator_py
[0.368s] [35m[1mConsolidate compiler generated dependencies of target serial__rosidl_typesupport_c__pyext[0m
[0.369s] [35m[1mConsolidate compiler generated dependencies of target serial__rosidl_typesupport_fastrtps_c__pyext[0m
[0.369s] [35m[1mConsolidate compiler generated dependencies of target serial__rosidl_typesupport_introspection_c__pyext[0m
[0.382s] [ 87%] Built target serial__rosidl_typesupport_introspection_c__pyext
[0.382s] [ 93%] Built target serial__rosidl_typesupport_fastrtps_c__pyext
[0.382s] [100%] Built target serial__rosidl_typesupport_c__pyext
[0.467s] running egg_info
[0.467s] writing serial.egg-info/PKG-INFO
[0.467s] writing dependency_links to serial.egg-info/dependency_links.txt
[0.468s] writing top-level names to serial.egg-info/top_level.txt
[0.469s] reading manifest file 'serial.egg-info/SOURCES.txt'
[0.469s] writing manifest file 'serial.egg-info/SOURCES.txt'
[0.487s] [100%] Built target ament_cmake_python_build_serial_egg
[0.496s] Invoked command in '/home/johan/slam/xiaoying_robot/build/serial' returned '0': CMAKE_PREFIX_PATH=${CMAKE_PREFIX_PATH}:/home/johan/slam/xiaoying_robot/install/auto_pinpoint_robot:/opt/ros/humble /usr/bin/cmake --build /home/johan/slam/xiaoying_robot/build/serial -- -j16 -l16
[0.540s] Invoking command in '/home/johan/slam/xiaoying_robot/build/serial': CMAKE_PREFIX_PATH=${CMAKE_PREFIX_PATH}:/home/johan/slam/xiaoying_robot/install/auto_pinpoint_robot:/opt/ros/humble /usr/bin/cmake --install /home/johan/slam/xiaoying_robot/build/serial
[0.546s] -- Install configuration: ""
[0.546s] -- Up-to-date: /home/johan/slam/xiaoying_robot/install/serial/share/ament_index/resource_index/rosidl_interfaces/serial
[0.546s] -- Up-to-date: /home/johan/slam/xiaoying_robot/install/serial/include/serial/serial
[0.546s] -- Up-to-date: /home/johan/slam/xiaoying_robot/install/serial/include/serial/serial/msg
[0.546s] -- Up-to-date: /home/johan/slam/xiaoying_robot/install/serial/include/serial/serial/msg/rosidl_generator_c__visibility_control.h
[0.547s] -- Up-to-date: /home/johan/slam/xiaoying_robot/install/serial/include/serial/serial/msg/detail
[0.547s] -- Up-to-date: /home/johan/slam/xiaoying_robot/install/serial/include/serial/serial/msg/detail/twist__struct.h
[0.547s] -- Up-to-date: /home/johan/slam/xiaoying_robot/install/serial/include/serial/serial/msg/detail/twist__type_support.h
[0.547s] -- Up-to-date: /home/johan/slam/xiaoying_robot/install/serial/include/serial/serial/msg/detail/twist__functions.c
[0.547s] -- Up-to-date: /home/johan/slam/xiaoying_robot/install/serial/include/serial/serial/msg/detail/twist__functions.h
[0.547s] -- Up-to-date: /home/johan/slam/xiaoying_robot/install/serial/include/serial/serial/msg/twist.h
[0.547s] -- Up-to-date: /home/johan/slam/xiaoying_robot/install/serial/share/serial/environment/library_path.sh
[0.547s] -- Up-to-date: /home/johan/slam/xiaoying_robot/install/serial/share/serial/environment/library_path.dsv
[0.547s] -- Up-to-date: /home/johan/slam/xiaoying_robot/install/serial/lib/libserial__rosidl_generator_c.so
[0.547s] -- Up-to-date: /home/johan/slam/xiaoying_robot/install/serial/include/serial/serial
[0.547s] -- Up-to-date: /home/johan/slam/xiaoying_robot/install/serial/include/serial/serial/msg
[0.548s] -- Up-to-date: /home/johan/slam/xiaoying_robot/install/serial/include/serial/serial/msg/rosidl_typesupport_fastrtps_c__visibility_control.h
[0.548s] -- Up-to-date: /home/johan/slam/xiaoying_robot/install/serial/include/serial/serial/msg/detail
[0.548s] -- Up-to-date: /home/johan/slam/xiaoying_robot/install/serial/include/serial/serial/msg/detail/twist__rosidl_typesupport_fastrtps_c.h
[0.548s] -- Up-to-date: /home/johan/slam/xiaoying_robot/install/serial/lib/libserial__rosidl_typesupport_fastrtps_c.so
[0.548s] -- Up-to-date: /home/johan/slam/xiaoying_robot/install/serial/include/serial/serial
[0.548s] -- Up-to-date: /home/johan/slam/xiaoying_robot/install/serial/include/serial/serial/msg
[0.549s] -- Up-to-date: /home/johan/slam/xiaoying_robot/install/serial/include/serial/serial/msg/twist.hpp
[0.549s] -- Up-to-date: /home/johan/slam/xiaoying_robot/install/serial/include/serial/serial/msg/detail
[0.550s] -- Up-to-date: /home/johan/slam/xiaoying_robot/install/serial/include/serial/serial/msg/detail/twist__traits.hpp
[0.550s] -- Up-to-date: /home/johan/slam/xiaoying_robot/install/serial/include/serial/serial/msg/detail/twist__builder.hpp
[0.550s] -- Up-to-date: /home/johan/slam/xiaoying_robot/install/serial/include/serial/serial/msg/detail/twist__struct.hpp
[0.550s] -- Up-to-date: /home/johan/slam/xiaoying_robot/install/serial/include/serial/serial
[0.550s] -- Up-to-date: /home/johan/slam/xiaoying_robot/install/serial/include/serial/serial/msg
[0.550s] -- Up-to-date: /home/johan/slam/xiaoying_robot/install/serial/include/serial/serial/msg/rosidl_typesupport_fastrtps_cpp__visibility_control.h
[0.550s] -- Up-to-date: /home/johan/slam/xiaoying_robot/install/serial/include/serial/serial/msg/detail
[0.550s] -- Up-to-date: /home/johan/slam/xiaoying_robot/install/serial/include/serial/serial/msg/detail/dds_fastrtps
[0.550s] -- Up-to-date: /home/johan/slam/xiaoying_robot/install/serial/include/serial/serial/msg/detail/twist__rosidl_typesupport_fastrtps_cpp.hpp
[0.550s] -- Up-to-date: /home/johan/slam/xiaoying_robot/install/serial/lib/libserial__rosidl_typesupport_fastrtps_cpp.so
[0.550s] -- Up-to-date: /home/johan/slam/xiaoying_robot/install/serial/include/serial/serial
[0.550s] -- Up-to-date: /home/johan/slam/xiaoying_robot/install/serial/include/serial/serial/msg
[0.550s] -- Up-to-date: /home/johan/slam/xiaoying_robot/install/serial/include/serial/serial/msg/rosidl_typesupport_introspection_c__visibility_control.h
[0.550s] -- Up-to-date: /home/johan/slam/xiaoying_robot/install/serial/include/serial/serial/msg/detail
[0.550s] -- Up-to-date: /home/johan/slam/xiaoying_robot/install/serial/include/serial/serial/msg/detail/twist__rosidl_typesupport_introspection_c.h
[0.551s] -- Up-to-date: /home/johan/slam/xiaoying_robot/install/serial/include/serial/serial/msg/detail/twist__type_support.c
[0.551s] -- Up-to-date: /home/johan/slam/xiaoying_robot/install/serial/lib/libserial__rosidl_typesupport_introspection_c.so
[0.551s] -- Up-to-date: /home/johan/slam/xiaoying_robot/install/serial/lib/libserial__rosidl_typesupport_c.so
[0.551s] -- Up-to-date: /home/johan/slam/xiaoying_robot/install/serial/include/serial/serial
[0.551s] -- Up-to-date: /home/johan/slam/xiaoying_robot/install/serial/include/serial/serial/msg
[0.551s] -- Up-to-date: /home/johan/slam/xiaoying_robot/install/serial/include/serial/serial/msg/detail
[0.551s] -- Up-to-date: /home/johan/slam/xiaoying_robot/install/serial/include/serial/serial/msg/detail/twist__type_support.cpp
[0.551s] -- Up-to-date: /home/johan/slam/xiaoying_robot/install/serial/include/serial/serial/msg/detail/twist__rosidl_typesupport_introspection_cpp.hpp
[0.551s] -- Up-to-date: /home/johan/slam/xiaoying_robot/install/serial/lib/libserial__rosidl_typesupport_introspection_cpp.so
[0.551s] -- Up-to-date: /home/johan/slam/xiaoying_robot/install/serial/lib/libserial__rosidl_typesupport_cpp.so
[0.551s] -- Up-to-date: /home/johan/slam/xiaoying_robot/install/serial/share/serial/environment/pythonpath.sh
[0.551s] -- Up-to-date: /home/johan/slam/xiaoying_robot/install/serial/share/serial/environment/pythonpath.dsv
[0.551s] -- Up-to-date: /home/johan/slam/xiaoying_robot/install/serial/local/lib/python3.10/dist-packages/serial-0.0.0-py3.10.egg-info
[0.551s] -- Installing: /home/johan/slam/xiaoying_robot/install/serial/local/lib/python3.10/dist-packages/serial-0.0.0-py3.10.egg-info/dependency_links.txt
[0.551s] -- Installing: /home/johan/slam/xiaoying_robot/install/serial/local/lib/python3.10/dist-packages/serial-0.0.0-py3.10.egg-info/top_level.txt
[0.551s] -- Installing: /home/johan/slam/xiaoying_robot/install/serial/local/lib/python3.10/dist-packages/serial-0.0.0-py3.10.egg-info/SOURCES.txt
[0.551s] -- Installing: /home/johan/slam/xiaoying_robot/install/serial/local/lib/python3.10/dist-packages/serial-0.0.0-py3.10.egg-info/PKG-INFO
[0.551s] -- Up-to-date: /home/johan/slam/xiaoying_robot/install/serial/local/lib/python3.10/dist-packages/serial
[0.551s] -- Up-to-date: /home/johan/slam/xiaoying_robot/install/serial/local/lib/python3.10/dist-packages/serial/_serial_s.ep.rosidl_typesupport_c.c
[0.551s] -- Up-to-date: /home/johan/slam/xiaoying_robot/install/serial/local/lib/python3.10/dist-packages/serial/__init__.py
[0.551s] -- Up-to-date: /home/johan/slam/xiaoying_robot/install/serial/local/lib/python3.10/dist-packages/serial/_serial_s.ep.rosidl_typesupport_fastrtps_c.c
[0.551s] -- Up-to-date: /home/johan/slam/xiaoying_robot/install/serial/local/lib/python3.10/dist-packages/serial/libserial__rosidl_generator_py.so
[0.551s] -- Up-to-date: /home/johan/slam/xiaoying_robot/install/serial/local/lib/python3.10/dist-packages/serial/_serial_s.ep.rosidl_typesupport_introspection_c.c
[0.551s] -- Up-to-date: /home/johan/slam/xiaoying_robot/install/serial/local/lib/python3.10/dist-packages/serial/serial_s__rosidl_typesupport_introspection_c.cpython-310-x86_64-linux-gnu.so
[0.551s] -- Up-to-date: /home/johan/slam/xiaoying_robot/install/serial/local/lib/python3.10/dist-packages/serial/serial_s__rosidl_typesupport_fastrtps_c.cpython-310-x86_64-linux-gnu.so
[0.551s] -- Up-to-date: /home/johan/slam/xiaoying_robot/install/serial/local/lib/python3.10/dist-packages/serial/msg
[0.551s] -- Up-to-date: /home/johan/slam/xiaoying_robot/install/serial/local/lib/python3.10/dist-packages/serial/msg/__init__.py
[0.551s] -- Up-to-date: /home/johan/slam/xiaoying_robot/install/serial/local/lib/python3.10/dist-packages/serial/msg/_twist_s.c
[0.551s] -- Up-to-date: /home/johan/slam/xiaoying_robot/install/serial/local/lib/python3.10/dist-packages/serial/msg/_twist.py
[0.551s] -- Up-to-date: /home/johan/slam/xiaoying_robot/install/serial/local/lib/python3.10/dist-packages/serial/serial_s__rosidl_typesupport_c.cpython-310-x86_64-linux-gnu.so
[0.571s] Listing '/home/johan/slam/xiaoying_robot/install/serial/local/lib/python3.10/dist-packages/serial'...
[0.571s] Listing '/home/johan/slam/xiaoying_robot/install/serial/local/lib/python3.10/dist-packages/serial/msg'...
[0.573s] -- Up-to-date: /home/johan/slam/xiaoying_robot/install/serial/local/lib/python3.10/dist-packages/serial/serial_s__rosidl_typesupport_fastrtps_c.cpython-310-x86_64-linux-gnu.so
[0.573s] -- Up-to-date: /home/johan/slam/xiaoying_robot/install/serial/local/lib/python3.10/dist-packages/serial/serial_s__rosidl_typesupport_introspection_c.cpython-310-x86_64-linux-gnu.so
[0.573s] -- Up-to-date: /home/johan/slam/xiaoying_robot/install/serial/local/lib/python3.10/dist-packages/serial/serial_s__rosidl_typesupport_c.cpython-310-x86_64-linux-gnu.so
[0.574s] -- Up-to-date: /home/johan/slam/xiaoying_robot/install/serial/lib/libserial__rosidl_generator_py.so
[0.574s] -- Up-to-date: /home/johan/slam/xiaoying_robot/install/serial/share/serial/msg/Twist.idl
[0.574s] -- Up-to-date: /home/johan/slam/xiaoying_robot/install/serial/share/serial/msg/Twist.msg
[0.574s] -- Up-to-date: /home/johan/slam/xiaoying_robot/install/serial/lib/serial/serial_node
[0.576s] -- Up-to-date: /home/johan/slam/xiaoying_robot/install/serial/share/serial/launch
[0.576s] -- Up-to-date: /home/johan/slam/xiaoying_robot/install/serial/share/serial/launch/serial_node.launch.py
[0.576s] -- Up-to-date: /home/johan/slam/xiaoying_robot/install/serial/share/ament_index/resource_index/package_run_dependencies/serial
[0.577s] -- Up-to-date: /home/johan/slam/xiaoying_robot/install/serial/share/ament_index/resource_index/parent_prefix_path/serial
[0.577s] -- Up-to-date: /home/johan/slam/xiaoying_robot/install/serial/share/serial/environment/ament_prefix_path.sh
[0.577s] -- Up-to-date: /home/johan/slam/xiaoying_robot/install/serial/share/serial/environment/ament_prefix_path.dsv
[0.578s] -- Up-to-date: /home/johan/slam/xiaoying_robot/install/serial/share/serial/environment/path.sh
[0.578s] -- Up-to-date: /home/johan/slam/xiaoying_robot/install/serial/share/serial/environment/path.dsv
[0.578s] -- Up-to-date: /home/johan/slam/xiaoying_robot/install/serial/share/serial/local_setup.bash
[0.578s] -- Up-to-date: /home/johan/slam/xiaoying_robot/install/serial/share/serial/local_setup.sh
[0.578s] -- Up-to-date: /home/johan/slam/xiaoying_robot/install/serial/share/serial/local_setup.zsh
[0.579s] -- Up-to-date: /home/johan/slam/xiaoying_robot/install/serial/share/serial/local_setup.dsv
[0.579s] -- Installing: /home/johan/slam/xiaoying_robot/install/serial/share/serial/package.dsv
[0.579s] -- Up-to-date: /home/johan/slam/xiaoying_robot/install/serial/share/ament_index/resource_index/packages/serial
[0.579s] -- Up-to-date: /home/johan/slam/xiaoying_robot/install/serial/share/serial/cmake/export_serial__rosidl_generator_cExport.cmake
[0.579s] -- Up-to-date: /home/johan/slam/xiaoying_robot/install/serial/share/serial/cmake/export_serial__rosidl_generator_cExport-noconfig.cmake
[0.580s] -- Up-to-date: /home/johan/slam/xiaoying_robot/install/serial/share/serial/cmake/export_serial__rosidl_typesupport_fastrtps_cExport.cmake
[0.580s] -- Up-to-date: /home/johan/slam/xiaoying_robot/install/serial/share/serial/cmake/export_serial__rosidl_typesupport_fastrtps_cExport-noconfig.cmake
[0.581s] -- Up-to-date: /home/johan/slam/xiaoying_robot/install/serial/share/serial/cmake/export_serial__rosidl_generator_cppExport.cmake
[0.581s] -- Up-to-date: /home/johan/slam/xiaoying_robot/install/serial/share/serial/cmake/export_serial__rosidl_typesupport_fastrtps_cppExport.cmake
[0.581s] -- Up-to-date: /home/johan/slam/xiaoying_robot/install/serial/share/serial/cmake/export_serial__rosidl_typesupport_fastrtps_cppExport-noconfig.cmake
[0.581s] -- Up-to-date: /home/johan/slam/xiaoying_robot/install/serial/share/serial/cmake/serial__rosidl_typesupport_introspection_cExport.cmake
[0.581s] -- Up-to-date: /home/johan/slam/xiaoying_robot/install/serial/share/serial/cmake/serial__rosidl_typesupport_introspection_cExport-noconfig.cmake
[0.582s] -- Up-to-date: /home/johan/slam/xiaoying_robot/install/serial/share/serial/cmake/serial__rosidl_typesupport_cExport.cmake
[0.582s] -- Up-to-date: /home/johan/slam/xiaoying_robot/install/serial/share/serial/cmake/serial__rosidl_typesupport_cExport-noconfig.cmake
[0.582s] -- Up-to-date: /home/johan/slam/xiaoying_robot/install/serial/share/serial/cmake/serial__rosidl_typesupport_introspection_cppExport.cmake
[0.582s] -- Up-to-date: /home/johan/slam/xiaoying_robot/install/serial/share/serial/cmake/serial__rosidl_typesupport_introspection_cppExport-noconfig.cmake
[0.582s] -- Up-to-date: /home/johan/slam/xiaoying_robot/install/serial/share/serial/cmake/serial__rosidl_typesupport_cppExport.cmake
[0.583s] -- Up-to-date: /home/johan/slam/xiaoying_robot/install/serial/share/serial/cmake/serial__rosidl_typesupport_cppExport-noconfig.cmake
[0.583s] -- Up-to-date: /home/johan/slam/xiaoying_robot/install/serial/share/serial/cmake/export_serial__rosidl_generator_pyExport.cmake
[0.584s] -- Up-to-date: /home/johan/slam/xiaoying_robot/install/serial/share/serial/cmake/export_serial__rosidl_generator_pyExport-noconfig.cmake
[0.584s] -- Up-to-date: /home/johan/slam/xiaoying_robot/install/serial/share/serial/cmake/rosidl_cmake-extras.cmake
[0.585s] -- Up-to-date: /home/johan/slam/xiaoying_robot/install/serial/share/serial/cmake/ament_cmake_export_include_directories-extras.cmake
[0.585s] -- Up-to-date: /home/johan/slam/xiaoying_robot/install/serial/share/serial/cmake/ament_cmake_export_libraries-extras.cmake
[0.585s] -- Up-to-date: /home/johan/slam/xiaoying_robot/install/serial/share/serial/cmake/ament_cmake_export_targets-extras.cmake
[0.585s] -- Up-to-date: /home/johan/slam/xiaoying_robot/install/serial/share/serial/cmake/rosidl_cmake_export_typesupport_targets-extras.cmake
[0.585s] -- Up-to-date: /home/johan/slam/xiaoying_robot/install/serial/share/serial/cmake/ament_cmake_export_dependencies-extras.cmake
[0.585s] -- Up-to-date: /home/johan/slam/xiaoying_robot/install/serial/share/serial/cmake/rosidl_cmake_export_typesupport_libraries-extras.cmake
[0.585s] -- Up-to-date: /home/johan/slam/xiaoying_robot/install/serial/share/serial/cmake/serialConfig.cmake
[0.585s] -- Up-to-date: /home/johan/slam/xiaoying_robot/install/serial/share/serial/cmake/serialConfig-version.cmake
[0.585s] -- Up-to-date: /home/johan/slam/xiaoying_robot/install/serial/share/serial/package.xml
[0.586s] Invoked command in '/home/johan/slam/xiaoying_robot/build/serial' returned '0': CMAKE_PREFIX_PATH=${CMAKE_PREFIX_PATH}:/home/johan/slam/xiaoying_robot/install/auto_pinpoint_robot:/opt/ros/humble /usr/bin/cmake --install /home/johan/slam/xiaoying_robot/build/serial
