-- The C compiler identification is GNU 11.4.0
-- The CXX compiler identification is GNU 11.4.0
-- Detecting C compiler ABI info
-- Detecting C compiler ABI info - done
-- Check for working C compiler: /usr/bin/cc - skipped
-- Detecting C compile features
-- Detecting C compile features - done
-- Detecting CXX compiler ABI info
-- Detecting CXX compiler ABI info - done
-- Check for working CXX compiler: /usr/bin/c++ - skipped
-- Detecting CXX compile features
-- Detecting CXX compile features - done
-- Found ament_cmake: 1.3.9 (/opt/ros/humble/share/ament_cmake/cmake)
-- Found Python3: /usr/bin/python3 (found version "3.10.12") found components: Interpreter 
-- Found rclcpp: 16.0.9 (/opt/ros/humble/share/rclcpp/cmake)
-- Found rosidl_generator_c: 3.1.5 (/opt/ros/humble/share/rosidl_generator_c/cmake)
-- Found rosidl_adapter: 3.1.5 (/opt/ros/humble/share/rosidl_adapter/cmake)
-- Found rosidl_generator_cpp: 3.1.5 (/opt/ros/humble/share/rosidl_generator_cpp/cmake)
-- Using all available rosidl_typesupport_c: rosidl_typesupport_fastrtps_c;rosidl_typesupport_introspection_c
-- Using all available rosidl_typesupport_cpp: rosidl_typesupport_fastrtps_cpp;rosidl_typesupport_introspection_cpp
-- Found rmw_implementation_cmake: 6.1.2 (/opt/ros/humble/share/rmw_implementation_cmake/cmake)
-- Found rmw_fastrtps_cpp: 6.2.6 (/opt/ros/humble/share/rmw_fastrtps_cpp/cmake)
-- Found OpenSSL: /usr/lib/x86_64-linux-gnu/libcrypto.so (found version "3.0.2")  
-- Found FastRTPS: /opt/ros/humble/include  
-- Using RMW implementation 'rmw_fastrtps_cpp' as default
-- Looking for pthread.h
-- Looking for pthread.h - found
-- Performing Test CMAKE_HAVE_LIBC_PTHREAD
-- Performing Test CMAKE_HAVE_LIBC_PTHREAD - Success
-- Found Threads: TRUE  
-- Found geometry_msgs: 4.2.4 (/opt/ros/humble/share/geometry_msgs/cmake)
-- Found rosidl_default_generators: 1.2.0 (/opt/ros/humble/share/rosidl_default_generators/cmake)
-- Found ament_cmake_ros: 0.10.0 (/opt/ros/humble/share/ament_cmake_ros/cmake)
-- Using all available rosidl_typesupport_c: rosidl_typesupport_fastrtps_c;rosidl_typesupport_introspection_c
-- Using all available rosidl_typesupport_cpp: rosidl_typesupport_fastrtps_cpp;rosidl_typesupport_introspection_cpp
-- Found PythonInterp: /usr/bin/python3 (found suitable version "3.10.12", minimum required is "3.6") 
-- Found python_cmake_module: 0.10.0 (/opt/ros/humble/share/python_cmake_module/cmake)
-- Found PythonLibs: /usr/lib/x86_64-linux-gnu/libpython3.10.so (found suitable version "3.10.12", minimum required is "3.5") 
-- Using PYTHON_EXECUTABLE: /usr/bin/python3
-- Using PYTHON_INCLUDE_DIRS: /usr/include/python3.10
-- Using PYTHON_LIBRARIES: /usr/lib/x86_64-linux-gnu/libpython3.10.so
-- Found PythonExtra: .so  
-- Found ament_lint_auto: 0.12.11 (/opt/ros/humble/share/ament_lint_auto/cmake)
-- Configuring done
-- Generating done
-- Build files have been written to: /home/johan/slam/xiaoying_robot/build/serial
[  3%] [34m[1mGenerating C++ code for ROS interfaces[0m
[  6%] [34m[1mGenerating C code for ROS interfaces[0m
[  9%] [32mBuilding CXX object CMakeFiles/serial_node.dir/src/serial_node.cpp.o[0m
[  9%] Built target ament_cmake_python_copy_serial
[  9%] Built target serial__cpp
[ 12%] [34m[1mGenerating C++ introspection for ROS interfaces[0m
[ 18%] [34m[1mGenerating C++ type support dispatch for ROS interfaces[0m
[ 18%] [34m[1mGenerating C++ type support for eProsima Fast-RTPS[0m
[ 21%] [32mBuilding C object CMakeFiles/serial__rosidl_generator_c.dir/rosidl_generator_c/serial/msg/detail/twist__functions.c.o[0m
running egg_info
creating serial.egg-info
writing serial.egg-info/PKG-INFO
writing dependency_links to serial.egg-info/dependency_links.txt
writing top-level names to serial.egg-info/top_level.txt
writing manifest file 'serial.egg-info/SOURCES.txt'
reading manifest file 'serial.egg-info/SOURCES.txt'
writing manifest file 'serial.egg-info/SOURCES.txt'
[ 24%] [32m[1mLinking C shared library libserial__rosidl_generator_c.so[0m
[ 24%] Built target ament_cmake_python_build_serial_egg
[ 24%] Built target serial__rosidl_generator_c
[ 27%] [34m[1mGenerating C type support for eProsima Fast-RTPS[0m
[ 30%] [32mBuilding CXX object CMakeFiles/serial__rosidl_typesupport_introspection_cpp.dir/rosidl_typesupport_introspection_cpp/serial/msg/detail/twist__type_support.cpp.o[0m
[ 33%] [34m[1mGenerating C introspection for ROS interfaces[0m
[ 36%] [34m[1mGenerating C type support dispatch for ROS interfaces[0m
[ 39%] [32mBuilding CXX object CMakeFiles/serial__rosidl_typesupport_cpp.dir/rosidl_typesupport_cpp/serial/msg/twist__type_support.cpp.o[0m
[ 42%] [32mBuilding CXX object CMakeFiles/serial__rosidl_typesupport_fastrtps_cpp.dir/rosidl_typesupport_fastrtps_cpp/serial/msg/detail/dds_fastrtps/twist__type_support.cpp.o[0m
[ 45%] [32mBuilding CXX object CMakeFiles/serial__rosidl_typesupport_c.dir/rosidl_typesupport_c/serial/msg/twist__type_support.cpp.o[0m
[ 48%] [32mBuilding CXX object CMakeFiles/serial__rosidl_typesupport_fastrtps_c.dir/rosidl_typesupport_fastrtps_c/serial/msg/detail/twist__type_support_c.cpp.o[0m
[ 51%] [32m[1mLinking CXX shared library libserial__rosidl_typesupport_c.so[0m
[ 51%] Built target serial__rosidl_typesupport_c
[ 54%] [32mBuilding C object CMakeFiles/serial__rosidl_typesupport_introspection_c.dir/rosidl_typesupport_introspection_c/serial/msg/detail/twist__type_support.c.o[0m
[ 57%] [32m[1mLinking C shared library libserial__rosidl_typesupport_introspection_c.so[0m
[ 57%] Built target serial__rosidl_typesupport_introspection_c
[ 60%] [32m[1mLinking CXX shared library libserial__rosidl_typesupport_cpp.so[0m
[ 60%] Built target serial__rosidl_typesupport_cpp
[ 63%] [32m[1mLinking CXX shared library libserial__rosidl_typesupport_introspection_cpp.so[0m
[ 66%] [32m[1mLinking CXX shared library libserial__rosidl_typesupport_fastrtps_c.so[0m
[ 66%] Built target serial__rosidl_typesupport_introspection_cpp
[ 69%] [32m[1mLinking CXX shared library libserial__rosidl_typesupport_fastrtps_cpp.so[0m
[ 69%] Built target serial__rosidl_typesupport_fastrtps_c
[ 69%] Built target serial__rosidl_typesupport_fastrtps_cpp
[ 69%] Built target serial
[ 72%] [34m[1mGenerating Python code for ROS interfaces[0m
[ 72%] Built target serial__py
[ 75%] [32mBuilding C object CMakeFiles/serial__rosidl_generator_py.dir/rosidl_generator_py/serial/msg/_twist_s.c.o[0m
[ 78%] [32m[1mLinking C shared library rosidl_generator_py/serial/libserial__rosidl_generator_py.so[0m
[ 78%] Built target serial__rosidl_generator_py
[ 81%] [32mBuilding C object CMakeFiles/serial__rosidl_typesupport_fastrtps_c__pyext.dir/rosidl_generator_py/serial/_serial_s.ep.rosidl_typesupport_fastrtps_c.c.o[0m
[ 87%] [32mBuilding C object CMakeFiles/serial__rosidl_typesupport_c__pyext.dir/rosidl_generator_py/serial/_serial_s.ep.rosidl_typesupport_c.c.o[0m
[ 87%] [32mBuilding C object CMakeFiles/serial__rosidl_typesupport_introspection_c__pyext.dir/rosidl_generator_py/serial/_serial_s.ep.rosidl_typesupport_introspection_c.c.o[0m
[ 90%] [32m[1mLinking C shared library rosidl_generator_py/serial/serial_s__rosidl_typesupport_fastrtps_c.cpython-310-x86_64-linux-gnu.so[0m
[ 90%] Built target serial__rosidl_typesupport_fastrtps_c__pyext
[ 93%] [32m[1mLinking C shared library rosidl_generator_py/serial/serial_s__rosidl_typesupport_c.cpython-310-x86_64-linux-gnu.so[0m
[ 96%] [32m[1mLinking C shared library rosidl_generator_py/serial/serial_s__rosidl_typesupport_introspection_c.cpython-310-x86_64-linux-gnu.so[0m
[ 96%] Built target serial__rosidl_typesupport_c__pyext
[ 96%] Built target serial__rosidl_typesupport_introspection_c__pyext
[100%] [32m[1mLinking CXX executable serial_node[0m
[100%] Built target serial_node
-- Install configuration: ""
-- Installing: /home/johan/slam/xiaoying_robot/install/serial/share/ament_index/resource_index/rosidl_interfaces/serial
-- Installing: /home/johan/slam/xiaoying_robot/install/serial/include/serial/serial
-- Installing: /home/johan/slam/xiaoying_robot/install/serial/include/serial/serial/msg
-- Installing: /home/johan/slam/xiaoying_robot/install/serial/include/serial/serial/msg/rosidl_generator_c__visibility_control.h
-- Installing: /home/johan/slam/xiaoying_robot/install/serial/include/serial/serial/msg/detail
-- Installing: /home/johan/slam/xiaoying_robot/install/serial/include/serial/serial/msg/detail/twist__struct.h
-- Installing: /home/johan/slam/xiaoying_robot/install/serial/include/serial/serial/msg/detail/twist__type_support.h
-- Installing: /home/johan/slam/xiaoying_robot/install/serial/include/serial/serial/msg/detail/twist__functions.c
-- Installing: /home/johan/slam/xiaoying_robot/install/serial/include/serial/serial/msg/detail/twist__functions.h
-- Installing: /home/johan/slam/xiaoying_robot/install/serial/include/serial/serial/msg/twist.h
-- Installing: /home/johan/slam/xiaoying_robot/install/serial/share/serial/environment/library_path.sh
-- Installing: /home/johan/slam/xiaoying_robot/install/serial/share/serial/environment/library_path.dsv
-- Installing: /home/johan/slam/xiaoying_robot/install/serial/lib/libserial__rosidl_generator_c.so
-- Set runtime path of "/home/johan/slam/xiaoying_robot/install/serial/lib/libserial__rosidl_generator_c.so" to ""
-- Up-to-date: /home/johan/slam/xiaoying_robot/install/serial/include/serial/serial
-- Up-to-date: /home/johan/slam/xiaoying_robot/install/serial/include/serial/serial/msg
-- Installing: /home/johan/slam/xiaoying_robot/install/serial/include/serial/serial/msg/rosidl_typesupport_fastrtps_c__visibility_control.h
-- Up-to-date: /home/johan/slam/xiaoying_robot/install/serial/include/serial/serial/msg/detail
-- Installing: /home/johan/slam/xiaoying_robot/install/serial/include/serial/serial/msg/detail/twist__rosidl_typesupport_fastrtps_c.h
-- Installing: /home/johan/slam/xiaoying_robot/install/serial/lib/libserial__rosidl_typesupport_fastrtps_c.so
-- Set runtime path of "/home/johan/slam/xiaoying_robot/install/serial/lib/libserial__rosidl_typesupport_fastrtps_c.so" to ""
-- Up-to-date: /home/johan/slam/xiaoying_robot/install/serial/include/serial/serial
-- Up-to-date: /home/johan/slam/xiaoying_robot/install/serial/include/serial/serial/msg
-- Installing: /home/johan/slam/xiaoying_robot/install/serial/include/serial/serial/msg/twist.hpp
-- Up-to-date: /home/johan/slam/xiaoying_robot/install/serial/include/serial/serial/msg/detail
-- Installing: /home/johan/slam/xiaoying_robot/install/serial/include/serial/serial/msg/detail/twist__traits.hpp
-- Installing: /home/johan/slam/xiaoying_robot/install/serial/include/serial/serial/msg/detail/twist__builder.hpp
-- Installing: /home/johan/slam/xiaoying_robot/install/serial/include/serial/serial/msg/detail/twist__struct.hpp
-- Up-to-date: /home/johan/slam/xiaoying_robot/install/serial/include/serial/serial
-- Up-to-date: /home/johan/slam/xiaoying_robot/install/serial/include/serial/serial/msg
-- Installing: /home/johan/slam/xiaoying_robot/install/serial/include/serial/serial/msg/rosidl_typesupport_fastrtps_cpp__visibility_control.h
-- Up-to-date: /home/johan/slam/xiaoying_robot/install/serial/include/serial/serial/msg/detail
-- Installing: /home/johan/slam/xiaoying_robot/install/serial/include/serial/serial/msg/detail/dds_fastrtps
-- Installing: /home/johan/slam/xiaoying_robot/install/serial/include/serial/serial/msg/detail/twist__rosidl_typesupport_fastrtps_cpp.hpp
-- Installing: /home/johan/slam/xiaoying_robot/install/serial/lib/libserial__rosidl_typesupport_fastrtps_cpp.so
-- Set runtime path of "/home/johan/slam/xiaoying_robot/install/serial/lib/libserial__rosidl_typesupport_fastrtps_cpp.so" to ""
-- Up-to-date: /home/johan/slam/xiaoying_robot/install/serial/include/serial/serial
-- Up-to-date: /home/johan/slam/xiaoying_robot/install/serial/include/serial/serial/msg
-- Installing: /home/johan/slam/xiaoying_robot/install/serial/include/serial/serial/msg/rosidl_typesupport_introspection_c__visibility_control.h
-- Up-to-date: /home/johan/slam/xiaoying_robot/install/serial/include/serial/serial/msg/detail
-- Installing: /home/johan/slam/xiaoying_robot/install/serial/include/serial/serial/msg/detail/twist__rosidl_typesupport_introspection_c.h
-- Installing: /home/johan/slam/xiaoying_robot/install/serial/include/serial/serial/msg/detail/twist__type_support.c
-- Installing: /home/johan/slam/xiaoying_robot/install/serial/lib/libserial__rosidl_typesupport_introspection_c.so
-- Set runtime path of "/home/johan/slam/xiaoying_robot/install/serial/lib/libserial__rosidl_typesupport_introspection_c.so" to ""
-- Installing: /home/johan/slam/xiaoying_robot/install/serial/lib/libserial__rosidl_typesupport_c.so
-- Set runtime path of "/home/johan/slam/xiaoying_robot/install/serial/lib/libserial__rosidl_typesupport_c.so" to ""
-- Up-to-date: /home/johan/slam/xiaoying_robot/install/serial/include/serial/serial
-- Up-to-date: /home/johan/slam/xiaoying_robot/install/serial/include/serial/serial/msg
-- Up-to-date: /home/johan/slam/xiaoying_robot/install/serial/include/serial/serial/msg/detail
-- Installing: /home/johan/slam/xiaoying_robot/install/serial/include/serial/serial/msg/detail/twist__type_support.cpp
-- Installing: /home/johan/slam/xiaoying_robot/install/serial/include/serial/serial/msg/detail/twist__rosidl_typesupport_introspection_cpp.hpp
-- Installing: /home/johan/slam/xiaoying_robot/install/serial/lib/libserial__rosidl_typesupport_introspection_cpp.so
-- Set runtime path of "/home/johan/slam/xiaoying_robot/install/serial/lib/libserial__rosidl_typesupport_introspection_cpp.so" to ""
-- Installing: /home/johan/slam/xiaoying_robot/install/serial/lib/libserial__rosidl_typesupport_cpp.so
-- Set runtime path of "/home/johan/slam/xiaoying_robot/install/serial/lib/libserial__rosidl_typesupport_cpp.so" to ""
-- Installing: /home/johan/slam/xiaoying_robot/install/serial/share/serial/environment/pythonpath.sh
-- Installing: /home/johan/slam/xiaoying_robot/install/serial/share/serial/environment/pythonpath.dsv
-- Installing: /home/johan/slam/xiaoying_robot/install/serial/local/lib/python3.10/dist-packages/serial-0.0.0-py3.10.egg-info
-- Installing: /home/johan/slam/xiaoying_robot/install/serial/local/lib/python3.10/dist-packages/serial-0.0.0-py3.10.egg-info/dependency_links.txt
-- Installing: /home/johan/slam/xiaoying_robot/install/serial/local/lib/python3.10/dist-packages/serial-0.0.0-py3.10.egg-info/top_level.txt
-- Installing: /home/johan/slam/xiaoying_robot/install/serial/local/lib/python3.10/dist-packages/serial-0.0.0-py3.10.egg-info/SOURCES.txt
-- Installing: /home/johan/slam/xiaoying_robot/install/serial/local/lib/python3.10/dist-packages/serial-0.0.0-py3.10.egg-info/PKG-INFO
-- Installing: /home/johan/slam/xiaoying_robot/install/serial/local/lib/python3.10/dist-packages/serial
-- Installing: /home/johan/slam/xiaoying_robot/install/serial/local/lib/python3.10/dist-packages/serial/_serial_s.ep.rosidl_typesupport_c.c
-- Installing: /home/johan/slam/xiaoying_robot/install/serial/local/lib/python3.10/dist-packages/serial/__init__.py
-- Installing: /home/johan/slam/xiaoying_robot/install/serial/local/lib/python3.10/dist-packages/serial/_serial_s.ep.rosidl_typesupport_fastrtps_c.c
-- Installing: /home/johan/slam/xiaoying_robot/install/serial/local/lib/python3.10/dist-packages/serial/libserial__rosidl_generator_py.so
-- Installing: /home/johan/slam/xiaoying_robot/install/serial/local/lib/python3.10/dist-packages/serial/_serial_s.ep.rosidl_typesupport_introspection_c.c
-- Installing: /home/johan/slam/xiaoying_robot/install/serial/local/lib/python3.10/dist-packages/serial/serial_s__rosidl_typesupport_introspection_c.cpython-310-x86_64-linux-gnu.so
-- Installing: /home/johan/slam/xiaoying_robot/install/serial/local/lib/python3.10/dist-packages/serial/serial_s__rosidl_typesupport_fastrtps_c.cpython-310-x86_64-linux-gnu.so
-- Installing: /home/johan/slam/xiaoying_robot/install/serial/local/lib/python3.10/dist-packages/serial/msg
-- Installing: /home/johan/slam/xiaoying_robot/install/serial/local/lib/python3.10/dist-packages/serial/msg/__init__.py
-- Installing: /home/johan/slam/xiaoying_robot/install/serial/local/lib/python3.10/dist-packages/serial/msg/_twist_s.c
-- Installing: /home/johan/slam/xiaoying_robot/install/serial/local/lib/python3.10/dist-packages/serial/msg/_twist.py
-- Installing: /home/johan/slam/xiaoying_robot/install/serial/local/lib/python3.10/dist-packages/serial/serial_s__rosidl_typesupport_c.cpython-310-x86_64-linux-gnu.so
Listing '/home/johan/slam/xiaoying_robot/install/serial/local/lib/python3.10/dist-packages/serial'...
Compiling '/home/johan/slam/xiaoying_robot/install/serial/local/lib/python3.10/dist-packages/serial/__init__.py'...
Listing '/home/johan/slam/xiaoying_robot/install/serial/local/lib/python3.10/dist-packages/serial/msg'...
Compiling '/home/johan/slam/xiaoying_robot/install/serial/local/lib/python3.10/dist-packages/serial/msg/__init__.py'...
Compiling '/home/johan/slam/xiaoying_robot/install/serial/local/lib/python3.10/dist-packages/serial/msg/_twist.py'...
-- Installing: /home/johan/slam/xiaoying_robot/install/serial/local/lib/python3.10/dist-packages/serial/serial_s__rosidl_typesupport_fastrtps_c.cpython-310-x86_64-linux-gnu.so
-- Set runtime path of "/home/johan/slam/xiaoying_robot/install/serial/local/lib/python3.10/dist-packages/serial/serial_s__rosidl_typesupport_fastrtps_c.cpython-310-x86_64-linux-gnu.so" to ""
-- Installing: /home/johan/slam/xiaoying_robot/install/serial/local/lib/python3.10/dist-packages/serial/serial_s__rosidl_typesupport_introspection_c.cpython-310-x86_64-linux-gnu.so
-- Set runtime path of "/home/johan/slam/xiaoying_robot/install/serial/local/lib/python3.10/dist-packages/serial/serial_s__rosidl_typesupport_introspection_c.cpython-310-x86_64-linux-gnu.so" to ""
-- Installing: /home/johan/slam/xiaoying_robot/install/serial/local/lib/python3.10/dist-packages/serial/serial_s__rosidl_typesupport_c.cpython-310-x86_64-linux-gnu.so
-- Set runtime path of "/home/johan/slam/xiaoying_robot/install/serial/local/lib/python3.10/dist-packages/serial/serial_s__rosidl_typesupport_c.cpython-310-x86_64-linux-gnu.so" to ""
-- Installing: /home/johan/slam/xiaoying_robot/install/serial/lib/libserial__rosidl_generator_py.so
-- Set runtime path of "/home/johan/slam/xiaoying_robot/install/serial/lib/libserial__rosidl_generator_py.so" to ""
-- Installing: /home/johan/slam/xiaoying_robot/install/serial/share/serial/msg/Twist.idl
-- Installing: /home/johan/slam/xiaoying_robot/install/serial/share/serial/msg/Twist.msg
-- Installing: /home/johan/slam/xiaoying_robot/install/serial/lib/serial/serial_node
-- Set runtime path of "/home/johan/slam/xiaoying_robot/install/serial/lib/serial/serial_node" to ""
-- Installing: /home/johan/slam/xiaoying_robot/install/serial/share/serial/launch
-- Installing: /home/johan/slam/xiaoying_robot/install/serial/share/serial/launch/serial_node.launch.py
-- Installing: /home/johan/slam/xiaoying_robot/install/serial/share/ament_index/resource_index/package_run_dependencies/serial
-- Installing: /home/johan/slam/xiaoying_robot/install/serial/share/ament_index/resource_index/parent_prefix_path/serial
-- Installing: /home/johan/slam/xiaoying_robot/install/serial/share/serial/environment/ament_prefix_path.sh
-- Installing: /home/johan/slam/xiaoying_robot/install/serial/share/serial/environment/ament_prefix_path.dsv
-- Installing: /home/johan/slam/xiaoying_robot/install/serial/share/serial/environment/path.sh
-- Installing: /home/johan/slam/xiaoying_robot/install/serial/share/serial/environment/path.dsv
-- Installing: /home/johan/slam/xiaoying_robot/install/serial/share/serial/local_setup.bash
-- Installing: /home/johan/slam/xiaoying_robot/install/serial/share/serial/local_setup.sh
-- Installing: /home/johan/slam/xiaoying_robot/install/serial/share/serial/local_setup.zsh
-- Installing: /home/johan/slam/xiaoying_robot/install/serial/share/serial/local_setup.dsv
-- Installing: /home/johan/slam/xiaoying_robot/install/serial/share/serial/package.dsv
-- Installing: /home/johan/slam/xiaoying_robot/install/serial/share/ament_index/resource_index/packages/serial
-- Installing: /home/johan/slam/xiaoying_robot/install/serial/share/serial/cmake/export_serial__rosidl_generator_cExport.cmake
-- Installing: /home/johan/slam/xiaoying_robot/install/serial/share/serial/cmake/export_serial__rosidl_generator_cExport-noconfig.cmake
-- Installing: /home/johan/slam/xiaoying_robot/install/serial/share/serial/cmake/export_serial__rosidl_typesupport_fastrtps_cExport.cmake
-- Installing: /home/johan/slam/xiaoying_robot/install/serial/share/serial/cmake/export_serial__rosidl_typesupport_fastrtps_cExport-noconfig.cmake
-- Installing: /home/johan/slam/xiaoying_robot/install/serial/share/serial/cmake/export_serial__rosidl_generator_cppExport.cmake
-- Installing: /home/johan/slam/xiaoying_robot/install/serial/share/serial/cmake/export_serial__rosidl_typesupport_fastrtps_cppExport.cmake
-- Installing: /home/johan/slam/xiaoying_robot/install/serial/share/serial/cmake/export_serial__rosidl_typesupport_fastrtps_cppExport-noconfig.cmake
-- Installing: /home/johan/slam/xiaoying_robot/install/serial/share/serial/cmake/serial__rosidl_typesupport_introspection_cExport.cmake
-- Installing: /home/johan/slam/xiaoying_robot/install/serial/share/serial/cmake/serial__rosidl_typesupport_introspection_cExport-noconfig.cmake
-- Installing: /home/johan/slam/xiaoying_robot/install/serial/share/serial/cmake/serial__rosidl_typesupport_cExport.cmake
-- Installing: /home/johan/slam/xiaoying_robot/install/serial/share/serial/cmake/serial__rosidl_typesupport_cExport-noconfig.cmake
-- Installing: /home/johan/slam/xiaoying_robot/install/serial/share/serial/cmake/serial__rosidl_typesupport_introspection_cppExport.cmake
-- Installing: /home/johan/slam/xiaoying_robot/install/serial/share/serial/cmake/serial__rosidl_typesupport_introspection_cppExport-noconfig.cmake
-- Installing: /home/johan/slam/xiaoying_robot/install/serial/share/serial/cmake/serial__rosidl_typesupport_cppExport.cmake
-- Installing: /home/johan/slam/xiaoying_robot/install/serial/share/serial/cmake/serial__rosidl_typesupport_cppExport-noconfig.cmake
-- Installing: /home/johan/slam/xiaoying_robot/install/serial/share/serial/cmake/export_serial__rosidl_generator_pyExport.cmake
-- Installing: /home/johan/slam/xiaoying_robot/install/serial/share/serial/cmake/export_serial__rosidl_generator_pyExport-noconfig.cmake
-- Installing: /home/johan/slam/xiaoying_robot/install/serial/share/serial/cmake/rosidl_cmake-extras.cmake
-- Installing: /home/johan/slam/xiaoying_robot/install/serial/share/serial/cmake/ament_cmake_export_include_directories-extras.cmake
-- Installing: /home/johan/slam/xiaoying_robot/install/serial/share/serial/cmake/ament_cmake_export_libraries-extras.cmake
-- Installing: /home/johan/slam/xiaoying_robot/install/serial/share/serial/cmake/ament_cmake_export_targets-extras.cmake
-- Installing: /home/johan/slam/xiaoying_robot/install/serial/share/serial/cmake/rosidl_cmake_export_typesupport_targets-extras.cmake
-- Installing: /home/johan/slam/xiaoying_robot/install/serial/share/serial/cmake/ament_cmake_export_dependencies-extras.cmake
-- Installing: /home/johan/slam/xiaoying_robot/install/serial/share/serial/cmake/rosidl_cmake_export_typesupport_libraries-extras.cmake
-- Installing: /home/johan/slam/xiaoying_robot/install/serial/share/serial/cmake/serialConfig.cmake
-- Installing: /home/johan/slam/xiaoying_robot/install/serial/share/serial/cmake/serialConfig-version.cmake
-- Installing: /home/johan/slam/xiaoying_robot/install/serial/share/serial/package.xml
