[0.179s] Invoking command in '/home/johan/slam/xiaoying_robot/build/rm_navigation': CMAKE_PREFIX_PATH=/opt/ros/humble /usr/bin/cmake /home/johan/slam/xiaoying_robot/src/navigation -DCMAKE_INSTALL_PREFIX=/home/johan/slam/xiaoying_robot/install/rm_navigation
[0.224s] -- The C compiler identification is GNU 11.4.0
[0.267s] -- The CXX compiler identification is GNU 11.4.0
[0.274s] -- Detecting C compiler ABI info
[0.322s] -- Detecting C compiler ABI info - done
[0.327s] -- Check for working C compiler: /usr/bin/cc - skipped
[0.327s] -- Detecting C compile features
[0.328s] -- Detecting C compile features - done
[0.330s] -- Detecting CXX compiler ABI info
[0.388s] -- Detecting CXX compiler ABI info - done
[0.394s] -- Check for working CXX compiler: /usr/bin/c++ - skipped
[0.395s] -- Detecting CXX compile features
[0.395s] -- Detecting CXX compile features - done
[0.397s] -- Found ament_cmake_auto: 1.3.9 (/opt/ros/humble/share/ament_cmake_auto/cmake)
[0.508s] -- Found Python3: /usr/bin/python3 (found version "3.10.12") found components: Interpreter 
[0.583s] -- Found ament_lint_auto: 0.12.11 (/opt/ros/humble/share/ament_lint_auto/cmake)
[0.634s] -- Added test 'flake8' to check Python code syntax and style conventions
[0.635s] -- Added test 'lint_cmake' to check CMake code style
[0.635s] -- Added test 'pep257' to check Python code against some of the docstring style conventions in PEP 257
[0.636s] -- Added test 'xmllint' to check XML markup files
[0.636s] -- Configuring done
[0.638s] -- Generating done
[0.638s] -- Build files have been written to: /home/johan/slam/xiaoying_robot/build/rm_navigation
[0.642s] Invoked command in '/home/johan/slam/xiaoying_robot/build/rm_navigation' returned '0': CMAKE_PREFIX_PATH=/opt/ros/humble /usr/bin/cmake /home/johan/slam/xiaoying_robot/src/navigation -DCMAKE_INSTALL_PREFIX=/home/johan/slam/xiaoying_robot/install/rm_navigation
[0.643s] Invoking command in '/home/johan/slam/xiaoying_robot/build/rm_navigation': CMAKE_PREFIX_PATH=/opt/ros/humble /usr/bin/cmake --build /home/johan/slam/xiaoying_robot/build/rm_navigation -- -j16 -l16
[0.669s] Invoked command in '/home/johan/slam/xiaoying_robot/build/rm_navigation' returned '0': CMAKE_PREFIX_PATH=/opt/ros/humble /usr/bin/cmake --build /home/johan/slam/xiaoying_robot/build/rm_navigation -- -j16 -l16
[0.690s] Invoking command in '/home/johan/slam/xiaoying_robot/build/rm_navigation': CMAKE_PREFIX_PATH=/opt/ros/humble /usr/bin/cmake --install /home/johan/slam/xiaoying_robot/build/rm_navigation
[0.695s] -- Install configuration: ""
[0.695s] -- Installing: /home/johan/slam/xiaoying_robot/install/rm_navigation/share/rm_navigation/params
[0.695s] -- Installing: /home/johan/slam/xiaoying_robot/install/rm_navigation/share/rm_navigation/params/mapper_params_online_async.yaml
[0.696s] -- Installing: /home/johan/slam/xiaoying_robot/install/rm_navigation/share/rm_navigation/params/nav2_params.yaml
[0.696s] -- Installing: /home/johan/slam/xiaoying_robot/install/rm_navigation/share/rm_navigation/launch
[0.696s] -- Installing: /home/johan/slam/xiaoying_robot/install/rm_navigation/share/rm_navigation/launch/online_async_launch.py
[0.696s] -- Installing: /home/johan/slam/xiaoying_robot/install/rm_navigation/share/rm_navigation/launch/rviz_launch.py
[0.696s] -- Installing: /home/johan/slam/xiaoying_robot/install/rm_navigation/share/rm_navigation/launch/bringup_launch.py
[0.696s] -- Installing: /home/johan/slam/xiaoying_robot/install/rm_navigation/share/rm_navigation/launch/navigation_launch.py
[0.696s] -- Installing: /home/johan/slam/xiaoying_robot/install/rm_navigation/share/rm_navigation/launch/localization_launch.py
[0.696s] -- Installing: /home/johan/slam/xiaoying_robot/install/rm_navigation/share/rm_navigation/launch/bringup_no_amcl_launch.py
[0.697s] -- Installing: /home/johan/slam/xiaoying_robot/install/rm_navigation/share/rm_navigation/launch/slam_launch.py
[0.697s] -- Installing: /home/johan/slam/xiaoying_robot/install/rm_navigation/share/rm_navigation/map
[0.697s] -- Installing: /home/johan/slam/xiaoying_robot/install/rm_navigation/share/rm_navigation/map/map1234.yaml
[0.697s] -- Installing: /home/johan/slam/xiaoying_robot/install/rm_navigation/share/rm_navigation/map/map1234.pgm
[0.697s] -- Installing: /home/johan/slam/xiaoying_robot/install/rm_navigation/share/ament_index/resource_index/package_run_dependencies/rm_navigation
[0.697s] -- Installing: /home/johan/slam/xiaoying_robot/install/rm_navigation/share/ament_index/resource_index/parent_prefix_path/rm_navigation
[0.697s] -- Installing: /home/johan/slam/xiaoying_robot/install/rm_navigation/share/rm_navigation/environment/ament_prefix_path.sh
[0.697s] -- Installing: /home/johan/slam/xiaoying_robot/install/rm_navigation/share/rm_navigation/environment/ament_prefix_path.dsv
[0.697s] -- Installing: /home/johan/slam/xiaoying_robot/install/rm_navigation/share/rm_navigation/environment/path.sh
[0.697s] -- Installing: /home/johan/slam/xiaoying_robot/install/rm_navigation/share/rm_navigation/environment/path.dsv
[0.697s] -- Installing: /home/johan/slam/xiaoying_robot/install/rm_navigation/share/rm_navigation/local_setup.bash
[0.698s] -- Installing: /home/johan/slam/xiaoying_robot/install/rm_navigation/share/rm_navigation/local_setup.sh
[0.698s] -- Installing: /home/johan/slam/xiaoying_robot/install/rm_navigation/share/rm_navigation/local_setup.zsh
[0.698s] -- Installing: /home/johan/slam/xiaoying_robot/install/rm_navigation/share/rm_navigation/local_setup.dsv
[0.698s] -- Installing: /home/johan/slam/xiaoying_robot/install/rm_navigation/share/rm_navigation/package.dsv
[0.698s] -- Installing: /home/johan/slam/xiaoying_robot/install/rm_navigation/share/ament_index/resource_index/packages/rm_navigation
[0.698s] -- Installing: /home/johan/slam/xiaoying_robot/install/rm_navigation/share/rm_navigation/cmake/rm_navigationConfig.cmake
[0.699s] -- Installing: /home/johan/slam/xiaoying_robot/install/rm_navigation/share/rm_navigation/cmake/rm_navigationConfig-version.cmake
[0.699s] -- Installing: /home/johan/slam/xiaoying_robot/install/rm_navigation/share/rm_navigation/package.xml
[0.699s] Invoked command in '/home/johan/slam/xiaoying_robot/build/rm_navigation' returned '0': CMAKE_PREFIX_PATH=/opt/ros/humble /usr/bin/cmake --install /home/johan/slam/xiaoying_robot/build/rm_navigation
