[0.178s] Invoking command in '/home/johan/slam/xiaoying_robot/build/pointcloud_to_laserscan': CMAKE_PREFIX_PATH=/opt/ros/humble /usr/bin/cmake /home/johan/slam/xiaoying_robot/src/perception/pointcloud_to_laserscan -DCMAKE_INSTALL_PREFIX=/home/johan/slam/xiaoying_robot/install/pointcloud_to_laserscan
[0.236s] -- The C compiler identification is GNU 11.4.0
[0.289s] -- The CXX compiler identification is GNU 11.4.0
[0.297s] -- Detecting C compiler ABI info
[0.348s] -- Detecting C compiler ABI info - done
[0.353s] -- Check for working C compiler: /usr/bin/cc - skipped
[0.353s] -- Detecting C compile features
[0.354s] -- Detecting C compile features - done
[0.356s] -- Detecting CXX compiler ABI info
[0.409s] -- Detecting CXX compiler ABI info - done
[0.419s] -- Check for working CXX compiler: /usr/bin/c++ - skipped
[0.419s] -- Detecting CXX compile features
[0.419s] -- Detecting CXX compile features - done
[0.422s] -- Found ament_cmake_auto: 1.3.9 (/opt/ros/humble/share/ament_cmake_auto/cmake)
[0.557s] -- Found Python3: /usr/bin/python3 (found version "3.10.12") found components: Interpreter 
[0.690s] -- Found rosidl_generator_c: 3.1.5 (/opt/ros/humble/share/rosidl_generator_c/cmake)
[0.693s] -- Found rosidl_adapter: 3.1.5 (/opt/ros/humble/share/rosidl_adapter/cmake)
[0.700s] -- Found rosidl_generator_cpp: 3.1.5 (/opt/ros/humble/share/rosidl_generator_cpp/cmake)
[0.708s] -- Using all available rosidl_typesupport_c: rosidl_typesupport_fastrtps_c;rosidl_typesupport_introspection_c
[0.720s] -- Using all available rosidl_typesupport_cpp: rosidl_typesupport_fastrtps_cpp;rosidl_typesupport_introspection_cpp
[0.768s] -- Found rmw_implementation_cmake: 6.1.2 (/opt/ros/humble/share/rmw_implementation_cmake/cmake)
[0.770s] -- Found rmw_fastrtps_cpp: 6.2.6 (/opt/ros/humble/share/rmw_fastrtps_cpp/cmake)
[0.843s] -- Found OpenSSL: /usr/lib/x86_64-linux-gnu/libcrypto.so (found version "3.0.2")  
[0.872s] -- Found FastRTPS: /opt/ros/humble/include  
[0.922s] -- Using RMW implementation 'rmw_fastrtps_cpp' as default
[0.934s] -- Looking for pthread.h
[0.988s] -- Looking for pthread.h - found
[0.988s] -- Performing Test CMAKE_HAVE_LIBC_PTHREAD
[1.042s] -- Performing Test CMAKE_HAVE_LIBC_PTHREAD - Success
[1.043s] -- Found Threads: TRUE  
[1.557s] -- Found ament_lint_auto: 0.12.11 (/opt/ros/humble/share/ament_lint_auto/cmake)
[1.569s] -- Added test 'cppcheck' to perform static code analysis on C / C++ code
[1.570s] -- Configured cppcheck include dirs: /home/johan/slam/xiaoying_robot/src/perception/pointcloud_to_laserscan/include
[1.570s] -- Configured cppcheck exclude dirs and/or files: 
[1.571s] -- Added test 'cpplint' to check C / C++ code against the Google style
[1.571s] -- Configured cpplint exclude dirs and/or files: 
[1.571s] -- Added test 'flake8' to check Python code syntax and style conventions
[1.572s] -- Added test 'lint_cmake' to check CMake code style
[1.572s] -- Added test 'pep257' to check Python code against some of the docstring style conventions in PEP 257
[1.573s] -- Added test 'uncrustify' to check C / C++ code style
[1.573s] -- Configured uncrustify additional arguments: 
[1.574s] -- Added test 'xmllint' to check XML markup files
[1.576s] -- Configuring done
[1.602s] -- Generating done
[1.604s] -- Build files have been written to: /home/johan/slam/xiaoying_robot/build/pointcloud_to_laserscan
[1.613s] Invoked command in '/home/johan/slam/xiaoying_robot/build/pointcloud_to_laserscan' returned '0': CMAKE_PREFIX_PATH=/opt/ros/humble /usr/bin/cmake /home/johan/slam/xiaoying_robot/src/perception/pointcloud_to_laserscan -DCMAKE_INSTALL_PREFIX=/home/johan/slam/xiaoying_robot/install/pointcloud_to_laserscan
[1.615s] Invoking command in '/home/johan/slam/xiaoying_robot/build/pointcloud_to_laserscan': CMAKE_PREFIX_PATH=/opt/ros/humble /usr/bin/cmake --build /home/johan/slam/xiaoying_robot/build/pointcloud_to_laserscan -- -j16 -l16
[1.664s] [ 10%] [32mBuilding CXX object CMakeFiles/laserscan_to_pointcloud.dir/src/laserscan_to_pointcloud_node.cpp.o[0m
[1.667s] [ 20%] [32mBuilding CXX object CMakeFiles/pointcloud_to_laserscan_node.dir/rclcpp_components/node_main_pointcloud_to_laserscan_node.cpp.o[0m
[1.668s] [ 30%] [32mBuilding CXX object CMakeFiles/laserscan_to_pointcloud_node.dir/rclcpp_components/node_main_laserscan_to_pointcloud_node.cpp.o[0m
[5.449s] [ 40%] [32m[1mLinking CXX executable laserscan_to_pointcloud_node[0m
[5.641s] [ 40%] Built target laserscan_to_pointcloud_node
[6.462s] [ 50%] [32m[1mLinking CXX executable pointcloud_to_laserscan_node[0m
[6.734s] [ 50%] Built target pointcloud_to_laserscan_node
[15.722s] [ 60%] [32m[1mLinking CXX shared library liblaserscan_to_pointcloud.so[0m
[15.837s] [ 60%] Built target laserscan_to_pointcloud
[15.851s] [ 70%] [32mBuilding CXX object CMakeFiles/pointcloud_to_laserscan.dir/src/pointcloud_to_laserscan_node.cpp.o[0m
[25.709s] [ 80%] [32m[1mLinking CXX shared library libpointcloud_to_laserscan.so[0m
[25.838s] [ 80%] Built target pointcloud_to_laserscan
[25.864s] [ 90%] [32mBuilding CXX object CMakeFiles/dummy_pointcloud_publisher.dir/src/dummy_pointcloud_publisher.cpp.o[0m
[29.649s] [100%] [32m[1mLinking CXX executable dummy_pointcloud_publisher[0m
[29.747s] [100%] Built target dummy_pointcloud_publisher
[29.756s] Invoked command in '/home/johan/slam/xiaoying_robot/build/pointcloud_to_laserscan' returned '0': CMAKE_PREFIX_PATH=/opt/ros/humble /usr/bin/cmake --build /home/johan/slam/xiaoying_robot/build/pointcloud_to_laserscan -- -j16 -l16
[29.782s] Invoking command in '/home/johan/slam/xiaoying_robot/build/pointcloud_to_laserscan': CMAKE_PREFIX_PATH=/opt/ros/humble /usr/bin/cmake --install /home/johan/slam/xiaoying_robot/build/pointcloud_to_laserscan
[29.788s] -- Install configuration: ""
[29.788s] -- Installing: /home/johan/slam/xiaoying_robot/install/pointcloud_to_laserscan/lib/pointcloud_to_laserscan/laserscan_to_pointcloud_node
[29.788s] -- Set runtime path of "/home/johan/slam/xiaoying_robot/install/pointcloud_to_laserscan/lib/pointcloud_to_laserscan/laserscan_to_pointcloud_node" to ""
[29.788s] -- Installing: /home/johan/slam/xiaoying_robot/install/pointcloud_to_laserscan/lib/pointcloud_to_laserscan/pointcloud_to_laserscan_node
[29.788s] -- Set runtime path of "/home/johan/slam/xiaoying_robot/install/pointcloud_to_laserscan/lib/pointcloud_to_laserscan/pointcloud_to_laserscan_node" to ""
[29.788s] -- Installing: /home/johan/slam/xiaoying_robot/install/pointcloud_to_laserscan/include
[29.788s] -- Installing: /home/johan/slam/xiaoying_robot/install/pointcloud_to_laserscan/include/pointcloud_to_laserscan
[29.788s] -- Installing: /home/johan/slam/xiaoying_robot/install/pointcloud_to_laserscan/include/pointcloud_to_laserscan/pointcloud_to_laserscan_node.hpp
[29.789s] -- Installing: /home/johan/slam/xiaoying_robot/install/pointcloud_to_laserscan/include/pointcloud_to_laserscan/visibility_control.h
[29.789s] -- Installing: /home/johan/slam/xiaoying_robot/install/pointcloud_to_laserscan/include/pointcloud_to_laserscan/laserscan_to_pointcloud_node.hpp
[29.789s] -- Installing: /home/johan/slam/xiaoying_robot/install/pointcloud_to_laserscan/share/pointcloud_to_laserscan/environment/library_path.sh
[29.789s] -- Installing: /home/johan/slam/xiaoying_robot/install/pointcloud_to_laserscan/share/pointcloud_to_laserscan/environment/library_path.dsv
[29.789s] -- Installing: /home/johan/slam/xiaoying_robot/install/pointcloud_to_laserscan/lib/liblaserscan_to_pointcloud.so
[29.790s] -- Set runtime path of "/home/johan/slam/xiaoying_robot/install/pointcloud_to_laserscan/lib/liblaserscan_to_pointcloud.so" to ""
[29.790s] -- Installing: /home/johan/slam/xiaoying_robot/install/pointcloud_to_laserscan/lib/libpointcloud_to_laserscan.so
[29.791s] -- Set runtime path of "/home/johan/slam/xiaoying_robot/install/pointcloud_to_laserscan/lib/libpointcloud_to_laserscan.so" to ""
[29.791s] -- Installing: /home/johan/slam/xiaoying_robot/install/pointcloud_to_laserscan/lib/pointcloud_to_laserscan/dummy_pointcloud_publisher
[29.791s] -- Set runtime path of "/home/johan/slam/xiaoying_robot/install/pointcloud_to_laserscan/lib/pointcloud_to_laserscan/dummy_pointcloud_publisher" to ""
[29.791s] -- Installing: /home/johan/slam/xiaoying_robot/install/pointcloud_to_laserscan/share/pointcloud_to_laserscan/launch
[29.791s] -- Installing: /home/johan/slam/xiaoying_robot/install/pointcloud_to_laserscan/share/pointcloud_to_laserscan/launch/sample_pointcloud_to_laserscan_launch.py
[29.791s] -- Installing: /home/johan/slam/xiaoying_robot/install/pointcloud_to_laserscan/share/pointcloud_to_laserscan/launch/sample_laserscan_to_pointcloud_launch.py
[29.791s] -- Installing: /home/johan/slam/xiaoying_robot/install/pointcloud_to_laserscan/share/pointcloud_to_laserscan/launch/pointcloud_to_laserscan_launch.py
[29.791s] -- Installing: /home/johan/slam/xiaoying_robot/install/pointcloud_to_laserscan/share/ament_index/resource_index/package_run_dependencies/pointcloud_to_laserscan
[29.791s] -- Installing: /home/johan/slam/xiaoying_robot/install/pointcloud_to_laserscan/share/ament_index/resource_index/parent_prefix_path/pointcloud_to_laserscan
[29.791s] -- Installing: /home/johan/slam/xiaoying_robot/install/pointcloud_to_laserscan/share/pointcloud_to_laserscan/environment/ament_prefix_path.sh
[29.791s] -- Installing: /home/johan/slam/xiaoying_robot/install/pointcloud_to_laserscan/share/pointcloud_to_laserscan/environment/ament_prefix_path.dsv
[29.791s] -- Installing: /home/johan/slam/xiaoying_robot/install/pointcloud_to_laserscan/share/pointcloud_to_laserscan/environment/path.sh
[29.791s] -- Installing: /home/johan/slam/xiaoying_robot/install/pointcloud_to_laserscan/share/pointcloud_to_laserscan/environment/path.dsv
[29.791s] -- Installing: /home/johan/slam/xiaoying_robot/install/pointcloud_to_laserscan/share/pointcloud_to_laserscan/local_setup.bash
[29.792s] -- Installing: /home/johan/slam/xiaoying_robot/install/pointcloud_to_laserscan/share/pointcloud_to_laserscan/local_setup.sh
[29.792s] -- Installing: /home/johan/slam/xiaoying_robot/install/pointcloud_to_laserscan/share/pointcloud_to_laserscan/local_setup.zsh
[29.792s] -- Installing: /home/johan/slam/xiaoying_robot/install/pointcloud_to_laserscan/share/pointcloud_to_laserscan/local_setup.dsv
[29.792s] -- Installing: /home/johan/slam/xiaoying_robot/install/pointcloud_to_laserscan/share/pointcloud_to_laserscan/package.dsv
[29.792s] -- Installing: /home/johan/slam/xiaoying_robot/install/pointcloud_to_laserscan/share/ament_index/resource_index/packages/pointcloud_to_laserscan
[29.792s] -- Installing: /home/johan/slam/xiaoying_robot/install/pointcloud_to_laserscan/share/ament_index/resource_index/rclcpp_components/pointcloud_to_laserscan
[29.792s] -- Installing: /home/johan/slam/xiaoying_robot/install/pointcloud_to_laserscan/share/pointcloud_to_laserscan/cmake/ament_cmake_export_dependencies-extras.cmake
[29.792s] -- Installing: /home/johan/slam/xiaoying_robot/install/pointcloud_to_laserscan/share/pointcloud_to_laserscan/cmake/ament_cmake_export_include_directories-extras.cmake
[29.792s] -- Installing: /home/johan/slam/xiaoying_robot/install/pointcloud_to_laserscan/share/pointcloud_to_laserscan/cmake/ament_cmake_export_libraries-extras.cmake
[29.792s] -- Installing: /home/johan/slam/xiaoying_robot/install/pointcloud_to_laserscan/share/pointcloud_to_laserscan/cmake/pointcloud_to_laserscanConfig.cmake
[29.792s] -- Installing: /home/johan/slam/xiaoying_robot/install/pointcloud_to_laserscan/share/pointcloud_to_laserscan/cmake/pointcloud_to_laserscanConfig-version.cmake
[29.792s] -- Installing: /home/johan/slam/xiaoying_robot/install/pointcloud_to_laserscan/share/pointcloud_to_laserscan/package.xml
[29.794s] Invoked command in '/home/johan/slam/xiaoying_robot/build/pointcloud_to_laserscan' returned '0': CMAKE_PREFIX_PATH=/opt/ros/humble /usr/bin/cmake --install /home/johan/slam/xiaoying_robot/build/pointcloud_to_laserscan
