[35m[1mConsolidate compiler generated dependencies of target pinpoint_interfaces__rosidl_generator_c[0m
[  3%] Built target pinpoint_interfaces__cpp
[ 12%] Built target pinpoint_interfaces__rosidl_generator_c
[35m[1mConsolidate compiler generated dependencies of target pinpoint_interfaces__rosidl_typesupport_introspection_cpp[0m
[35m[1mConsolidate compiler generated dependencies of target pinpoint_interfaces__rosidl_typesupport_cpp[0m
[35m[1mConsolidate compiler generated dependencies of target pinpoint_interfaces__rosidl_typesupport_fastrtps_cpp[0m
[35m[1mConsolidate compiler generated dependencies of target pinpoint_interfaces__rosidl_typesupport_c[0m
[ 12%] Built target ament_cmake_python_copy_pinpoint_interfaces
[35m[1mConsolidate compiler generated dependencies of target pinpoint_interfaces__rosidl_typesupport_introspection_c[0m
[ 22%] Built target pinpoint_interfaces__rosidl_typesupport_introspection_cpp
[ 32%] Built target pinpoint_interfaces__rosidl_typesupport_fastrtps_cpp
[ 41%] Built target pinpoint_interfaces__rosidl_typesupport_cpp
[ 51%] Built target pinpoint_interfaces__rosidl_typesupport_introspection_c
[35m[1mConsolidate compiler generated dependencies of target pinpoint_interfaces__rosidl_typesupport_fastrtps_c[0m
[ 61%] Built target pinpoint_interfaces__rosidl_typesupport_c
[ 70%] Built target pinpoint_interfaces__rosidl_typesupport_fastrtps_c
[ 70%] Built target pinpoint_interfaces
[ 74%] Built target pinpoint_interfaces__py
[35m[1mConsolidate compiler generated dependencies of target pinpoint_interfaces__rosidl_generator_py[0m
[ 80%] Built target pinpoint_interfaces__rosidl_generator_py
[35m[1mConsolidate compiler generated dependencies of target pinpoint_interfaces__rosidl_typesupport_fastrtps_c__pyext[0m
[35m[1mConsolidate compiler generated dependencies of target pinpoint_interfaces__rosidl_typesupport_c__pyext[0m
[35m[1mConsolidate compiler generated dependencies of target pinpoint_interfaces__rosidl_typesupport_introspection_c__pyext[0m
[ 87%] Built target pinpoint_interfaces__rosidl_typesupport_fastrtps_c__pyext
[100%] Built target pinpoint_interfaces__rosidl_typesupport_c__pyext
[100%] Built target pinpoint_interfaces__rosidl_typesupport_introspection_c__pyext
running egg_info
writing pinpoint_interfaces.egg-info/PKG-INFO
writing dependency_links to pinpoint_interfaces.egg-info/dependency_links.txt
writing top-level names to pinpoint_interfaces.egg-info/top_level.txt
reading manifest file 'pinpoint_interfaces.egg-info/SOURCES.txt'
writing manifest file 'pinpoint_interfaces.egg-info/SOURCES.txt'
[100%] Built target ament_cmake_python_build_pinpoint_interfaces_egg
-- Install configuration: ""
-- Up-to-date: /home/johan/slam/xiaoying_robot/install/pinpoint_interfaces/share/ament_index/resource_index/rosidl_interfaces/pinpoint_interfaces
-- Up-to-date: /home/johan/slam/xiaoying_robot/install/pinpoint_interfaces/include/pinpoint_interfaces/pinpoint_interfaces
-- Up-to-date: /home/johan/slam/xiaoying_robot/install/pinpoint_interfaces/include/pinpoint_interfaces/pinpoint_interfaces/srv
-- Up-to-date: /home/johan/slam/xiaoying_robot/install/pinpoint_interfaces/include/pinpoint_interfaces/pinpoint_interfaces/srv/detail
-- Up-to-date: /home/johan/slam/xiaoying_robot/install/pinpoint_interfaces/include/pinpoint_interfaces/pinpoint_interfaces/srv/detail/speach_text__type_support.h
-- Up-to-date: /home/johan/slam/xiaoying_robot/install/pinpoint_interfaces/include/pinpoint_interfaces/pinpoint_interfaces/srv/detail/speach_text__functions.h
-- Up-to-date: /home/johan/slam/xiaoying_robot/install/pinpoint_interfaces/include/pinpoint_interfaces/pinpoint_interfaces/srv/detail/speach_text__struct.h
-- Up-to-date: /home/johan/slam/xiaoying_robot/install/pinpoint_interfaces/include/pinpoint_interfaces/pinpoint_interfaces/srv/detail/speach_text__functions.c
-- Up-to-date: /home/johan/slam/xiaoying_robot/install/pinpoint_interfaces/include/pinpoint_interfaces/pinpoint_interfaces/srv/speach_text.h
-- Up-to-date: /home/johan/slam/xiaoying_robot/install/pinpoint_interfaces/include/pinpoint_interfaces/pinpoint_interfaces/msg
-- Up-to-date: /home/johan/slam/xiaoying_robot/install/pinpoint_interfaces/include/pinpoint_interfaces/pinpoint_interfaces/msg/rosidl_generator_c__visibility_control.h
-- Up-to-date: /home/johan/slam/xiaoying_robot/install/pinpoint_interfaces/share/pinpoint_interfaces/environment/library_path.sh
-- Up-to-date: /home/johan/slam/xiaoying_robot/install/pinpoint_interfaces/share/pinpoint_interfaces/environment/library_path.dsv
-- Up-to-date: /home/johan/slam/xiaoying_robot/install/pinpoint_interfaces/lib/libpinpoint_interfaces__rosidl_generator_c.so
-- Up-to-date: /home/johan/slam/xiaoying_robot/install/pinpoint_interfaces/include/pinpoint_interfaces/pinpoint_interfaces
-- Up-to-date: /home/johan/slam/xiaoying_robot/install/pinpoint_interfaces/include/pinpoint_interfaces/pinpoint_interfaces/srv
-- Up-to-date: /home/johan/slam/xiaoying_robot/install/pinpoint_interfaces/include/pinpoint_interfaces/pinpoint_interfaces/srv/detail
-- Up-to-date: /home/johan/slam/xiaoying_robot/install/pinpoint_interfaces/include/pinpoint_interfaces/pinpoint_interfaces/srv/detail/speach_text__rosidl_typesupport_fastrtps_c.h
-- Up-to-date: /home/johan/slam/xiaoying_robot/install/pinpoint_interfaces/include/pinpoint_interfaces/pinpoint_interfaces/msg
-- Up-to-date: /home/johan/slam/xiaoying_robot/install/pinpoint_interfaces/include/pinpoint_interfaces/pinpoint_interfaces/msg/rosidl_typesupport_fastrtps_c__visibility_control.h
-- Up-to-date: /home/johan/slam/xiaoying_robot/install/pinpoint_interfaces/lib/libpinpoint_interfaces__rosidl_typesupport_fastrtps_c.so
-- Up-to-date: /home/johan/slam/xiaoying_robot/install/pinpoint_interfaces/include/pinpoint_interfaces/pinpoint_interfaces
-- Up-to-date: /home/johan/slam/xiaoying_robot/install/pinpoint_interfaces/include/pinpoint_interfaces/pinpoint_interfaces/srv
-- Up-to-date: /home/johan/slam/xiaoying_robot/install/pinpoint_interfaces/include/pinpoint_interfaces/pinpoint_interfaces/srv/detail
-- Up-to-date: /home/johan/slam/xiaoying_robot/install/pinpoint_interfaces/include/pinpoint_interfaces/pinpoint_interfaces/srv/detail/speach_text__type_support.c
-- Up-to-date: /home/johan/slam/xiaoying_robot/install/pinpoint_interfaces/include/pinpoint_interfaces/pinpoint_interfaces/srv/detail/speach_text__rosidl_typesupport_introspection_c.h
-- Up-to-date: /home/johan/slam/xiaoying_robot/install/pinpoint_interfaces/include/pinpoint_interfaces/pinpoint_interfaces/msg
-- Up-to-date: /home/johan/slam/xiaoying_robot/install/pinpoint_interfaces/include/pinpoint_interfaces/pinpoint_interfaces/msg/rosidl_typesupport_introspection_c__visibility_control.h
-- Up-to-date: /home/johan/slam/xiaoying_robot/install/pinpoint_interfaces/lib/libpinpoint_interfaces__rosidl_typesupport_introspection_c.so
-- Up-to-date: /home/johan/slam/xiaoying_robot/install/pinpoint_interfaces/lib/libpinpoint_interfaces__rosidl_typesupport_c.so
-- Up-to-date: /home/johan/slam/xiaoying_robot/install/pinpoint_interfaces/include/pinpoint_interfaces/pinpoint_interfaces
-- Up-to-date: /home/johan/slam/xiaoying_robot/install/pinpoint_interfaces/include/pinpoint_interfaces/pinpoint_interfaces/srv
-- Up-to-date: /home/johan/slam/xiaoying_robot/install/pinpoint_interfaces/include/pinpoint_interfaces/pinpoint_interfaces/srv/detail
-- Up-to-date: /home/johan/slam/xiaoying_robot/install/pinpoint_interfaces/include/pinpoint_interfaces/pinpoint_interfaces/srv/detail/speach_text__builder.hpp
-- Up-to-date: /home/johan/slam/xiaoying_robot/install/pinpoint_interfaces/include/pinpoint_interfaces/pinpoint_interfaces/srv/detail/speach_text__struct.hpp
-- Up-to-date: /home/johan/slam/xiaoying_robot/install/pinpoint_interfaces/include/pinpoint_interfaces/pinpoint_interfaces/srv/detail/speach_text__traits.hpp
-- Up-to-date: /home/johan/slam/xiaoying_robot/install/pinpoint_interfaces/include/pinpoint_interfaces/pinpoint_interfaces/srv/speach_text.hpp
-- Up-to-date: /home/johan/slam/xiaoying_robot/install/pinpoint_interfaces/include/pinpoint_interfaces/pinpoint_interfaces
-- Up-to-date: /home/johan/slam/xiaoying_robot/install/pinpoint_interfaces/include/pinpoint_interfaces/pinpoint_interfaces/srv
-- Up-to-date: /home/johan/slam/xiaoying_robot/install/pinpoint_interfaces/include/pinpoint_interfaces/pinpoint_interfaces/srv/detail
-- Up-to-date: /home/johan/slam/xiaoying_robot/install/pinpoint_interfaces/include/pinpoint_interfaces/pinpoint_interfaces/srv/detail/speach_text__rosidl_typesupport_fastrtps_cpp.hpp
-- Up-to-date: /home/johan/slam/xiaoying_robot/install/pinpoint_interfaces/include/pinpoint_interfaces/pinpoint_interfaces/srv/detail/dds_fastrtps
-- Up-to-date: /home/johan/slam/xiaoying_robot/install/pinpoint_interfaces/include/pinpoint_interfaces/pinpoint_interfaces/msg
-- Up-to-date: /home/johan/slam/xiaoying_robot/install/pinpoint_interfaces/include/pinpoint_interfaces/pinpoint_interfaces/msg/rosidl_typesupport_fastrtps_cpp__visibility_control.h
-- Up-to-date: /home/johan/slam/xiaoying_robot/install/pinpoint_interfaces/lib/libpinpoint_interfaces__rosidl_typesupport_fastrtps_cpp.so
-- Up-to-date: /home/johan/slam/xiaoying_robot/install/pinpoint_interfaces/include/pinpoint_interfaces/pinpoint_interfaces
-- Up-to-date: /home/johan/slam/xiaoying_robot/install/pinpoint_interfaces/include/pinpoint_interfaces/pinpoint_interfaces/srv
-- Up-to-date: /home/johan/slam/xiaoying_robot/install/pinpoint_interfaces/include/pinpoint_interfaces/pinpoint_interfaces/srv/detail
-- Up-to-date: /home/johan/slam/xiaoying_robot/install/pinpoint_interfaces/include/pinpoint_interfaces/pinpoint_interfaces/srv/detail/speach_text__rosidl_typesupport_introspection_cpp.hpp
-- Up-to-date: /home/johan/slam/xiaoying_robot/install/pinpoint_interfaces/include/pinpoint_interfaces/pinpoint_interfaces/srv/detail/speach_text__type_support.cpp
-- Up-to-date: /home/johan/slam/xiaoying_robot/install/pinpoint_interfaces/lib/libpinpoint_interfaces__rosidl_typesupport_introspection_cpp.so
-- Up-to-date: /home/johan/slam/xiaoying_robot/install/pinpoint_interfaces/lib/libpinpoint_interfaces__rosidl_typesupport_cpp.so
-- Up-to-date: /home/johan/slam/xiaoying_robot/install/pinpoint_interfaces/share/pinpoint_interfaces/environment/pythonpath.sh
-- Up-to-date: /home/johan/slam/xiaoying_robot/install/pinpoint_interfaces/share/pinpoint_interfaces/environment/pythonpath.dsv
-- Up-to-date: /home/johan/slam/xiaoying_robot/install/pinpoint_interfaces/local/lib/python3.10/dist-packages/pinpoint_interfaces-0.0.0-py3.10.egg-info
-- Installing: /home/johan/slam/xiaoying_robot/install/pinpoint_interfaces/local/lib/python3.10/dist-packages/pinpoint_interfaces-0.0.0-py3.10.egg-info/dependency_links.txt
-- Installing: /home/johan/slam/xiaoying_robot/install/pinpoint_interfaces/local/lib/python3.10/dist-packages/pinpoint_interfaces-0.0.0-py3.10.egg-info/top_level.txt
-- Installing: /home/johan/slam/xiaoying_robot/install/pinpoint_interfaces/local/lib/python3.10/dist-packages/pinpoint_interfaces-0.0.0-py3.10.egg-info/SOURCES.txt
-- Installing: /home/johan/slam/xiaoying_robot/install/pinpoint_interfaces/local/lib/python3.10/dist-packages/pinpoint_interfaces-0.0.0-py3.10.egg-info/PKG-INFO
-- Up-to-date: /home/johan/slam/xiaoying_robot/install/pinpoint_interfaces/local/lib/python3.10/dist-packages/pinpoint_interfaces
-- Up-to-date: /home/johan/slam/xiaoying_robot/install/pinpoint_interfaces/local/lib/python3.10/dist-packages/pinpoint_interfaces/srv
-- Up-to-date: /home/johan/slam/xiaoying_robot/install/pinpoint_interfaces/local/lib/python3.10/dist-packages/pinpoint_interfaces/srv/_speach_text_s.c
-- Up-to-date: /home/johan/slam/xiaoying_robot/install/pinpoint_interfaces/local/lib/python3.10/dist-packages/pinpoint_interfaces/srv/__init__.py
-- Up-to-date: /home/johan/slam/xiaoying_robot/install/pinpoint_interfaces/local/lib/python3.10/dist-packages/pinpoint_interfaces/srv/_speach_text.py
-- Up-to-date: /home/johan/slam/xiaoying_robot/install/pinpoint_interfaces/local/lib/python3.10/dist-packages/pinpoint_interfaces/_pinpoint_interfaces_s.ep.rosidl_typesupport_fastrtps_c.c
-- Up-to-date: /home/johan/slam/xiaoying_robot/install/pinpoint_interfaces/local/lib/python3.10/dist-packages/pinpoint_interfaces/__init__.py
-- Up-to-date: /home/johan/slam/xiaoying_robot/install/pinpoint_interfaces/local/lib/python3.10/dist-packages/pinpoint_interfaces/pinpoint_interfaces_s__rosidl_typesupport_introspection_c.cpython-310-x86_64-linux-gnu.so
-- Up-to-date: /home/johan/slam/xiaoying_robot/install/pinpoint_interfaces/local/lib/python3.10/dist-packages/pinpoint_interfaces/pinpoint_interfaces_s__rosidl_typesupport_fastrtps_c.cpython-310-x86_64-linux-gnu.so
-- Up-to-date: /home/johan/slam/xiaoying_robot/install/pinpoint_interfaces/local/lib/python3.10/dist-packages/pinpoint_interfaces/pinpoint_interfaces_s__rosidl_typesupport_c.cpython-310-x86_64-linux-gnu.so
-- Up-to-date: /home/johan/slam/xiaoying_robot/install/pinpoint_interfaces/local/lib/python3.10/dist-packages/pinpoint_interfaces/libpinpoint_interfaces__rosidl_generator_py.so
-- Up-to-date: /home/johan/slam/xiaoying_robot/install/pinpoint_interfaces/local/lib/python3.10/dist-packages/pinpoint_interfaces/_pinpoint_interfaces_s.ep.rosidl_typesupport_introspection_c.c
-- Up-to-date: /home/johan/slam/xiaoying_robot/install/pinpoint_interfaces/local/lib/python3.10/dist-packages/pinpoint_interfaces/_pinpoint_interfaces_s.ep.rosidl_typesupport_c.c
Listing '/home/johan/slam/xiaoying_robot/install/pinpoint_interfaces/local/lib/python3.10/dist-packages/pinpoint_interfaces'...
Listing '/home/johan/slam/xiaoying_robot/install/pinpoint_interfaces/local/lib/python3.10/dist-packages/pinpoint_interfaces/srv'...
-- Up-to-date: /home/johan/slam/xiaoying_robot/install/pinpoint_interfaces/local/lib/python3.10/dist-packages/pinpoint_interfaces/pinpoint_interfaces_s__rosidl_typesupport_fastrtps_c.cpython-310-x86_64-linux-gnu.so
-- Up-to-date: /home/johan/slam/xiaoying_robot/install/pinpoint_interfaces/local/lib/python3.10/dist-packages/pinpoint_interfaces/pinpoint_interfaces_s__rosidl_typesupport_introspection_c.cpython-310-x86_64-linux-gnu.so
-- Up-to-date: /home/johan/slam/xiaoying_robot/install/pinpoint_interfaces/local/lib/python3.10/dist-packages/pinpoint_interfaces/pinpoint_interfaces_s__rosidl_typesupport_c.cpython-310-x86_64-linux-gnu.so
-- Up-to-date: /home/johan/slam/xiaoying_robot/install/pinpoint_interfaces/lib/libpinpoint_interfaces__rosidl_generator_py.so
-- Up-to-date: /home/johan/slam/xiaoying_robot/install/pinpoint_interfaces/share/pinpoint_interfaces/srv/SpeachText.idl
-- Up-to-date: /home/johan/slam/xiaoying_robot/install/pinpoint_interfaces/share/pinpoint_interfaces/srv/SpeachText.srv
-- Up-to-date: /home/johan/slam/xiaoying_robot/install/pinpoint_interfaces/share/pinpoint_interfaces/srv/SpeachText_Request.msg
-- Up-to-date: /home/johan/slam/xiaoying_robot/install/pinpoint_interfaces/share/pinpoint_interfaces/srv/SpeachText_Response.msg
-- Up-to-date: /home/johan/slam/xiaoying_robot/install/pinpoint_interfaces/share/ament_index/resource_index/package_run_dependencies/pinpoint_interfaces
-- Up-to-date: /home/johan/slam/xiaoying_robot/install/pinpoint_interfaces/share/ament_index/resource_index/parent_prefix_path/pinpoint_interfaces
-- Up-to-date: /home/johan/slam/xiaoying_robot/install/pinpoint_interfaces/share/pinpoint_interfaces/environment/ament_prefix_path.sh
-- Up-to-date: /home/johan/slam/xiaoying_robot/install/pinpoint_interfaces/share/pinpoint_interfaces/environment/ament_prefix_path.dsv
-- Up-to-date: /home/johan/slam/xiaoying_robot/install/pinpoint_interfaces/share/pinpoint_interfaces/environment/path.sh
-- Up-to-date: /home/johan/slam/xiaoying_robot/install/pinpoint_interfaces/share/pinpoint_interfaces/environment/path.dsv
-- Up-to-date: /home/johan/slam/xiaoying_robot/install/pinpoint_interfaces/share/pinpoint_interfaces/local_setup.bash
-- Up-to-date: /home/johan/slam/xiaoying_robot/install/pinpoint_interfaces/share/pinpoint_interfaces/local_setup.sh
-- Up-to-date: /home/johan/slam/xiaoying_robot/install/pinpoint_interfaces/share/pinpoint_interfaces/local_setup.zsh
-- Up-to-date: /home/johan/slam/xiaoying_robot/install/pinpoint_interfaces/share/pinpoint_interfaces/local_setup.dsv
-- Installing: /home/johan/slam/xiaoying_robot/install/pinpoint_interfaces/share/pinpoint_interfaces/package.dsv
-- Up-to-date: /home/johan/slam/xiaoying_robot/install/pinpoint_interfaces/share/ament_index/resource_index/packages/pinpoint_interfaces
-- Up-to-date: /home/johan/slam/xiaoying_robot/install/pinpoint_interfaces/share/pinpoint_interfaces/cmake/export_pinpoint_interfaces__rosidl_generator_cExport.cmake
-- Up-to-date: /home/johan/slam/xiaoying_robot/install/pinpoint_interfaces/share/pinpoint_interfaces/cmake/export_pinpoint_interfaces__rosidl_generator_cExport-noconfig.cmake
-- Up-to-date: /home/johan/slam/xiaoying_robot/install/pinpoint_interfaces/share/pinpoint_interfaces/cmake/export_pinpoint_interfaces__rosidl_typesupport_fastrtps_cExport.cmake
-- Up-to-date: /home/johan/slam/xiaoying_robot/install/pinpoint_interfaces/share/pinpoint_interfaces/cmake/export_pinpoint_interfaces__rosidl_typesupport_fastrtps_cExport-noconfig.cmake
-- Up-to-date: /home/johan/slam/xiaoying_robot/install/pinpoint_interfaces/share/pinpoint_interfaces/cmake/pinpoint_interfaces__rosidl_typesupport_introspection_cExport.cmake
-- Up-to-date: /home/johan/slam/xiaoying_robot/install/pinpoint_interfaces/share/pinpoint_interfaces/cmake/pinpoint_interfaces__rosidl_typesupport_introspection_cExport-noconfig.cmake
-- Up-to-date: /home/johan/slam/xiaoying_robot/install/pinpoint_interfaces/share/pinpoint_interfaces/cmake/pinpoint_interfaces__rosidl_typesupport_cExport.cmake
-- Up-to-date: /home/johan/slam/xiaoying_robot/install/pinpoint_interfaces/share/pinpoint_interfaces/cmake/pinpoint_interfaces__rosidl_typesupport_cExport-noconfig.cmake
-- Up-to-date: /home/johan/slam/xiaoying_robot/install/pinpoint_interfaces/share/pinpoint_interfaces/cmake/export_pinpoint_interfaces__rosidl_generator_cppExport.cmake
-- Up-to-date: /home/johan/slam/xiaoying_robot/install/pinpoint_interfaces/share/pinpoint_interfaces/cmake/export_pinpoint_interfaces__rosidl_typesupport_fastrtps_cppExport.cmake
-- Up-to-date: /home/johan/slam/xiaoying_robot/install/pinpoint_interfaces/share/pinpoint_interfaces/cmake/export_pinpoint_interfaces__rosidl_typesupport_fastrtps_cppExport-noconfig.cmake
-- Up-to-date: /home/johan/slam/xiaoying_robot/install/pinpoint_interfaces/share/pinpoint_interfaces/cmake/pinpoint_interfaces__rosidl_typesupport_introspection_cppExport.cmake
-- Up-to-date: /home/johan/slam/xiaoying_robot/install/pinpoint_interfaces/share/pinpoint_interfaces/cmake/pinpoint_interfaces__rosidl_typesupport_introspection_cppExport-noconfig.cmake
-- Up-to-date: /home/johan/slam/xiaoying_robot/install/pinpoint_interfaces/share/pinpoint_interfaces/cmake/pinpoint_interfaces__rosidl_typesupport_cppExport.cmake
-- Up-to-date: /home/johan/slam/xiaoying_robot/install/pinpoint_interfaces/share/pinpoint_interfaces/cmake/pinpoint_interfaces__rosidl_typesupport_cppExport-noconfig.cmake
-- Up-to-date: /home/johan/slam/xiaoying_robot/install/pinpoint_interfaces/share/pinpoint_interfaces/cmake/export_pinpoint_interfaces__rosidl_generator_pyExport.cmake
-- Up-to-date: /home/johan/slam/xiaoying_robot/install/pinpoint_interfaces/share/pinpoint_interfaces/cmake/export_pinpoint_interfaces__rosidl_generator_pyExport-noconfig.cmake
-- Up-to-date: /home/johan/slam/xiaoying_robot/install/pinpoint_interfaces/share/pinpoint_interfaces/cmake/rosidl_cmake-extras.cmake
-- Up-to-date: /home/johan/slam/xiaoying_robot/install/pinpoint_interfaces/share/pinpoint_interfaces/cmake/ament_cmake_export_include_directories-extras.cmake
-- Up-to-date: /home/johan/slam/xiaoying_robot/install/pinpoint_interfaces/share/pinpoint_interfaces/cmake/ament_cmake_export_libraries-extras.cmake
-- Up-to-date: /home/johan/slam/xiaoying_robot/install/pinpoint_interfaces/share/pinpoint_interfaces/cmake/ament_cmake_export_targets-extras.cmake
-- Up-to-date: /home/johan/slam/xiaoying_robot/install/pinpoint_interfaces/share/pinpoint_interfaces/cmake/rosidl_cmake_export_typesupport_targets-extras.cmake
-- Up-to-date: /home/johan/slam/xiaoying_robot/install/pinpoint_interfaces/share/pinpoint_interfaces/cmake/ament_cmake_export_dependencies-extras.cmake
-- Up-to-date: /home/johan/slam/xiaoying_robot/install/pinpoint_interfaces/share/pinpoint_interfaces/cmake/rosidl_cmake_export_typesupport_libraries-extras.cmake
-- Up-to-date: /home/johan/slam/xiaoying_robot/install/pinpoint_interfaces/share/pinpoint_interfaces/cmake/pinpoint_interfacesConfig.cmake
-- Up-to-date: /home/johan/slam/xiaoying_robot/install/pinpoint_interfaces/share/pinpoint_interfaces/cmake/pinpoint_interfacesConfig-version.cmake
-- Up-to-date: /home/johan/slam/xiaoying_robot/install/pinpoint_interfaces/share/pinpoint_interfaces/package.xml
