[0.190s] Invoking command in '/home/johan/slam/xiaoying_robot/build/pinpoint_interfaces': CMAKE_PREFIX_PATH=${CMAKE_PREFIX_PATH}:/home/johan/slam/xiaoying_robot/install/auto_pinpoint_robot:/opt/ros/humble /usr/bin/cmake --build /home/johan/slam/xiaoying_robot/build/pinpoint_interfaces -- -j16 -l16
[0.221s] [35m[1mConsolidate compiler generated dependencies of target pinpoint_interfaces__rosidl_generator_c[0m
[0.222s] [  3%] Built target pinpoint_interfaces__cpp
[0.231s] [ 12%] Built target pinpoint_interfaces__rosidl_generator_c
[0.231s] [35m[1mConsolidate compiler generated dependencies of target pinpoint_interfaces__rosidl_typesupport_introspection_cpp[0m
[0.234s] [35m[1mConsolidate compiler generated dependencies of target pinpoint_interfaces__rosidl_typesupport_cpp[0m
[0.234s] [35m[1mConsolidate compiler generated dependencies of target pinpoint_interfaces__rosidl_typesupport_fastrtps_cpp[0m
[0.241s] [35m[1mConsolidate compiler generated dependencies of target pinpoint_interfaces__rosidl_typesupport_c[0m
[0.242s] [ 12%] Built target ament_cmake_python_copy_pinpoint_interfaces
[0.244s] [35m[1mConsolidate compiler generated dependencies of target pinpoint_interfaces__rosidl_typesupport_introspection_c[0m
[0.260s] [ 22%] Built target pinpoint_interfaces__rosidl_typesupport_introspection_cpp
[0.262s] [ 32%] Built target pinpoint_interfaces__rosidl_typesupport_fastrtps_cpp
[0.262s] [ 41%] Built target pinpoint_interfaces__rosidl_typesupport_cpp
[0.262s] [ 51%] Built target pinpoint_interfaces__rosidl_typesupport_introspection_c
[0.265s] [35m[1mConsolidate compiler generated dependencies of target pinpoint_interfaces__rosidl_typesupport_fastrtps_c[0m
[0.267s] [ 61%] Built target pinpoint_interfaces__rosidl_typesupport_c
[0.279s] [ 70%] Built target pinpoint_interfaces__rosidl_typesupport_fastrtps_c
[0.296s] [ 70%] Built target pinpoint_interfaces
[0.318s] [ 74%] Built target pinpoint_interfaces__py
[0.325s] [35m[1mConsolidate compiler generated dependencies of target pinpoint_interfaces__rosidl_generator_py[0m
[0.335s] [ 80%] Built target pinpoint_interfaces__rosidl_generator_py
[0.341s] [35m[1mConsolidate compiler generated dependencies of target pinpoint_interfaces__rosidl_typesupport_fastrtps_c__pyext[0m
[0.344s] [35m[1mConsolidate compiler generated dependencies of target pinpoint_interfaces__rosidl_typesupport_c__pyext[0m
[0.347s] [35m[1mConsolidate compiler generated dependencies of target pinpoint_interfaces__rosidl_typesupport_introspection_c__pyext[0m
[0.351s] [ 87%] Built target pinpoint_interfaces__rosidl_typesupport_fastrtps_c__pyext
[0.360s] [100%] Built target pinpoint_interfaces__rosidl_typesupport_c__pyext
[0.360s] [100%] Built target pinpoint_interfaces__rosidl_typesupport_introspection_c__pyext
[0.451s] running egg_info
[0.451s] writing pinpoint_interfaces.egg-info/PKG-INFO
[0.451s] writing dependency_links to pinpoint_interfaces.egg-info/dependency_links.txt
[0.452s] writing top-level names to pinpoint_interfaces.egg-info/top_level.txt
[0.454s] reading manifest file 'pinpoint_interfaces.egg-info/SOURCES.txt'
[0.454s] writing manifest file 'pinpoint_interfaces.egg-info/SOURCES.txt'
[0.476s] [100%] Built target ament_cmake_python_build_pinpoint_interfaces_egg
[0.491s] Invoked command in '/home/johan/slam/xiaoying_robot/build/pinpoint_interfaces' returned '0': CMAKE_PREFIX_PATH=${CMAKE_PREFIX_PATH}:/home/johan/slam/xiaoying_robot/install/auto_pinpoint_robot:/opt/ros/humble /usr/bin/cmake --build /home/johan/slam/xiaoying_robot/build/pinpoint_interfaces -- -j16 -l16
[0.541s] Invoking command in '/home/johan/slam/xiaoying_robot/build/pinpoint_interfaces': CMAKE_PREFIX_PATH=${CMAKE_PREFIX_PATH}:/home/johan/slam/xiaoying_robot/install/auto_pinpoint_robot:/opt/ros/humble /usr/bin/cmake --install /home/johan/slam/xiaoying_robot/build/pinpoint_interfaces
[0.547s] -- Install configuration: ""
[0.547s] -- Up-to-date: /home/johan/slam/xiaoying_robot/install/pinpoint_interfaces/share/ament_index/resource_index/rosidl_interfaces/pinpoint_interfaces
[0.547s] -- Up-to-date: /home/johan/slam/xiaoying_robot/install/pinpoint_interfaces/include/pinpoint_interfaces/pinpoint_interfaces
[0.547s] -- Up-to-date: /home/johan/slam/xiaoying_robot/install/pinpoint_interfaces/include/pinpoint_interfaces/pinpoint_interfaces/srv
[0.547s] -- Up-to-date: /home/johan/slam/xiaoying_robot/install/pinpoint_interfaces/include/pinpoint_interfaces/pinpoint_interfaces/srv/detail
[0.547s] -- Up-to-date: /home/johan/slam/xiaoying_robot/install/pinpoint_interfaces/include/pinpoint_interfaces/pinpoint_interfaces/srv/detail/speach_text__type_support.h
[0.547s] -- Up-to-date: /home/johan/slam/xiaoying_robot/install/pinpoint_interfaces/include/pinpoint_interfaces/pinpoint_interfaces/srv/detail/speach_text__functions.h
[0.547s] -- Up-to-date: /home/johan/slam/xiaoying_robot/install/pinpoint_interfaces/include/pinpoint_interfaces/pinpoint_interfaces/srv/detail/speach_text__struct.h
[0.547s] -- Up-to-date: /home/johan/slam/xiaoying_robot/install/pinpoint_interfaces/include/pinpoint_interfaces/pinpoint_interfaces/srv/detail/speach_text__functions.c
[0.547s] -- Up-to-date: /home/johan/slam/xiaoying_robot/install/pinpoint_interfaces/include/pinpoint_interfaces/pinpoint_interfaces/srv/speach_text.h
[0.547s] -- Up-to-date: /home/johan/slam/xiaoying_robot/install/pinpoint_interfaces/include/pinpoint_interfaces/pinpoint_interfaces/msg
[0.548s] -- Up-to-date: /home/johan/slam/xiaoying_robot/install/pinpoint_interfaces/include/pinpoint_interfaces/pinpoint_interfaces/msg/rosidl_generator_c__visibility_control.h
[0.548s] -- Up-to-date: /home/johan/slam/xiaoying_robot/install/pinpoint_interfaces/share/pinpoint_interfaces/environment/library_path.sh
[0.548s] -- Up-to-date: /home/johan/slam/xiaoying_robot/install/pinpoint_interfaces/share/pinpoint_interfaces/environment/library_path.dsv
[0.548s] -- Up-to-date: /home/johan/slam/xiaoying_robot/install/pinpoint_interfaces/lib/libpinpoint_interfaces__rosidl_generator_c.so
[0.548s] -- Up-to-date: /home/johan/slam/xiaoying_robot/install/pinpoint_interfaces/include/pinpoint_interfaces/pinpoint_interfaces
[0.548s] -- Up-to-date: /home/johan/slam/xiaoying_robot/install/pinpoint_interfaces/include/pinpoint_interfaces/pinpoint_interfaces/srv
[0.548s] -- Up-to-date: /home/johan/slam/xiaoying_robot/install/pinpoint_interfaces/include/pinpoint_interfaces/pinpoint_interfaces/srv/detail
[0.548s] -- Up-to-date: /home/johan/slam/xiaoying_robot/install/pinpoint_interfaces/include/pinpoint_interfaces/pinpoint_interfaces/srv/detail/speach_text__rosidl_typesupport_fastrtps_c.h
[0.548s] -- Up-to-date: /home/johan/slam/xiaoying_robot/install/pinpoint_interfaces/include/pinpoint_interfaces/pinpoint_interfaces/msg
[0.548s] -- Up-to-date: /home/johan/slam/xiaoying_robot/install/pinpoint_interfaces/include/pinpoint_interfaces/pinpoint_interfaces/msg/rosidl_typesupport_fastrtps_c__visibility_control.h
[0.548s] -- Up-to-date: /home/johan/slam/xiaoying_robot/install/pinpoint_interfaces/lib/libpinpoint_interfaces__rosidl_typesupport_fastrtps_c.so
[0.548s] -- Up-to-date: /home/johan/slam/xiaoying_robot/install/pinpoint_interfaces/include/pinpoint_interfaces/pinpoint_interfaces
[0.548s] -- Up-to-date: /home/johan/slam/xiaoying_robot/install/pinpoint_interfaces/include/pinpoint_interfaces/pinpoint_interfaces/srv
[0.548s] -- Up-to-date: /home/johan/slam/xiaoying_robot/install/pinpoint_interfaces/include/pinpoint_interfaces/pinpoint_interfaces/srv/detail
[0.548s] -- Up-to-date: /home/johan/slam/xiaoying_robot/install/pinpoint_interfaces/include/pinpoint_interfaces/pinpoint_interfaces/srv/detail/speach_text__type_support.c
[0.548s] -- Up-to-date: /home/johan/slam/xiaoying_robot/install/pinpoint_interfaces/include/pinpoint_interfaces/pinpoint_interfaces/srv/detail/speach_text__rosidl_typesupport_introspection_c.h
[0.548s] -- Up-to-date: /home/johan/slam/xiaoying_robot/install/pinpoint_interfaces/include/pinpoint_interfaces/pinpoint_interfaces/msg
[0.548s] -- Up-to-date: /home/johan/slam/xiaoying_robot/install/pinpoint_interfaces/include/pinpoint_interfaces/pinpoint_interfaces/msg/rosidl_typesupport_introspection_c__visibility_control.h
[0.548s] -- Up-to-date: /home/johan/slam/xiaoying_robot/install/pinpoint_interfaces/lib/libpinpoint_interfaces__rosidl_typesupport_introspection_c.so
[0.548s] -- Up-to-date: /home/johan/slam/xiaoying_robot/install/pinpoint_interfaces/lib/libpinpoint_interfaces__rosidl_typesupport_c.so
[0.548s] -- Up-to-date: /home/johan/slam/xiaoying_robot/install/pinpoint_interfaces/include/pinpoint_interfaces/pinpoint_interfaces
[0.548s] -- Up-to-date: /home/johan/slam/xiaoying_robot/install/pinpoint_interfaces/include/pinpoint_interfaces/pinpoint_interfaces/srv
[0.548s] -- Up-to-date: /home/johan/slam/xiaoying_robot/install/pinpoint_interfaces/include/pinpoint_interfaces/pinpoint_interfaces/srv/detail
[0.548s] -- Up-to-date: /home/johan/slam/xiaoying_robot/install/pinpoint_interfaces/include/pinpoint_interfaces/pinpoint_interfaces/srv/detail/speach_text__builder.hpp
[0.549s] -- Up-to-date: /home/johan/slam/xiaoying_robot/install/pinpoint_interfaces/include/pinpoint_interfaces/pinpoint_interfaces/srv/detail/speach_text__struct.hpp
[0.549s] -- Up-to-date: /home/johan/slam/xiaoying_robot/install/pinpoint_interfaces/include/pinpoint_interfaces/pinpoint_interfaces/srv/detail/speach_text__traits.hpp
[0.549s] -- Up-to-date: /home/johan/slam/xiaoying_robot/install/pinpoint_interfaces/include/pinpoint_interfaces/pinpoint_interfaces/srv/speach_text.hpp
[0.549s] -- Up-to-date: /home/johan/slam/xiaoying_robot/install/pinpoint_interfaces/include/pinpoint_interfaces/pinpoint_interfaces
[0.549s] -- Up-to-date: /home/johan/slam/xiaoying_robot/install/pinpoint_interfaces/include/pinpoint_interfaces/pinpoint_interfaces/srv
[0.549s] -- Up-to-date: /home/johan/slam/xiaoying_robot/install/pinpoint_interfaces/include/pinpoint_interfaces/pinpoint_interfaces/srv/detail
[0.549s] -- Up-to-date: /home/johan/slam/xiaoying_robot/install/pinpoint_interfaces/include/pinpoint_interfaces/pinpoint_interfaces/srv/detail/speach_text__rosidl_typesupport_fastrtps_cpp.hpp
[0.549s] -- Up-to-date: /home/johan/slam/xiaoying_robot/install/pinpoint_interfaces/include/pinpoint_interfaces/pinpoint_interfaces/srv/detail/dds_fastrtps
[0.549s] -- Up-to-date: /home/johan/slam/xiaoying_robot/install/pinpoint_interfaces/include/pinpoint_interfaces/pinpoint_interfaces/msg
[0.550s] -- Up-to-date: /home/johan/slam/xiaoying_robot/install/pinpoint_interfaces/include/pinpoint_interfaces/pinpoint_interfaces/msg/rosidl_typesupport_fastrtps_cpp__visibility_control.h
[0.550s] -- Up-to-date: /home/johan/slam/xiaoying_robot/install/pinpoint_interfaces/lib/libpinpoint_interfaces__rosidl_typesupport_fastrtps_cpp.so
[0.550s] -- Up-to-date: /home/johan/slam/xiaoying_robot/install/pinpoint_interfaces/include/pinpoint_interfaces/pinpoint_interfaces
[0.550s] -- Up-to-date: /home/johan/slam/xiaoying_robot/install/pinpoint_interfaces/include/pinpoint_interfaces/pinpoint_interfaces/srv
[0.550s] -- Up-to-date: /home/johan/slam/xiaoying_robot/install/pinpoint_interfaces/include/pinpoint_interfaces/pinpoint_interfaces/srv/detail
[0.550s] -- Up-to-date: /home/johan/slam/xiaoying_robot/install/pinpoint_interfaces/include/pinpoint_interfaces/pinpoint_interfaces/srv/detail/speach_text__rosidl_typesupport_introspection_cpp.hpp
[0.550s] -- Up-to-date: /home/johan/slam/xiaoying_robot/install/pinpoint_interfaces/include/pinpoint_interfaces/pinpoint_interfaces/srv/detail/speach_text__type_support.cpp
[0.550s] -- Up-to-date: /home/johan/slam/xiaoying_robot/install/pinpoint_interfaces/lib/libpinpoint_interfaces__rosidl_typesupport_introspection_cpp.so
[0.550s] -- Up-to-date: /home/johan/slam/xiaoying_robot/install/pinpoint_interfaces/lib/libpinpoint_interfaces__rosidl_typesupport_cpp.so
[0.550s] -- Up-to-date: /home/johan/slam/xiaoying_robot/install/pinpoint_interfaces/share/pinpoint_interfaces/environment/pythonpath.sh
[0.550s] -- Up-to-date: /home/johan/slam/xiaoying_robot/install/pinpoint_interfaces/share/pinpoint_interfaces/environment/pythonpath.dsv
[0.551s] -- Up-to-date: /home/johan/slam/xiaoying_robot/install/pinpoint_interfaces/local/lib/python3.10/dist-packages/pinpoint_interfaces-0.0.0-py3.10.egg-info
[0.551s] -- Installing: /home/johan/slam/xiaoying_robot/install/pinpoint_interfaces/local/lib/python3.10/dist-packages/pinpoint_interfaces-0.0.0-py3.10.egg-info/dependency_links.txt
[0.551s] -- Installing: /home/johan/slam/xiaoying_robot/install/pinpoint_interfaces/local/lib/python3.10/dist-packages/pinpoint_interfaces-0.0.0-py3.10.egg-info/top_level.txt
[0.551s] -- Installing: /home/johan/slam/xiaoying_robot/install/pinpoint_interfaces/local/lib/python3.10/dist-packages/pinpoint_interfaces-0.0.0-py3.10.egg-info/SOURCES.txt
[0.551s] -- Installing: /home/johan/slam/xiaoying_robot/install/pinpoint_interfaces/local/lib/python3.10/dist-packages/pinpoint_interfaces-0.0.0-py3.10.egg-info/PKG-INFO
[0.551s] -- Up-to-date: /home/johan/slam/xiaoying_robot/install/pinpoint_interfaces/local/lib/python3.10/dist-packages/pinpoint_interfaces
[0.551s] -- Up-to-date: /home/johan/slam/xiaoying_robot/install/pinpoint_interfaces/local/lib/python3.10/dist-packages/pinpoint_interfaces/srv
[0.551s] -- Up-to-date: /home/johan/slam/xiaoying_robot/install/pinpoint_interfaces/local/lib/python3.10/dist-packages/pinpoint_interfaces/srv/_speach_text_s.c
[0.551s] -- Up-to-date: /home/johan/slam/xiaoying_robot/install/pinpoint_interfaces/local/lib/python3.10/dist-packages/pinpoint_interfaces/srv/__init__.py
[0.551s] -- Up-to-date: /home/johan/slam/xiaoying_robot/install/pinpoint_interfaces/local/lib/python3.10/dist-packages/pinpoint_interfaces/srv/_speach_text.py
[0.551s] -- Up-to-date: /home/johan/slam/xiaoying_robot/install/pinpoint_interfaces/local/lib/python3.10/dist-packages/pinpoint_interfaces/_pinpoint_interfaces_s.ep.rosidl_typesupport_fastrtps_c.c
[0.552s] -- Up-to-date: /home/johan/slam/xiaoying_robot/install/pinpoint_interfaces/local/lib/python3.10/dist-packages/pinpoint_interfaces/__init__.py
[0.552s] -- Up-to-date: /home/johan/slam/xiaoying_robot/install/pinpoint_interfaces/local/lib/python3.10/dist-packages/pinpoint_interfaces/pinpoint_interfaces_s__rosidl_typesupport_introspection_c.cpython-310-x86_64-linux-gnu.so
[0.552s] -- Up-to-date: /home/johan/slam/xiaoying_robot/install/pinpoint_interfaces/local/lib/python3.10/dist-packages/pinpoint_interfaces/pinpoint_interfaces_s__rosidl_typesupport_fastrtps_c.cpython-310-x86_64-linux-gnu.so
[0.552s] -- Up-to-date: /home/johan/slam/xiaoying_robot/install/pinpoint_interfaces/local/lib/python3.10/dist-packages/pinpoint_interfaces/pinpoint_interfaces_s__rosidl_typesupport_c.cpython-310-x86_64-linux-gnu.so
[0.552s] -- Up-to-date: /home/johan/slam/xiaoying_robot/install/pinpoint_interfaces/local/lib/python3.10/dist-packages/pinpoint_interfaces/libpinpoint_interfaces__rosidl_generator_py.so
[0.552s] -- Up-to-date: /home/johan/slam/xiaoying_robot/install/pinpoint_interfaces/local/lib/python3.10/dist-packages/pinpoint_interfaces/_pinpoint_interfaces_s.ep.rosidl_typesupport_introspection_c.c
[0.552s] -- Up-to-date: /home/johan/slam/xiaoying_robot/install/pinpoint_interfaces/local/lib/python3.10/dist-packages/pinpoint_interfaces/_pinpoint_interfaces_s.ep.rosidl_typesupport_c.c
[0.571s] Listing '/home/johan/slam/xiaoying_robot/install/pinpoint_interfaces/local/lib/python3.10/dist-packages/pinpoint_interfaces'...
[0.571s] Listing '/home/johan/slam/xiaoying_robot/install/pinpoint_interfaces/local/lib/python3.10/dist-packages/pinpoint_interfaces/srv'...
[0.573s] -- Up-to-date: /home/johan/slam/xiaoying_robot/install/pinpoint_interfaces/local/lib/python3.10/dist-packages/pinpoint_interfaces/pinpoint_interfaces_s__rosidl_typesupport_fastrtps_c.cpython-310-x86_64-linux-gnu.so
[0.573s] -- Up-to-date: /home/johan/slam/xiaoying_robot/install/pinpoint_interfaces/local/lib/python3.10/dist-packages/pinpoint_interfaces/pinpoint_interfaces_s__rosidl_typesupport_introspection_c.cpython-310-x86_64-linux-gnu.so
[0.574s] -- Up-to-date: /home/johan/slam/xiaoying_robot/install/pinpoint_interfaces/local/lib/python3.10/dist-packages/pinpoint_interfaces/pinpoint_interfaces_s__rosidl_typesupport_c.cpython-310-x86_64-linux-gnu.so
[0.574s] -- Up-to-date: /home/johan/slam/xiaoying_robot/install/pinpoint_interfaces/lib/libpinpoint_interfaces__rosidl_generator_py.so
[0.574s] -- Up-to-date: /home/johan/slam/xiaoying_robot/install/pinpoint_interfaces/share/pinpoint_interfaces/srv/SpeachText.idl
[0.574s] -- Up-to-date: /home/johan/slam/xiaoying_robot/install/pinpoint_interfaces/share/pinpoint_interfaces/srv/SpeachText.srv
[0.574s] -- Up-to-date: /home/johan/slam/xiaoying_robot/install/pinpoint_interfaces/share/pinpoint_interfaces/srv/SpeachText_Request.msg
[0.574s] -- Up-to-date: /home/johan/slam/xiaoying_robot/install/pinpoint_interfaces/share/pinpoint_interfaces/srv/SpeachText_Response.msg
[0.574s] -- Up-to-date: /home/johan/slam/xiaoying_robot/install/pinpoint_interfaces/share/ament_index/resource_index/package_run_dependencies/pinpoint_interfaces
[0.575s] -- Up-to-date: /home/johan/slam/xiaoying_robot/install/pinpoint_interfaces/share/ament_index/resource_index/parent_prefix_path/pinpoint_interfaces
[0.575s] -- Up-to-date: /home/johan/slam/xiaoying_robot/install/pinpoint_interfaces/share/pinpoint_interfaces/environment/ament_prefix_path.sh
[0.575s] -- Up-to-date: /home/johan/slam/xiaoying_robot/install/pinpoint_interfaces/share/pinpoint_interfaces/environment/ament_prefix_path.dsv
[0.575s] -- Up-to-date: /home/johan/slam/xiaoying_robot/install/pinpoint_interfaces/share/pinpoint_interfaces/environment/path.sh
[0.575s] -- Up-to-date: /home/johan/slam/xiaoying_robot/install/pinpoint_interfaces/share/pinpoint_interfaces/environment/path.dsv
[0.575s] -- Up-to-date: /home/johan/slam/xiaoying_robot/install/pinpoint_interfaces/share/pinpoint_interfaces/local_setup.bash
[0.575s] -- Up-to-date: /home/johan/slam/xiaoying_robot/install/pinpoint_interfaces/share/pinpoint_interfaces/local_setup.sh
[0.575s] -- Up-to-date: /home/johan/slam/xiaoying_robot/install/pinpoint_interfaces/share/pinpoint_interfaces/local_setup.zsh
[0.575s] -- Up-to-date: /home/johan/slam/xiaoying_robot/install/pinpoint_interfaces/share/pinpoint_interfaces/local_setup.dsv
[0.576s] -- Installing: /home/johan/slam/xiaoying_robot/install/pinpoint_interfaces/share/pinpoint_interfaces/package.dsv
[0.576s] -- Up-to-date: /home/johan/slam/xiaoying_robot/install/pinpoint_interfaces/share/ament_index/resource_index/packages/pinpoint_interfaces
[0.576s] -- Up-to-date: /home/johan/slam/xiaoying_robot/install/pinpoint_interfaces/share/pinpoint_interfaces/cmake/export_pinpoint_interfaces__rosidl_generator_cExport.cmake
[0.576s] -- Up-to-date: /home/johan/slam/xiaoying_robot/install/pinpoint_interfaces/share/pinpoint_interfaces/cmake/export_pinpoint_interfaces__rosidl_generator_cExport-noconfig.cmake
[0.576s] -- Up-to-date: /home/johan/slam/xiaoying_robot/install/pinpoint_interfaces/share/pinpoint_interfaces/cmake/export_pinpoint_interfaces__rosidl_typesupport_fastrtps_cExport.cmake
[0.577s] -- Up-to-date: /home/johan/slam/xiaoying_robot/install/pinpoint_interfaces/share/pinpoint_interfaces/cmake/export_pinpoint_interfaces__rosidl_typesupport_fastrtps_cExport-noconfig.cmake
[0.577s] -- Up-to-date: /home/johan/slam/xiaoying_robot/install/pinpoint_interfaces/share/pinpoint_interfaces/cmake/pinpoint_interfaces__rosidl_typesupport_introspection_cExport.cmake
[0.577s] -- Up-to-date: /home/johan/slam/xiaoying_robot/install/pinpoint_interfaces/share/pinpoint_interfaces/cmake/pinpoint_interfaces__rosidl_typesupport_introspection_cExport-noconfig.cmake
[0.577s] -- Up-to-date: /home/johan/slam/xiaoying_robot/install/pinpoint_interfaces/share/pinpoint_interfaces/cmake/pinpoint_interfaces__rosidl_typesupport_cExport.cmake
[0.577s] -- Up-to-date: /home/johan/slam/xiaoying_robot/install/pinpoint_interfaces/share/pinpoint_interfaces/cmake/pinpoint_interfaces__rosidl_typesupport_cExport-noconfig.cmake
[0.577s] -- Up-to-date: /home/johan/slam/xiaoying_robot/install/pinpoint_interfaces/share/pinpoint_interfaces/cmake/export_pinpoint_interfaces__rosidl_generator_cppExport.cmake
[0.577s] -- Up-to-date: /home/johan/slam/xiaoying_robot/install/pinpoint_interfaces/share/pinpoint_interfaces/cmake/export_pinpoint_interfaces__rosidl_typesupport_fastrtps_cppExport.cmake
[0.577s] -- Up-to-date: /home/johan/slam/xiaoying_robot/install/pinpoint_interfaces/share/pinpoint_interfaces/cmake/export_pinpoint_interfaces__rosidl_typesupport_fastrtps_cppExport-noconfig.cmake
[0.577s] -- Up-to-date: /home/johan/slam/xiaoying_robot/install/pinpoint_interfaces/share/pinpoint_interfaces/cmake/pinpoint_interfaces__rosidl_typesupport_introspection_cppExport.cmake
[0.577s] -- Up-to-date: /home/johan/slam/xiaoying_robot/install/pinpoint_interfaces/share/pinpoint_interfaces/cmake/pinpoint_interfaces__rosidl_typesupport_introspection_cppExport-noconfig.cmake
[0.577s] -- Up-to-date: /home/johan/slam/xiaoying_robot/install/pinpoint_interfaces/share/pinpoint_interfaces/cmake/pinpoint_interfaces__rosidl_typesupport_cppExport.cmake
[0.577s] -- Up-to-date: /home/johan/slam/xiaoying_robot/install/pinpoint_interfaces/share/pinpoint_interfaces/cmake/pinpoint_interfaces__rosidl_typesupport_cppExport-noconfig.cmake
[0.577s] -- Up-to-date: /home/johan/slam/xiaoying_robot/install/pinpoint_interfaces/share/pinpoint_interfaces/cmake/export_pinpoint_interfaces__rosidl_generator_pyExport.cmake
[0.577s] -- Up-to-date: /home/johan/slam/xiaoying_robot/install/pinpoint_interfaces/share/pinpoint_interfaces/cmake/export_pinpoint_interfaces__rosidl_generator_pyExport-noconfig.cmake
[0.578s] -- Up-to-date: /home/johan/slam/xiaoying_robot/install/pinpoint_interfaces/share/pinpoint_interfaces/cmake/rosidl_cmake-extras.cmake
[0.578s] -- Up-to-date: /home/johan/slam/xiaoying_robot/install/pinpoint_interfaces/share/pinpoint_interfaces/cmake/ament_cmake_export_include_directories-extras.cmake
[0.578s] -- Up-to-date: /home/johan/slam/xiaoying_robot/install/pinpoint_interfaces/share/pinpoint_interfaces/cmake/ament_cmake_export_libraries-extras.cmake
[0.578s] -- Up-to-date: /home/johan/slam/xiaoying_robot/install/pinpoint_interfaces/share/pinpoint_interfaces/cmake/ament_cmake_export_targets-extras.cmake
[0.578s] -- Up-to-date: /home/johan/slam/xiaoying_robot/install/pinpoint_interfaces/share/pinpoint_interfaces/cmake/rosidl_cmake_export_typesupport_targets-extras.cmake
[0.578s] -- Up-to-date: /home/johan/slam/xiaoying_robot/install/pinpoint_interfaces/share/pinpoint_interfaces/cmake/ament_cmake_export_dependencies-extras.cmake
[0.578s] -- Up-to-date: /home/johan/slam/xiaoying_robot/install/pinpoint_interfaces/share/pinpoint_interfaces/cmake/rosidl_cmake_export_typesupport_libraries-extras.cmake
[0.578s] -- Up-to-date: /home/johan/slam/xiaoying_robot/install/pinpoint_interfaces/share/pinpoint_interfaces/cmake/pinpoint_interfacesConfig.cmake
[0.578s] -- Up-to-date: /home/johan/slam/xiaoying_robot/install/pinpoint_interfaces/share/pinpoint_interfaces/cmake/pinpoint_interfacesConfig-version.cmake
[0.578s] -- Up-to-date: /home/johan/slam/xiaoying_robot/install/pinpoint_interfaces/share/pinpoint_interfaces/package.xml
[0.579s] Invoked command in '/home/johan/slam/xiaoying_robot/build/pinpoint_interfaces' returned '0': CMAKE_PREFIX_PATH=${CMAKE_PREFIX_PATH}:/home/johan/slam/xiaoying_robot/install/auto_pinpoint_robot:/opt/ros/humble /usr/bin/cmake --install /home/johan/slam/xiaoying_robot/build/pinpoint_interfaces
