[0.018s] Invoking command in '/home/johan/slam/xiaoying_robot/build/livox_ros_driver2': CMAKE_PREFIX_PATH=/opt/ros/humble /usr/bin/cmake /home/johan/slam/xiaoying_robot/src/sensors/livox_ros_driver2 -DCMAKE_INSTALL_PREFIX=/home/johan/slam/xiaoying_robot/install/livox_ros_driver2
[0.190s] -- The C compiler identification is GNU 11.4.0
[0.190s] -- The CXX compiler identification is GNU 11.4.0
[0.190s] -- Detecting C compiler ABI info
[0.190s] -- Detecting C compiler ABI info - done
[0.190s] -- Check for working C compiler: /usr/bin/cc - skipped
[0.190s] -- Detecting C compile features
[0.190s] -- Detecting C compile features - done
[0.190s] -- Detecting CXX compiler ABI info
[0.198s] -- Detecting CXX compiler ABI info - done
[0.203s] -- Check for working CXX compiler: /usr/bin/c++ - skipped
[0.203s] -- Detecting CXX compile features
[0.203s] -- Detecting CXX compile features - done
[0.204s] -- livox_ros_driver2 version: 1.0.0
[0.205s] -- Found ament_cmake_auto: 1.3.9 (/opt/ros/humble/share/ament_cmake_auto/cmake)
[0.325s] -- Found Python3: /usr/bin/python3 (found version "3.10.12") found components: Interpreter 
[0.479s] -- Using all available rosidl_typesupport_c: rosidl_typesupport_fastrtps_c;rosidl_typesupport_introspection_c
[0.483s] -- Found rosidl_adapter: 3.1.5 (/opt/ros/humble/share/rosidl_adapter/cmake)
[0.510s] -- Using all available rosidl_typesupport_cpp: rosidl_typesupport_fastrtps_cpp;rosidl_typesupport_introspection_cpp
[0.586s] -- Found rmw_implementation_cmake: 6.1.2 (/opt/ros/humble/share/rmw_implementation_cmake/cmake)
[0.588s] -- Found rmw_fastrtps_cpp: 6.2.6 (/opt/ros/humble/share/rmw_fastrtps_cpp/cmake)
[0.651s] -- Found OpenSSL: /usr/lib/x86_64-linux-gnu/libcrypto.so (found version "3.0.2")  
[0.670s] -- Found FastRTPS: /opt/ros/humble/include  
[0.704s] -- Using RMW implementation 'rmw_fastrtps_cpp' as default
[0.710s] -- Looking for pthread.h
[0.756s] -- Looking for pthread.h - found
[0.756s] -- Performing Test CMAKE_HAVE_LIBC_PTHREAD
[0.805s] -- Performing Test CMAKE_HAVE_LIBC_PTHREAD - Success
[0.806s] -- Found Threads: TRUE  
[1.201s] -- Checking for module 'eigen3'
[1.208s] --   Found eigen3, version 3.4.0
[1.227s] -- Found Eigen: /usr/include/eigen3 (Required is at least version "3.1") 
[1.227s] -- Eigen found (include: /usr/include/eigen3, version: 3.4.0)
[1.239s] -- Found Boost: /usr/lib/x86_64-linux-gnu/cmake/Boost-1.74.0/BoostConfig.cmake (found suitable version "1.74.0", minimum required is "1.65.0") found components: system filesystem date_time iostreams serialization 
[1.251s] -- Checking for module 'flann'
[1.258s] --   Found flann, version 1.9.1
[1.281s] -- Found FLANN: /usr/lib/x86_64-linux-gnu/libflann_cpp.so  
[1.281s] -- FLANN found (include: /usr/include, lib: /usr/lib/x86_64-linux-gnu/libflann_cpp.so)
[1.307s] -- Found GLEW: /usr/lib/x86_64-linux-gnu/libGLEW.so  
[1.311s] -- Found OpenGL: /usr/lib/x86_64-linux-gnu/libOpenGL.so  found components: OpenGL GLX 
[1.399s] -- Found MPI_C: /usr/lib/x86_64-linux-gnu/libmpi.so (found version "3.1") 
[1.400s] -- Found MPI: TRUE (found version "3.1") found components: C 
[1.402s] -- Found JsonCpp: /usr/lib/x86_64-linux-gnu/libjsoncpp.so (found suitable version "1.9.5", minimum required is "0.7.0") 
[1.414s] -- Found ZLIB: /usr/lib/x86_64-linux-gnu/libz.so (found version "1.2.11") 
[1.435s] -- Found PNG: /usr/lib/x86_64-linux-gnu/libpng.so (found version "1.6.37") 
[1.448s] -- Found Eigen3: /usr/include/eigen3 (found version "3.4.0") 
[1.530s] -- Found X11: /usr/include   
[1.530s] -- Looking for XOpenDisplay in /usr/lib/x86_64-linux-gnu/libX11.so;/usr/lib/x86_64-linux-gnu/libXext.so
[1.579s] -- Looking for XOpenDisplay in /usr/lib/x86_64-linux-gnu/libX11.so;/usr/lib/x86_64-linux-gnu/libXext.so - found
[1.579s] -- Looking for gethostbyname
[1.628s] -- Looking for gethostbyname - found
[1.628s] -- Looking for connect
[1.682s] -- Looking for connect - found
[1.682s] -- Looking for remove
[1.759s] -- Looking for remove - found
[1.759s] -- Looking for shmat
[1.829s] -- Looking for shmat - found
[1.829s] -- Looking for IceConnectionNumber in ICE
[1.902s] -- Looking for IceConnectionNumber in ICE - found
[2.014s] -- Found EXPAT: /usr/lib/x86_64-linux-gnu/libexpat.so (found version "2.4.7") 
[2.017s] -- Found double-conversion: /usr/lib/x86_64-linux-gnu/libdouble-conversion.so  
[2.019s] -- Found LZ4: /usr/lib/x86_64-linux-gnu/liblz4.so (found version "1.9.3") 
[2.022s] -- Found LZMA: /usr/lib/x86_64-linux-gnu/liblzma.so (found version "5.2.5") 
[2.039s] -- Found JPEG: /usr/lib/x86_64-linux-gnu/libjpeg.so (found version "80") 
[2.046s] -- Found TIFF: /usr/lib/x86_64-linux-gnu/libtiff.so (found version "4.3.0")  
[2.050s] -- Found Freetype: /usr/lib/x86_64-linux-gnu/libfreetype.so (found version "2.11.1") 
[2.057s] -- Found utf8cpp: /usr/include/utf8cpp  
[2.163s] -- Checking for module 'libusb-1.0'
[2.184s] --   Found libusb-1.0, version 1.0.25
[2.278s] -- Found libusb: /usr/lib/x86_64-linux-gnu/libusb-1.0.so  
[2.279s] -- Found OpenNI: /usr/lib/libOpenNI.so;libusb::libusb (found version "1.5.4.0") 
[2.279s] -- OpenNI found (version: 1.5.4.0, include: /usr/include/ni, lib: /usr/lib/libOpenNI.so;libusb::libusb)
[2.361s] -- Found OpenNI2: /usr/lib/x86_64-linux-gnu/libOpenNI2.so;libusb::libusb (found version "2.2.0.33") 
[2.361s] -- OpenNI2 found (version: 2.2.0.33, include: /usr/include/openni2, lib: /usr/lib/x86_64-linux-gnu/libOpenNI2.so;libusb::libusb)
[2.361s] [0m** WARNING ** io features related to pcap will be disabled[0m
[2.558s] -- Eigen found (include: /usr/include/eigen3, version: 3.4.0)
[2.563s] -- OpenNI found (version: 1.5.4.0, include: /usr/include/ni, lib: /usr/lib/libOpenNI.so;libusb::libusb)
[2.569s] -- OpenNI2 found (version: 2.2.0.33, include: /usr/include/openni2, lib: /usr/lib/x86_64-linux-gnu/libOpenNI2.so;libusb::libusb)
[2.698s] -- Found Qhull version 8.0.2
[2.812s] -- OpenNI found (version: 1.5.4.0, include: /usr/include/ni, lib: /usr/lib/libOpenNI.so;libusb::libusb)
[2.920s] -- looking for PCL_COMMON
[2.920s] -- Found PCL_COMMON: /usr/lib/x86_64-linux-gnu/libpcl_common.so  
[2.921s] -- looking for PCL_KDTREE
[2.922s] -- Found PCL_KDTREE: /usr/lib/x86_64-linux-gnu/libpcl_kdtree.so  
[2.922s] -- looking for PCL_OCTREE
[2.922s] -- Found PCL_OCTREE: /usr/lib/x86_64-linux-gnu/libpcl_octree.so  
[2.922s] -- looking for PCL_SEARCH
[2.923s] -- Found PCL_SEARCH: /usr/lib/x86_64-linux-gnu/libpcl_search.so  
[2.923s] -- looking for PCL_SAMPLE_CONSENSUS
[2.923s] -- Found PCL_SAMPLE_CONSENSUS: /usr/lib/x86_64-linux-gnu/libpcl_sample_consensus.so  
[2.923s] -- looking for PCL_FILTERS
[2.924s] -- Found PCL_FILTERS: /usr/lib/x86_64-linux-gnu/libpcl_filters.so  
[2.924s] -- looking for PCL_2D
[2.924s] -- Found PCL_2D: /usr/include/pcl-1.12  
[2.924s] -- looking for PCL_GEOMETRY
[2.925s] -- Found PCL_GEOMETRY: /usr/include/pcl-1.12  
[2.925s] -- looking for PCL_IO
[2.925s] -- Found PCL_IO: /usr/lib/x86_64-linux-gnu/libpcl_io.so  
[2.925s] -- looking for PCL_FEATURES
[2.926s] -- Found PCL_FEATURES: /usr/lib/x86_64-linux-gnu/libpcl_features.so  
[2.926s] -- looking for PCL_ML
[2.927s] -- Found PCL_ML: /usr/lib/x86_64-linux-gnu/libpcl_ml.so  
[2.927s] -- looking for PCL_SEGMENTATION
[2.927s] -- Found PCL_SEGMENTATION: /usr/lib/x86_64-linux-gnu/libpcl_segmentation.so  
[2.928s] -- looking for PCL_VISUALIZATION
[2.928s] -- Found PCL_VISUALIZATION: /usr/lib/x86_64-linux-gnu/libpcl_visualization.so  
[2.928s] -- looking for PCL_SURFACE
[2.929s] -- Found PCL_SURFACE: /usr/lib/x86_64-linux-gnu/libpcl_surface.so  
[2.929s] -- looking for PCL_REGISTRATION
[2.930s] -- Found PCL_REGISTRATION: /usr/lib/x86_64-linux-gnu/libpcl_registration.so  
[2.930s] -- looking for PCL_KEYPOINTS
[2.930s] -- Found PCL_KEYPOINTS: /usr/lib/x86_64-linux-gnu/libpcl_keypoints.so  
[2.930s] -- looking for PCL_TRACKING
[2.931s] -- Found PCL_TRACKING: /usr/lib/x86_64-linux-gnu/libpcl_tracking.so  
[2.931s] -- looking for PCL_RECOGNITION
[2.932s] -- Found PCL_RECOGNITION: /usr/lib/x86_64-linux-gnu/libpcl_recognition.so  
[2.932s] -- looking for PCL_STEREO
[2.932s] -- Found PCL_STEREO: /usr/lib/x86_64-linux-gnu/libpcl_stereo.so  
[2.933s] -- looking for PCL_APPS
[2.933s] -- Found PCL_APPS: /usr/lib/x86_64-linux-gnu/libpcl_apps.so  
[2.934s] -- looking for PCL_IN_HAND_SCANNER
[2.934s] -- Found PCL_IN_HAND_SCANNER: /usr/include/pcl-1.12  
[2.934s] -- looking for PCL_MODELER
[2.934s] -- Found PCL_MODELER: /usr/include/pcl-1.12  
[2.934s] -- looking for PCL_POINT_CLOUD_EDITOR
[2.934s] -- Found PCL_POINT_CLOUD_EDITOR: /usr/include/pcl-1.12  
[2.934s] -- looking for PCL_OUTOFCORE
[2.935s] -- Found PCL_OUTOFCORE: /usr/lib/x86_64-linux-gnu/libpcl_outofcore.so  
[2.935s] -- looking for PCL_PEOPLE
[2.936s] -- Found PCL_PEOPLE: /usr/lib/x86_64-linux-gnu/libpcl_people.so  
[2.936s] -- Found PCL: pcl_common;pcl_kdtree;pcl_octree;pcl_search;pcl_sample_consensus;pcl_filters;pcl_io;pcl_features;pcl_ml;pcl_segmentation;pcl_visualization;pcl_surface;pcl_registration;pcl_keypoints;pcl_tracking;pcl_recognition;pcl_stereo;pcl_apps;pcl_outofcore;pcl_people;Boost::system;Boost::filesystem;Boost::date_time;Boost::iostreams;Boost::serialization;/usr/lib/libOpenNI.so;libusb::libusb;/usr/lib/x86_64-linux-gnu/libOpenNI2.so;libusb::libusb;VTK::ChartsCore;VTK::CommonColor;VTK::CommonComputationalGeometry;VTK::CommonCore;VTK::CommonDataModel;VTK::CommonExecutionModel;VTK::CommonMath;VTK::CommonMisc;VTK::CommonTransforms;VTK::FiltersCore;VTK::FiltersExtraction;VTK::FiltersGeneral;VTK::FiltersGeometry;VTK::FiltersModeling;VTK::FiltersSources;VTK::ImagingCore;VTK::ImagingSources;VTK::InteractionImage;VTK::InteractionStyle;VTK::InteractionWidgets;VTK::IOCore;VTK::IOGeometry;VTK::IOImage;VTK::IOLegacy;VTK::IOPLY;VTK::RenderingAnnotation;VTK::RenderingCore;VTK::RenderingContext2D;VTK::RenderingLOD;VTK::RenderingFreeType;VTK::ViewsCore;VTK::ViewsContext2D;VTK::RenderingOpenGL2;VTK::GUISupportQt;FLANN::FLANN;QHULL::QHULL  
[2.940s] -- Found PkgConfig: /usr/bin/pkg-config (found version "1.8.0") 
[2.941s] -- Checking for module 'apr-1'
[2.951s] --   Found apr-1, version 1.7.0
[2.974s] [0m/usr/include/apr-1.0[0m
[2.974s] [0mapr-1[0m
[3.223s] -- Found ament_cmake_ros: 0.10.0 (/opt/ros/humble/share/ament_cmake_ros/cmake)
[3.492s] -- Using all available rosidl_typesupport_c: rosidl_typesupport_fastrtps_c;rosidl_typesupport_introspection_c
[3.829s] -- Using all available rosidl_typesupport_cpp: rosidl_typesupport_fastrtps_cpp;rosidl_typesupport_introspection_cpp
[3.858s] -- Found PythonInterp: /usr/bin/python3 (found suitable version "3.10.12", minimum required is "3.6") 
[3.859s] -- Found python_cmake_module: 0.10.0 (/opt/ros/humble/share/python_cmake_module/cmake)
[3.891s] -- Found PythonLibs: /usr/lib/x86_64-linux-gnu/libpython3.10.so (found suitable version "3.10.12", minimum required is "3.5") 
[3.891s] -- Using PYTHON_EXECUTABLE: /usr/bin/python3
[3.891s] -- Using PYTHON_INCLUDE_DIRS: /usr/include/python3.10
[3.891s] -- Using PYTHON_LIBRARIES: /usr/lib/x86_64-linux-gnu/libpython3.10.so
[3.918s] -- Found PythonExtra: .so  
[3.976s] [0m/usr/local/lib/liblivox_lidar_sdk_shared.so[0m
[4.052s] -- Found ament_lint_auto: 0.12.11 (/opt/ros/humble/share/ament_lint_auto/cmake)
[4.066s] -- Added test 'copyright' to check source files copyright and LICENSE
[4.068s] -- Added test 'cppcheck' to perform static code analysis on C / C++ code
[4.068s] -- Configured cppcheck include dirs: /home/johan/slam/xiaoying_robot/src/sensors/livox_ros_driver2/3rdparty;/home/johan/slam/xiaoying_robot/src/sensors/livox_ros_driver2/src
[4.069s] -- Configured cppcheck exclude dirs and/or files: 
[4.070s] -- Added test 'cpplint' to check C / C++ code against the Google style
[4.071s] -- Configured cpplint exclude dirs and/or files: 
[4.071s] -- Added test 'flake8' to check Python code syntax and style conventions
[4.072s] -- Added test 'lint_cmake' to check CMake code style
[4.072s] -- Added test 'pep257' to check Python code against some of the docstring style conventions in PEP 257
[4.074s] -- Added test 'uncrustify' to check C / C++ code style
[4.074s] -- Configured uncrustify additional arguments: 
[4.074s] -- Added test 'xmllint' to check XML markup files
[4.076s] -- Configuring done
[4.117s] -- Generating done
[4.119s] -- Build files have been written to: /home/johan/slam/xiaoying_robot/build/livox_ros_driver2
[4.135s] Invoked command in '/home/johan/slam/xiaoying_robot/build/livox_ros_driver2' returned '0': CMAKE_PREFIX_PATH=/opt/ros/humble /usr/bin/cmake /home/johan/slam/xiaoying_robot/src/sensors/livox_ros_driver2 -DCMAKE_INSTALL_PREFIX=/home/johan/slam/xiaoying_robot/install/livox_ros_driver2
[4.137s] Invoking command in '/home/johan/slam/xiaoying_robot/build/livox_ros_driver2': CMAKE_PREFIX_PATH=/opt/ros/humble /usr/bin/cmake --build /home/johan/slam/xiaoying_robot/build/livox_ros_driver2 -- -j16 -l16
[4.174s] [  1%] [34m[1mGenerating C code for ROS interfaces[0m
[4.176s] [  3%] [34m[1mGenerating C++ code for ROS interfaces[0m
[4.186s] [  5%] [32mBuilding CXX object CMakeFiles/livox_ros_driver2_node.dir/rclcpp_components/node_main_livox_ros_driver2_node.cpp.o[0m
[4.196s] [  5%] Built target ament_cmake_python_copy_livox_ros_driver2
[4.463s] [  5%] Built target livox_interfaces2__cpp
[4.474s] [ 10%] [34m[1mGenerating C++ introspection for ROS interfaces[0m
[4.474s] [ 10%] [34m[1mGenerating C++ type support for eProsima Fast-RTPS[0m
[4.474s] [ 10%] [34m[1mGenerating C++ type support dispatch for ROS interfaces[0m
[4.521s] running egg_info
[4.522s] creating livox_ros_driver2.egg-info
[4.523s] writing livox_ros_driver2.egg-info/PKG-INFO
[4.523s] writing dependency_links to livox_ros_driver2.egg-info/dependency_links.txt
[4.523s] writing top-level names to livox_ros_driver2.egg-info/top_level.txt
[4.524s] writing manifest file 'livox_ros_driver2.egg-info/SOURCES.txt'
[4.527s] reading manifest file 'livox_ros_driver2.egg-info/SOURCES.txt'
[4.527s] writing manifest file 'livox_ros_driver2.egg-info/SOURCES.txt'
[4.568s] [ 10%] Built target ament_cmake_python_build_livox_ros_driver2_egg
[4.743s] [ 14%] [32mBuilding C object CMakeFiles/livox_interfaces2__rosidl_generator_c.dir/rosidl_generator_c/livox_ros_driver2/msg/detail/custom_point__functions.c.o[0m
[4.744s] [ 14%] [32mBuilding C object CMakeFiles/livox_interfaces2__rosidl_generator_c.dir/rosidl_generator_c/livox_ros_driver2/msg/detail/custom_msg__functions.c.o[0m
[4.794s] [ 15%] [32m[1mLinking C shared library liblivox_ros_driver2__rosidl_generator_c.so[0m
[4.834s] [ 15%] Built target livox_interfaces2__rosidl_generator_c
[4.845s] [ 19%] [34m[1mGenerating C type support dispatch for ROS interfaces[0m
[4.845s] [ 19%] [34m[1mGenerating C introspection for ROS interfaces[0m
[4.857s] [ 21%] [34m[1mGenerating C type support for eProsima Fast-RTPS[0m
[4.932s] [ 22%] [32mBuilding CXX object CMakeFiles/livox_interfaces2__rosidl_typesupport_cpp.dir/rosidl_typesupport_cpp/livox_ros_driver2/msg/custom_point__type_support.cpp.o[0m
[4.940s] [ 24%] [32mBuilding CXX object CMakeFiles/livox_interfaces2__rosidl_typesupport_cpp.dir/rosidl_typesupport_cpp/livox_ros_driver2/msg/custom_msg__type_support.cpp.o[0m
[4.984s] [ 26%] [32mBuilding CXX object CMakeFiles/livox_interfaces2__rosidl_typesupport_introspection_cpp.dir/rosidl_typesupport_introspection_cpp/livox_ros_driver2/msg/detail/custom_point__type_support.cpp.o[0m
[5.007s] [ 28%] [32mBuilding CXX object CMakeFiles/livox_interfaces2__rosidl_typesupport_introspection_cpp.dir/rosidl_typesupport_introspection_cpp/livox_ros_driver2/msg/detail/custom_msg__type_support.cpp.o[0m
[5.129s] [ 29%] [32mBuilding CXX object CMakeFiles/livox_interfaces2__rosidl_typesupport_fastrtps_cpp.dir/rosidl_typesupport_fastrtps_cpp/livox_ros_driver2/msg/detail/dds_fastrtps/custom_point__type_support.cpp.o[0m
[5.135s] [ 31%] [32mBuilding CXX object CMakeFiles/livox_interfaces2__rosidl_typesupport_fastrtps_cpp.dir/rosidl_typesupport_fastrtps_cpp/livox_ros_driver2/msg/detail/dds_fastrtps/custom_msg__type_support.cpp.o[0m
[5.342s] [ 33%] [32m[1mLinking CXX shared library liblivox_ros_driver2__rosidl_typesupport_cpp.so[0m
[5.402s] [ 35%] [32mBuilding CXX object CMakeFiles/livox_interfaces2__rosidl_typesupport_c.dir/rosidl_typesupport_c/livox_ros_driver2/msg/custom_point__type_support.cpp.o[0m
[5.403s] [ 36%] [32mBuilding CXX object CMakeFiles/livox_interfaces2__rosidl_typesupport_c.dir/rosidl_typesupport_c/livox_ros_driver2/msg/custom_msg__type_support.cpp.o[0m
[5.410s] [ 38%] [32mBuilding C object CMakeFiles/livox_interfaces2__rosidl_typesupport_introspection_c.dir/rosidl_typesupport_introspection_c/livox_ros_driver2/msg/detail/custom_msg__type_support.c.o[0m
[5.413s] [ 40%] [32mBuilding C object CMakeFiles/livox_interfaces2__rosidl_typesupport_introspection_c.dir/rosidl_typesupport_introspection_c/livox_ros_driver2/msg/detail/custom_point__type_support.c.o[0m
[5.427s] [ 40%] Built target livox_interfaces2__rosidl_typesupport_cpp
[5.448s] [ 42%] [32m[1mLinking CXX shared library liblivox_ros_driver2__rosidl_typesupport_c.so[0m
[5.466s] [ 43%] [32mBuilding CXX object CMakeFiles/livox_interfaces2__rosidl_typesupport_fastrtps_c.dir/rosidl_typesupport_fastrtps_c/livox_ros_driver2/msg/detail/custom_point__type_support_c.cpp.o[0m
[5.476s] [ 45%] [32mBuilding CXX object CMakeFiles/livox_interfaces2__rosidl_typesupport_fastrtps_c.dir/rosidl_typesupport_fastrtps_c/livox_ros_driver2/msg/detail/custom_msg__type_support_c.cpp.o[0m
[5.481s] [ 47%] [32m[1mLinking C shared library liblivox_ros_driver2__rosidl_typesupport_introspection_c.so[0m
[5.489s] [ 49%] [32mBuilding CXX object CMakeFiles/livox_ros_driver2.dir/src/livox_ros_driver2.cpp.o[0m
[5.493s] [ 50%] [32mBuilding CXX object CMakeFiles/livox_ros_driver2.dir/src/driver_node.cpp.o[0m
[5.495s] [ 52%] [32mBuilding CXX object CMakeFiles/livox_ros_driver2.dir/src/lddc.cpp.o[0m
[5.501s] [ 54%] [32mBuilding CXX object CMakeFiles/livox_ros_driver2.dir/src/lds_lidar.cpp.o[0m
[5.511s] [ 56%] [32mBuilding CXX object CMakeFiles/livox_ros_driver2.dir/src/comm/comm.cpp.o[0m
[5.517s] [ 57%] [32mBuilding CXX object CMakeFiles/livox_ros_driver2.dir/src/lds.cpp.o[0m
[5.526s] [ 57%] Built target livox_interfaces2__rosidl_typesupport_c
[5.557s] In file included from [01m[K/home/johan/slam/xiaoying_robot/src/sensors/livox_ros_driver2/src/driver_node.h:28[m[K,
[5.557s]                  from [01m[K/home/johan/slam/xiaoying_robot/src/sensors/livox_ros_driver2/src/driver_node.cpp:25[m[K:
[5.557s] [01m[K/home/johan/slam/xiaoying_robot/src/sensors/livox_ros_driver2/src/include/ros_headers.h:28:[m[K [01;35m[Kwarning: [m[K"BUILDING_ROS2" redefined
[5.557s]    28 | #define BUILDING_ROS2
[5.557s]       | 
[5.557s] [01m[K<command-line>:[m[K [01;36m[Knote: [m[Kthis is the location of the previous definition
[5.591s] [ 59%] [32mBuilding CXX object CMakeFiles/livox_ros_driver2.dir/src/comm/ldq.cpp.o[0m
[5.614s] [ 61%] [32mBuilding CXX object CMakeFiles/livox_ros_driver2.dir/src/comm/semaphore.cpp.o[0m
[5.645s] [ 61%] Built target livox_interfaces2__rosidl_typesupport_introspection_c
[5.646s] [ 63%] [32mBuilding CXX object CMakeFiles/livox_ros_driver2.dir/src/comm/lidar_imu_data_queue.cpp.o[0m
[5.682s] [ 64%] [32mBuilding CXX object CMakeFiles/livox_ros_driver2.dir/src/comm/cache_index.cpp.o[0m
[5.686s] In file included from [01m[K/home/johan/slam/xiaoying_robot/src/sensors/livox_ros_driver2/src/driver_node.h:28[m[K,
[5.686s]                  from [01m[K/home/johan/slam/xiaoying_robot/src/sensors/livox_ros_driver2/src/livox_ros_driver2.cpp:32[m[K:
[5.686s] [01m[K/home/johan/slam/xiaoying_robot/src/sensors/livox_ros_driver2/src/include/ros_headers.h:28:[m[K [01;35m[Kwarning: [m[K"BUILDING_ROS2" redefined
[5.686s]    28 | #define BUILDING_ROS2
[5.686s]       | 
[5.686s] [01m[K<command-line>:[m[K [01;36m[Knote: [m[Kthis is the location of the previous definition
[5.712s] [ 68%] [32mBuilding CXX object CMakeFiles/livox_ros_driver2.dir/src/comm/pub_handler.cpp.o[0m
[5.722s] [ 68%] [32m[1mLinking CXX shared library liblivox_ros_driver2__rosidl_typesupport_introspection_cpp.so[0m
[5.870s] In file included from [01m[K/home/johan/slam/xiaoying_robot/src/sensors/livox_ros_driver2/src/driver_node.h:28[m[K,
[5.870s]                  from [01m[K/home/johan/slam/xiaoying_robot/src/sensors/livox_ros_driver2/src/lddc.h:31[m[K,
[5.870s]                  from [01m[K/home/johan/slam/xiaoying_robot/src/sensors/livox_ros_driver2/src/lddc.cpp:25[m[K:
[5.870s] [01m[K/home/johan/slam/xiaoying_robot/src/sensors/livox_ros_driver2/src/include/ros_headers.h:28:[m[K [01;35m[Kwarning: [m[K"BUILDING_ROS2" redefined
[5.870s]    28 | #define BUILDING_ROS2
[5.870s]       | 
[5.870s] [01m[K<command-line>:[m[K [01;36m[Knote: [m[Kthis is the location of the previous definition
[6.009s] [ 68%] Built target livox_interfaces2__rosidl_typesupport_introspection_cpp
[6.021s] [ 70%] [32mBuilding CXX object CMakeFiles/livox_ros_driver2.dir/src/parse_cfg_file/parse_cfg_file.cpp.o[0m
[6.029s] [ 71%] [32m[1mLinking CXX shared library liblivox_ros_driver2__rosidl_typesupport_fastrtps_cpp.so[0m
[6.034s] [ 73%] [32mBuilding CXX object CMakeFiles/livox_ros_driver2.dir/src/parse_cfg_file/parse_livox_lidar_cfg.cpp.o[0m
[6.071s] [ 75%] [32m[1mLinking CXX shared library liblivox_ros_driver2__rosidl_typesupport_fastrtps_c.so[0m
[6.198s] [ 77%] [32mBuilding CXX object CMakeFiles/livox_ros_driver2.dir/src/call_back/lidar_common_callback.cpp.o[0m
[6.219s] [ 78%] [32mBuilding CXX object CMakeFiles/livox_ros_driver2.dir/src/call_back/livox_lidar_callback.cpp.o[0m
[6.247s] [ 78%] Built target livox_interfaces2__rosidl_typesupport_fastrtps_cpp
[6.358s] [ 78%] Built target livox_interfaces2__rosidl_typesupport_fastrtps_c
[6.502s] [ 78%] Built target livox_interfaces2
[6.620s] [ 80%] [34m[1mGenerating Python code for ROS interfaces[0m
[7.347s] In file included from [01m[K/home/johan/slam/xiaoying_robot/src/sensors/livox_ros_driver2/src/lds_lidar.cpp:47[m[K:
[7.347s] [01m[K/home/johan/slam/xiaoying_robot/src/sensors/livox_ros_driver2/src/comm/pub_handler.h:44:29:[m[K [01;35m[Kwarning: [m[K‘[01m[Klivox_ros::extrinsic_global[m[K’ defined but not used [[01;35m[K]8;;https://gcc.gnu.org/onlinedocs/gcc/Warning-Options.html#index-Wunused-variable-Wunused-variable]8;;[m[K]
[7.348s]    44 | static ExtParameterDetailed [01;35m[Kextrinsic_global[m[K = {
[7.348s]       |                             [01;35m[K^~~~~~~~~~~~~~~~[m[K
[7.578s] [ 80%] Built target livox_interfaces2__py
[7.600s] [ 82%] [32mBuilding C object CMakeFiles/livox_interfaces2__rosidl_generator_py.dir/rosidl_generator_py/livox_ros_driver2/msg/_custom_point_s.c.o[0m
[7.612s] [ 84%] [32mBuilding C object CMakeFiles/livox_interfaces2__rosidl_generator_py.dir/rosidl_generator_py/livox_ros_driver2/msg/_custom_msg_s.c.o[0m
[7.725s] [ 85%] [32m[1mLinking C shared library rosidl_generator_py/livox_ros_driver2/liblivox_interfaces2__rosidl_generator_py.so[0m
[7.754s] [ 85%] Built target livox_interfaces2__rosidl_generator_py
[7.775s] [ 91%] [32mBuilding C object CMakeFiles/livox_ros_driver2__rosidl_typesupport_introspection_c__pyext.dir/rosidl_generator_py/livox_ros_driver2/_livox_ros_driver2_s.ep.rosidl_typesupport_introspection_c.c.o[0m
[7.775s] [ 91%] [32mBuilding C object CMakeFiles/livox_ros_driver2__rosidl_typesupport_c__pyext.dir/rosidl_generator_py/livox_ros_driver2/_livox_ros_driver2_s.ep.rosidl_typesupport_c.c.o[0m
[7.775s] [ 91%] [32mBuilding C object CMakeFiles/livox_ros_driver2__rosidl_typesupport_fastrtps_c__pyext.dir/rosidl_generator_py/livox_ros_driver2/_livox_ros_driver2_s.ep.rosidl_typesupport_fastrtps_c.c.o[0m
[7.880s] [ 94%] [32m[1mLinking C shared library rosidl_generator_py/livox_ros_driver2/livox_ros_driver2_s__rosidl_typesupport_fastrtps_c.cpython-310-x86_64-linux-gnu.so[0m
[7.880s] [ 94%] [32m[1mLinking C shared library rosidl_generator_py/livox_ros_driver2/livox_ros_driver2_s__rosidl_typesupport_c.cpython-310-x86_64-linux-gnu.so[0m
[7.882s] [ 96%] [32m[1mLinking C shared library rosidl_generator_py/livox_ros_driver2/livox_ros_driver2_s__rosidl_typesupport_introspection_c.cpython-310-x86_64-linux-gnu.so[0m
[7.921s] [ 96%] Built target livox_ros_driver2__rosidl_typesupport_fastrtps_c__pyext
[7.924s] [ 96%] Built target livox_ros_driver2__rosidl_typesupport_c__pyext
[7.926s] [ 96%] Built target livox_ros_driver2__rosidl_typesupport_introspection_c__pyext
[8.566s] [ 98%] [32m[1mLinking CXX executable livox_ros_driver2_node[0m
[8.710s] [ 98%] Built target livox_ros_driver2_node
[14.600s] [100%] [32m[1mLinking CXX shared library liblivox_ros_driver2.so[0m
[14.962s] [100%] Built target livox_ros_driver2
[14.977s] Invoked command in '/home/johan/slam/xiaoying_robot/build/livox_ros_driver2' returned '0': CMAKE_PREFIX_PATH=/opt/ros/humble /usr/bin/cmake --build /home/johan/slam/xiaoying_robot/build/livox_ros_driver2 -- -j16 -l16
[15.046s] Invoking command in '/home/johan/slam/xiaoying_robot/build/livox_ros_driver2': CMAKE_PREFIX_PATH=/opt/ros/humble /usr/bin/cmake --install /home/johan/slam/xiaoying_robot/build/livox_ros_driver2
[15.054s] -- Install configuration: ""
[15.054s] -- Installing: /home/johan/slam/xiaoying_robot/install/livox_ros_driver2/share/ament_index/resource_index/rosidl_interfaces/livox_ros_driver2
[15.054s] -- Installing: /home/johan/slam/xiaoying_robot/install/livox_ros_driver2/include/livox_ros_driver2/livox_ros_driver2
[15.054s] -- Installing: /home/johan/slam/xiaoying_robot/install/livox_ros_driver2/include/livox_ros_driver2/livox_ros_driver2/msg
[15.055s] -- Installing: /home/johan/slam/xiaoying_robot/install/livox_ros_driver2/include/livox_ros_driver2/livox_ros_driver2/msg/custom_point.h
[15.055s] -- Installing: /home/johan/slam/xiaoying_robot/install/livox_ros_driver2/include/livox_ros_driver2/livox_ros_driver2/msg/rosidl_generator_c__visibility_control.h
[15.055s] -- Installing: /home/johan/slam/xiaoying_robot/install/livox_ros_driver2/include/livox_ros_driver2/livox_ros_driver2/msg/detail
[15.055s] -- Installing: /home/johan/slam/xiaoying_robot/install/livox_ros_driver2/include/livox_ros_driver2/livox_ros_driver2/msg/detail/custom_msg__functions.c
[15.055s] -- Installing: /home/johan/slam/xiaoying_robot/install/livox_ros_driver2/include/livox_ros_driver2/livox_ros_driver2/msg/detail/custom_point__struct.h
[15.055s] -- Installing: /home/johan/slam/xiaoying_robot/install/livox_ros_driver2/include/livox_ros_driver2/livox_ros_driver2/msg/detail/custom_point__functions.c
[15.055s] -- Installing: /home/johan/slam/xiaoying_robot/install/livox_ros_driver2/include/livox_ros_driver2/livox_ros_driver2/msg/detail/custom_msg__struct.h
[15.055s] -- Installing: /home/johan/slam/xiaoying_robot/install/livox_ros_driver2/include/livox_ros_driver2/livox_ros_driver2/msg/detail/custom_msg__type_support.h
[15.055s] -- Installing: /home/johan/slam/xiaoying_robot/install/livox_ros_driver2/include/livox_ros_driver2/livox_ros_driver2/msg/detail/custom_point__type_support.h
[15.055s] -- Installing: /home/johan/slam/xiaoying_robot/install/livox_ros_driver2/include/livox_ros_driver2/livox_ros_driver2/msg/detail/custom_point__functions.h
[15.056s] -- Installing: /home/johan/slam/xiaoying_robot/install/livox_ros_driver2/include/livox_ros_driver2/livox_ros_driver2/msg/detail/custom_msg__functions.h
[15.056s] -- Installing: /home/johan/slam/xiaoying_robot/install/livox_ros_driver2/include/livox_ros_driver2/livox_ros_driver2/msg/custom_msg.h
[15.056s] -- Installing: /home/johan/slam/xiaoying_robot/install/livox_ros_driver2/share/livox_ros_driver2/environment/library_path.sh
[15.056s] -- Installing: /home/johan/slam/xiaoying_robot/install/livox_ros_driver2/share/livox_ros_driver2/environment/library_path.dsv
[15.056s] -- Installing: /home/johan/slam/xiaoying_robot/install/livox_ros_driver2/lib/liblivox_ros_driver2__rosidl_generator_c.so
[15.056s] -- Set runtime path of "/home/johan/slam/xiaoying_robot/install/livox_ros_driver2/lib/liblivox_ros_driver2__rosidl_generator_c.so" to ""
[15.057s] -- Up-to-date: /home/johan/slam/xiaoying_robot/install/livox_ros_driver2/include/livox_ros_driver2/livox_ros_driver2
[15.057s] -- Up-to-date: /home/johan/slam/xiaoying_robot/install/livox_ros_driver2/include/livox_ros_driver2/livox_ros_driver2/msg
[15.057s] -- Installing: /home/johan/slam/xiaoying_robot/install/livox_ros_driver2/include/livox_ros_driver2/livox_ros_driver2/msg/rosidl_typesupport_fastrtps_c__visibility_control.h
[15.057s] -- Up-to-date: /home/johan/slam/xiaoying_robot/install/livox_ros_driver2/include/livox_ros_driver2/livox_ros_driver2/msg/detail
[15.057s] -- Installing: /home/johan/slam/xiaoying_robot/install/livox_ros_driver2/include/livox_ros_driver2/livox_ros_driver2/msg/detail/custom_msg__rosidl_typesupport_fastrtps_c.h
[15.057s] -- Installing: /home/johan/slam/xiaoying_robot/install/livox_ros_driver2/include/livox_ros_driver2/livox_ros_driver2/msg/detail/custom_point__rosidl_typesupport_fastrtps_c.h
[15.057s] -- Installing: /home/johan/slam/xiaoying_robot/install/livox_ros_driver2/lib/liblivox_ros_driver2__rosidl_typesupport_fastrtps_c.so
[15.057s] -- Set runtime path of "/home/johan/slam/xiaoying_robot/install/livox_ros_driver2/lib/liblivox_ros_driver2__rosidl_typesupport_fastrtps_c.so" to ""
[15.058s] -- Up-to-date: /home/johan/slam/xiaoying_robot/install/livox_ros_driver2/include/livox_ros_driver2/livox_ros_driver2
[15.058s] -- Up-to-date: /home/johan/slam/xiaoying_robot/install/livox_ros_driver2/include/livox_ros_driver2/livox_ros_driver2/msg
[15.058s] -- Installing: /home/johan/slam/xiaoying_robot/install/livox_ros_driver2/include/livox_ros_driver2/livox_ros_driver2/msg/rosidl_typesupport_introspection_c__visibility_control.h
[15.058s] -- Up-to-date: /home/johan/slam/xiaoying_robot/install/livox_ros_driver2/include/livox_ros_driver2/livox_ros_driver2/msg/detail
[15.058s] -- Installing: /home/johan/slam/xiaoying_robot/install/livox_ros_driver2/include/livox_ros_driver2/livox_ros_driver2/msg/detail/custom_msg__rosidl_typesupport_introspection_c.h
[15.058s] -- Installing: /home/johan/slam/xiaoying_robot/install/livox_ros_driver2/include/livox_ros_driver2/livox_ros_driver2/msg/detail/custom_point__rosidl_typesupport_introspection_c.h
[15.058s] -- Installing: /home/johan/slam/xiaoying_robot/install/livox_ros_driver2/include/livox_ros_driver2/livox_ros_driver2/msg/detail/custom_msg__type_support.c
[15.058s] -- Installing: /home/johan/slam/xiaoying_robot/install/livox_ros_driver2/include/livox_ros_driver2/livox_ros_driver2/msg/detail/custom_point__type_support.c
[15.058s] -- Installing: /home/johan/slam/xiaoying_robot/install/livox_ros_driver2/lib/liblivox_ros_driver2__rosidl_typesupport_introspection_c.so
[15.059s] -- Set runtime path of "/home/johan/slam/xiaoying_robot/install/livox_ros_driver2/lib/liblivox_ros_driver2__rosidl_typesupport_introspection_c.so" to ""
[15.059s] -- Installing: /home/johan/slam/xiaoying_robot/install/livox_ros_driver2/lib/liblivox_ros_driver2__rosidl_typesupport_c.so
[15.059s] -- Set runtime path of "/home/johan/slam/xiaoying_robot/install/livox_ros_driver2/lib/liblivox_ros_driver2__rosidl_typesupport_c.so" to ""
[15.059s] -- Up-to-date: /home/johan/slam/xiaoying_robot/install/livox_ros_driver2/include/livox_ros_driver2/livox_ros_driver2
[15.059s] -- Up-to-date: /home/johan/slam/xiaoying_robot/install/livox_ros_driver2/include/livox_ros_driver2/livox_ros_driver2/msg
[15.059s] -- Installing: /home/johan/slam/xiaoying_robot/install/livox_ros_driver2/include/livox_ros_driver2/livox_ros_driver2/msg/custom_point.hpp
[15.059s] -- Up-to-date: /home/johan/slam/xiaoying_robot/install/livox_ros_driver2/include/livox_ros_driver2/livox_ros_driver2/msg/detail
[15.059s] -- Installing: /home/johan/slam/xiaoying_robot/install/livox_ros_driver2/include/livox_ros_driver2/livox_ros_driver2/msg/detail/custom_point__builder.hpp
[15.059s] -- Installing: /home/johan/slam/xiaoying_robot/install/livox_ros_driver2/include/livox_ros_driver2/livox_ros_driver2/msg/detail/custom_msg__builder.hpp
[15.060s] -- Installing: /home/johan/slam/xiaoying_robot/install/livox_ros_driver2/include/livox_ros_driver2/livox_ros_driver2/msg/detail/custom_msg__struct.hpp
[15.060s] -- Installing: /home/johan/slam/xiaoying_robot/install/livox_ros_driver2/include/livox_ros_driver2/livox_ros_driver2/msg/detail/custom_point__struct.hpp
[15.060s] -- Installing: /home/johan/slam/xiaoying_robot/install/livox_ros_driver2/include/livox_ros_driver2/livox_ros_driver2/msg/detail/custom_msg__traits.hpp
[15.060s] -- Installing: /home/johan/slam/xiaoying_robot/install/livox_ros_driver2/include/livox_ros_driver2/livox_ros_driver2/msg/detail/custom_point__traits.hpp
[15.060s] -- Installing: /home/johan/slam/xiaoying_robot/install/livox_ros_driver2/include/livox_ros_driver2/livox_ros_driver2/msg/custom_msg.hpp
[15.060s] -- Up-to-date: /home/johan/slam/xiaoying_robot/install/livox_ros_driver2/include/livox_ros_driver2/livox_ros_driver2
[15.060s] -- Up-to-date: /home/johan/slam/xiaoying_robot/install/livox_ros_driver2/include/livox_ros_driver2/livox_ros_driver2/msg
[15.060s] -- Installing: /home/johan/slam/xiaoying_robot/install/livox_ros_driver2/include/livox_ros_driver2/livox_ros_driver2/msg/rosidl_typesupport_fastrtps_cpp__visibility_control.h
[15.060s] -- Up-to-date: /home/johan/slam/xiaoying_robot/install/livox_ros_driver2/include/livox_ros_driver2/livox_ros_driver2/msg/detail
[15.060s] -- Installing: /home/johan/slam/xiaoying_robot/install/livox_ros_driver2/include/livox_ros_driver2/livox_ros_driver2/msg/detail/custom_msg__rosidl_typesupport_fastrtps_cpp.hpp
[15.060s] -- Installing: /home/johan/slam/xiaoying_robot/install/livox_ros_driver2/include/livox_ros_driver2/livox_ros_driver2/msg/detail/custom_point__rosidl_typesupport_fastrtps_cpp.hpp
[15.061s] -- Installing: /home/johan/slam/xiaoying_robot/install/livox_ros_driver2/include/livox_ros_driver2/livox_ros_driver2/msg/detail/dds_fastrtps
[15.061s] -- Installing: /home/johan/slam/xiaoying_robot/install/livox_ros_driver2/lib/liblivox_ros_driver2__rosidl_typesupport_fastrtps_cpp.so
[15.061s] -- Set runtime path of "/home/johan/slam/xiaoying_robot/install/livox_ros_driver2/lib/liblivox_ros_driver2__rosidl_typesupport_fastrtps_cpp.so" to ""
[15.061s] -- Up-to-date: /home/johan/slam/xiaoying_robot/install/livox_ros_driver2/include/livox_ros_driver2/livox_ros_driver2
[15.061s] -- Up-to-date: /home/johan/slam/xiaoying_robot/install/livox_ros_driver2/include/livox_ros_driver2/livox_ros_driver2/msg
[15.061s] -- Up-to-date: /home/johan/slam/xiaoying_robot/install/livox_ros_driver2/include/livox_ros_driver2/livox_ros_driver2/msg/detail
[15.061s] -- Installing: /home/johan/slam/xiaoying_robot/install/livox_ros_driver2/include/livox_ros_driver2/livox_ros_driver2/msg/detail/custom_msg__rosidl_typesupport_introspection_cpp.hpp
[15.061s] -- Installing: /home/johan/slam/xiaoying_robot/install/livox_ros_driver2/include/livox_ros_driver2/livox_ros_driver2/msg/detail/custom_point__type_support.cpp
[15.061s] -- Installing: /home/johan/slam/xiaoying_robot/install/livox_ros_driver2/include/livox_ros_driver2/livox_ros_driver2/msg/detail/custom_point__rosidl_typesupport_introspection_cpp.hpp
[15.061s] -- Installing: /home/johan/slam/xiaoying_robot/install/livox_ros_driver2/include/livox_ros_driver2/livox_ros_driver2/msg/detail/custom_msg__type_support.cpp
[15.062s] -- Installing: /home/johan/slam/xiaoying_robot/install/livox_ros_driver2/lib/liblivox_ros_driver2__rosidl_typesupport_introspection_cpp.so
[15.062s] -- Set runtime path of "/home/johan/slam/xiaoying_robot/install/livox_ros_driver2/lib/liblivox_ros_driver2__rosidl_typesupport_introspection_cpp.so" to ""
[15.062s] -- Installing: /home/johan/slam/xiaoying_robot/install/livox_ros_driver2/lib/liblivox_ros_driver2__rosidl_typesupport_cpp.so
[15.062s] -- Set runtime path of "/home/johan/slam/xiaoying_robot/install/livox_ros_driver2/lib/liblivox_ros_driver2__rosidl_typesupport_cpp.so" to ""
[15.062s] -- Installing: /home/johan/slam/xiaoying_robot/install/livox_ros_driver2/share/livox_ros_driver2/environment/pythonpath.sh
[15.062s] -- Installing: /home/johan/slam/xiaoying_robot/install/livox_ros_driver2/share/livox_ros_driver2/environment/pythonpath.dsv
[15.062s] -- Installing: /home/johan/slam/xiaoying_robot/install/livox_ros_driver2/local/lib/python3.10/dist-packages/livox_ros_driver2-1.0.0-py3.10.egg-info
[15.063s] -- Installing: /home/johan/slam/xiaoying_robot/install/livox_ros_driver2/local/lib/python3.10/dist-packages/livox_ros_driver2-1.0.0-py3.10.egg-info/dependency_links.txt
[15.063s] -- Installing: /home/johan/slam/xiaoying_robot/install/livox_ros_driver2/local/lib/python3.10/dist-packages/livox_ros_driver2-1.0.0-py3.10.egg-info/top_level.txt
[15.063s] -- Installing: /home/johan/slam/xiaoying_robot/install/livox_ros_driver2/local/lib/python3.10/dist-packages/livox_ros_driver2-1.0.0-py3.10.egg-info/SOURCES.txt
[15.063s] -- Installing: /home/johan/slam/xiaoying_robot/install/livox_ros_driver2/local/lib/python3.10/dist-packages/livox_ros_driver2-1.0.0-py3.10.egg-info/PKG-INFO
[15.063s] -- Installing: /home/johan/slam/xiaoying_robot/install/livox_ros_driver2/local/lib/python3.10/dist-packages/livox_ros_driver2
[15.063s] -- Installing: /home/johan/slam/xiaoying_robot/install/livox_ros_driver2/local/lib/python3.10/dist-packages/livox_ros_driver2/livox_ros_driver2_s__rosidl_typesupport_c.cpython-310-x86_64-linux-gnu.so
[15.063s] -- Installing: /home/johan/slam/xiaoying_robot/install/livox_ros_driver2/local/lib/python3.10/dist-packages/livox_ros_driver2/_livox_ros_driver2_s.ep.rosidl_typesupport_fastrtps_c.c
[15.063s] -- Installing: /home/johan/slam/xiaoying_robot/install/livox_ros_driver2/local/lib/python3.10/dist-packages/livox_ros_driver2/livox_ros_driver2_s__rosidl_typesupport_introspection_c.cpython-310-x86_64-linux-gnu.so
[15.063s] -- Installing: /home/johan/slam/xiaoying_robot/install/livox_ros_driver2/local/lib/python3.10/dist-packages/livox_ros_driver2/livox_ros_driver2_s__rosidl_typesupport_fastrtps_c.cpython-310-x86_64-linux-gnu.so
[15.064s] -- Installing: /home/johan/slam/xiaoying_robot/install/livox_ros_driver2/local/lib/python3.10/dist-packages/livox_ros_driver2/__init__.py
[15.064s] -- Installing: /home/johan/slam/xiaoying_robot/install/livox_ros_driver2/local/lib/python3.10/dist-packages/livox_ros_driver2/_livox_ros_driver2_s.ep.rosidl_typesupport_c.c
[15.064s] -- Installing: /home/johan/slam/xiaoying_robot/install/livox_ros_driver2/local/lib/python3.10/dist-packages/livox_ros_driver2/liblivox_interfaces2__rosidl_generator_py.so
[15.064s] -- Installing: /home/johan/slam/xiaoying_robot/install/livox_ros_driver2/local/lib/python3.10/dist-packages/livox_ros_driver2/msg
[15.064s] -- Installing: /home/johan/slam/xiaoying_robot/install/livox_ros_driver2/local/lib/python3.10/dist-packages/livox_ros_driver2/msg/_custom_msg_s.c
[15.064s] -- Installing: /home/johan/slam/xiaoying_robot/install/livox_ros_driver2/local/lib/python3.10/dist-packages/livox_ros_driver2/msg/__init__.py
[15.064s] -- Installing: /home/johan/slam/xiaoying_robot/install/livox_ros_driver2/local/lib/python3.10/dist-packages/livox_ros_driver2/msg/_custom_point.py
[15.064s] -- Installing: /home/johan/slam/xiaoying_robot/install/livox_ros_driver2/local/lib/python3.10/dist-packages/livox_ros_driver2/msg/_custom_point_s.c
[15.064s] -- Installing: /home/johan/slam/xiaoying_robot/install/livox_ros_driver2/local/lib/python3.10/dist-packages/livox_ros_driver2/msg/_custom_msg.py
[15.064s] -- Installing: /home/johan/slam/xiaoying_robot/install/livox_ros_driver2/local/lib/python3.10/dist-packages/livox_ros_driver2/_livox_ros_driver2_s.ep.rosidl_typesupport_introspection_c.c
[15.104s] Listing '/home/johan/slam/xiaoying_robot/install/livox_ros_driver2/local/lib/python3.10/dist-packages/livox_ros_driver2'...
[15.104s] Compiling '/home/johan/slam/xiaoying_robot/install/livox_ros_driver2/local/lib/python3.10/dist-packages/livox_ros_driver2/__init__.py'...
[15.104s] Listing '/home/johan/slam/xiaoying_robot/install/livox_ros_driver2/local/lib/python3.10/dist-packages/livox_ros_driver2/msg'...
[15.104s] Compiling '/home/johan/slam/xiaoying_robot/install/livox_ros_driver2/local/lib/python3.10/dist-packages/livox_ros_driver2/msg/__init__.py'...
[15.104s] Compiling '/home/johan/slam/xiaoying_robot/install/livox_ros_driver2/local/lib/python3.10/dist-packages/livox_ros_driver2/msg/_custom_msg.py'...
[15.104s] Compiling '/home/johan/slam/xiaoying_robot/install/livox_ros_driver2/local/lib/python3.10/dist-packages/livox_ros_driver2/msg/_custom_point.py'...
[15.108s] -- Installing: /home/johan/slam/xiaoying_robot/install/livox_ros_driver2/local/lib/python3.10/dist-packages/livox_ros_driver2/livox_ros_driver2_s__rosidl_typesupport_fastrtps_c.cpython-310-x86_64-linux-gnu.so
[15.108s] -- Set runtime path of "/home/johan/slam/xiaoying_robot/install/livox_ros_driver2/local/lib/python3.10/dist-packages/livox_ros_driver2/livox_ros_driver2_s__rosidl_typesupport_fastrtps_c.cpython-310-x86_64-linux-gnu.so" to ""
[15.108s] -- Installing: /home/johan/slam/xiaoying_robot/install/livox_ros_driver2/local/lib/python3.10/dist-packages/livox_ros_driver2/livox_ros_driver2_s__rosidl_typesupport_introspection_c.cpython-310-x86_64-linux-gnu.so
[15.108s] -- Set runtime path of "/home/johan/slam/xiaoying_robot/install/livox_ros_driver2/local/lib/python3.10/dist-packages/livox_ros_driver2/livox_ros_driver2_s__rosidl_typesupport_introspection_c.cpython-310-x86_64-linux-gnu.so" to ""
[15.109s] -- Installing: /home/johan/slam/xiaoying_robot/install/livox_ros_driver2/local/lib/python3.10/dist-packages/livox_ros_driver2/livox_ros_driver2_s__rosidl_typesupport_c.cpython-310-x86_64-linux-gnu.so
[15.109s] -- Set runtime path of "/home/johan/slam/xiaoying_robot/install/livox_ros_driver2/local/lib/python3.10/dist-packages/livox_ros_driver2/livox_ros_driver2_s__rosidl_typesupport_c.cpython-310-x86_64-linux-gnu.so" to ""
[15.109s] -- Installing: /home/johan/slam/xiaoying_robot/install/livox_ros_driver2/lib/liblivox_interfaces2__rosidl_generator_py.so
[15.109s] -- Set runtime path of "/home/johan/slam/xiaoying_robot/install/livox_ros_driver2/lib/liblivox_interfaces2__rosidl_generator_py.so" to ""
[15.110s] -- Installing: /home/johan/slam/xiaoying_robot/install/livox_ros_driver2/share/livox_ros_driver2/msg/CustomPoint.idl
[15.110s] -- Installing: /home/johan/slam/xiaoying_robot/install/livox_ros_driver2/share/livox_ros_driver2/msg/CustomMsg.idl
[15.110s] -- Installing: /home/johan/slam/xiaoying_robot/install/livox_ros_driver2/share/livox_ros_driver2/msg/CustomPoint.msg
[15.110s] -- Installing: /home/johan/slam/xiaoying_robot/install/livox_ros_driver2/share/livox_ros_driver2/msg/CustomMsg.msg
[15.110s] -- Installing: /home/johan/slam/xiaoying_robot/install/livox_ros_driver2/lib/livox_ros_driver2/livox_ros_driver2_node
[15.110s] -- Set runtime path of "/home/johan/slam/xiaoying_robot/install/livox_ros_driver2/lib/livox_ros_driver2/livox_ros_driver2_node" to ""
[15.111s] -- Installing: /home/johan/slam/xiaoying_robot/install/livox_ros_driver2/lib/liblivox_ros_driver2.so
[15.112s] -- Set runtime path of "/home/johan/slam/xiaoying_robot/install/livox_ros_driver2/lib/liblivox_ros_driver2.so" to ""
[15.112s] -- Installing: /home/johan/slam/xiaoying_robot/install/livox_ros_driver2/share/livox_ros_driver2/config
[15.112s] -- Installing: /home/johan/slam/xiaoying_robot/install/livox_ros_driver2/share/livox_ros_driver2/config/mixed_HAP_MID360_config.json
[15.112s] -- Installing: /home/johan/slam/xiaoying_robot/install/livox_ros_driver2/share/livox_ros_driver2/config/HAP_config.json
[15.112s] -- Installing: /home/johan/slam/xiaoying_robot/install/livox_ros_driver2/share/livox_ros_driver2/config/MID360_config.json
[15.112s] -- Installing: /home/johan/slam/xiaoying_robot/install/livox_ros_driver2/share/livox_ros_driver2/config/display_point_cloud.rviz
[15.112s] -- Installing: /home/johan/slam/xiaoying_robot/install/livox_ros_driver2/share/livox_ros_driver2/launch
[15.112s] -- Installing: /home/johan/slam/xiaoying_robot/install/livox_ros_driver2/share/livox_ros_driver2/launch/rviz_HAP_launch.py
[15.113s] -- Installing: /home/johan/slam/xiaoying_robot/install/livox_ros_driver2/share/livox_ros_driver2/launch/rviz_mixed.py
[15.113s] -- Installing: /home/johan/slam/xiaoying_robot/install/livox_ros_driver2/share/livox_ros_driver2/launch/msg_HAP_launch.py
[15.113s] -- Installing: /home/johan/slam/xiaoying_robot/install/livox_ros_driver2/share/livox_ros_driver2/launch/rviz_MID360_launch.py
[15.113s] -- Installing: /home/johan/slam/xiaoying_robot/install/livox_ros_driver2/share/livox_ros_driver2/launch/msg_MID360_launch.py
[15.113s] -- Installing: /home/johan/slam/xiaoying_robot/install/livox_ros_driver2/share/ament_index/resource_index/package_run_dependencies/livox_ros_driver2
[15.113s] -- Installing: /home/johan/slam/xiaoying_robot/install/livox_ros_driver2/share/ament_index/resource_index/parent_prefix_path/livox_ros_driver2
[15.113s] -- Installing: /home/johan/slam/xiaoying_robot/install/livox_ros_driver2/share/livox_ros_driver2/environment/ament_prefix_path.sh
[15.113s] -- Installing: /home/johan/slam/xiaoying_robot/install/livox_ros_driver2/share/livox_ros_driver2/environment/ament_prefix_path.dsv
[15.113s] -- Installing: /home/johan/slam/xiaoying_robot/install/livox_ros_driver2/share/livox_ros_driver2/environment/path.sh
[15.114s] -- Installing: /home/johan/slam/xiaoying_robot/install/livox_ros_driver2/share/livox_ros_driver2/environment/path.dsv
[15.114s] -- Installing: /home/johan/slam/xiaoying_robot/install/livox_ros_driver2/share/livox_ros_driver2/local_setup.bash
[15.114s] -- Installing: /home/johan/slam/xiaoying_robot/install/livox_ros_driver2/share/livox_ros_driver2/local_setup.sh
[15.114s] -- Installing: /home/johan/slam/xiaoying_robot/install/livox_ros_driver2/share/livox_ros_driver2/local_setup.zsh
[15.114s] -- Installing: /home/johan/slam/xiaoying_robot/install/livox_ros_driver2/share/livox_ros_driver2/local_setup.dsv
[15.114s] -- Installing: /home/johan/slam/xiaoying_robot/install/livox_ros_driver2/share/livox_ros_driver2/package.dsv
[15.114s] -- Installing: /home/johan/slam/xiaoying_robot/install/livox_ros_driver2/share/ament_index/resource_index/packages/livox_ros_driver2
[15.114s] -- Installing: /home/johan/slam/xiaoying_robot/install/livox_ros_driver2/share/livox_ros_driver2/cmake/export_livox_interfaces2__rosidl_generator_cExport.cmake
[15.114s] -- Installing: /home/johan/slam/xiaoying_robot/install/livox_ros_driver2/share/livox_ros_driver2/cmake/export_livox_interfaces2__rosidl_generator_cExport-noconfig.cmake
[15.114s] -- Installing: /home/johan/slam/xiaoying_robot/install/livox_ros_driver2/share/livox_ros_driver2/cmake/export_livox_interfaces2__rosidl_typesupport_fastrtps_cExport.cmake
[15.115s] -- Installing: /home/johan/slam/xiaoying_robot/install/livox_ros_driver2/share/livox_ros_driver2/cmake/export_livox_interfaces2__rosidl_typesupport_fastrtps_cExport-noconfig.cmake
[15.115s] -- Installing: /home/johan/slam/xiaoying_robot/install/livox_ros_driver2/share/livox_ros_driver2/cmake/livox_interfaces2__rosidl_typesupport_introspection_cExport.cmake
[15.115s] -- Installing: /home/johan/slam/xiaoying_robot/install/livox_ros_driver2/share/livox_ros_driver2/cmake/livox_interfaces2__rosidl_typesupport_introspection_cExport-noconfig.cmake
[15.115s] -- Installing: /home/johan/slam/xiaoying_robot/install/livox_ros_driver2/share/livox_ros_driver2/cmake/livox_interfaces2__rosidl_typesupport_cExport.cmake
[15.115s] -- Installing: /home/johan/slam/xiaoying_robot/install/livox_ros_driver2/share/livox_ros_driver2/cmake/livox_interfaces2__rosidl_typesupport_cExport-noconfig.cmake
[15.115s] -- Installing: /home/johan/slam/xiaoying_robot/install/livox_ros_driver2/share/livox_ros_driver2/cmake/export_livox_interfaces2__rosidl_generator_cppExport.cmake
[15.115s] -- Installing: /home/johan/slam/xiaoying_robot/install/livox_ros_driver2/share/livox_ros_driver2/cmake/export_livox_interfaces2__rosidl_typesupport_fastrtps_cppExport.cmake
[15.115s] -- Installing: /home/johan/slam/xiaoying_robot/install/livox_ros_driver2/share/livox_ros_driver2/cmake/export_livox_interfaces2__rosidl_typesupport_fastrtps_cppExport-noconfig.cmake
[15.115s] -- Installing: /home/johan/slam/xiaoying_robot/install/livox_ros_driver2/share/livox_ros_driver2/cmake/livox_interfaces2__rosidl_typesupport_introspection_cppExport.cmake
[15.115s] -- Installing: /home/johan/slam/xiaoying_robot/install/livox_ros_driver2/share/livox_ros_driver2/cmake/livox_interfaces2__rosidl_typesupport_introspection_cppExport-noconfig.cmake
[15.115s] -- Installing: /home/johan/slam/xiaoying_robot/install/livox_ros_driver2/share/livox_ros_driver2/cmake/livox_interfaces2__rosidl_typesupport_cppExport.cmake
[15.116s] -- Installing: /home/johan/slam/xiaoying_robot/install/livox_ros_driver2/share/livox_ros_driver2/cmake/livox_interfaces2__rosidl_typesupport_cppExport-noconfig.cmake
[15.116s] -- Installing: /home/johan/slam/xiaoying_robot/install/livox_ros_driver2/share/livox_ros_driver2/cmake/export_livox_interfaces2__rosidl_generator_pyExport.cmake
[15.116s] -- Installing: /home/johan/slam/xiaoying_robot/install/livox_ros_driver2/share/livox_ros_driver2/cmake/export_livox_interfaces2__rosidl_generator_pyExport-noconfig.cmake
[15.116s] -- Installing: /home/johan/slam/xiaoying_robot/install/livox_ros_driver2/share/ament_index/resource_index/rclcpp_components/livox_ros_driver2
[15.116s] -- Installing: /home/johan/slam/xiaoying_robot/install/livox_ros_driver2/share/livox_ros_driver2/cmake/rosidl_cmake-extras.cmake
[15.116s] -- Installing: /home/johan/slam/xiaoying_robot/install/livox_ros_driver2/share/livox_ros_driver2/cmake/ament_cmake_export_dependencies-extras.cmake
[15.116s] -- Installing: /home/johan/slam/xiaoying_robot/install/livox_ros_driver2/share/livox_ros_driver2/cmake/ament_cmake_export_include_directories-extras.cmake
[15.116s] -- Installing: /home/johan/slam/xiaoying_robot/install/livox_ros_driver2/share/livox_ros_driver2/cmake/ament_cmake_export_libraries-extras.cmake
[15.116s] -- Installing: /home/johan/slam/xiaoying_robot/install/livox_ros_driver2/share/livox_ros_driver2/cmake/ament_cmake_export_targets-extras.cmake
[15.116s] -- Installing: /home/johan/slam/xiaoying_robot/install/livox_ros_driver2/share/livox_ros_driver2/cmake/rosidl_cmake_export_typesupport_targets-extras.cmake
[15.116s] -- Installing: /home/johan/slam/xiaoying_robot/install/livox_ros_driver2/share/livox_ros_driver2/cmake/rosidl_cmake_export_typesupport_libraries-extras.cmake
[15.117s] -- Installing: /home/johan/slam/xiaoying_robot/install/livox_ros_driver2/share/livox_ros_driver2/cmake/livox_ros_driver2Config.cmake
[15.117s] -- Installing: /home/johan/slam/xiaoying_robot/install/livox_ros_driver2/share/livox_ros_driver2/cmake/livox_ros_driver2Config-version.cmake
[15.117s] -- Installing: /home/johan/slam/xiaoying_robot/install/livox_ros_driver2/share/livox_ros_driver2/package.xml
[15.118s] Invoked command in '/home/johan/slam/xiaoying_robot/build/livox_ros_driver2' returned '0': CMAKE_PREFIX_PATH=/opt/ros/humble /usr/bin/cmake --install /home/johan/slam/xiaoying_robot/build/livox_ros_driver2
