[0.193s] Invoking command in '/home/johan/slam/xiaoying_robot/build/rm_navigation': CMAKE_PREFIX_PATH=${CMAKE_PREFIX_PATH}:/home/johan/slam/xiaoying_robot/install/auto_pinpoint_robot:/opt/ros/humble /usr/bin/cmake --build /home/johan/slam/xiaoying_robot/build/rm_navigation -- -j16 -l16
[0.236s] Invoked command in '/home/johan/slam/xiaoying_robot/build/rm_navigation' returned '0': CMAKE_PREFIX_PATH=${CMAKE_PREFIX_PATH}:/home/johan/slam/xiaoying_robot/install/auto_pinpoint_robot:/opt/ros/humble /usr/bin/cmake --build /home/johan/slam/xiaoying_robot/build/rm_navigation -- -j16 -l16
[0.268s] Invoking command in '/home/johan/slam/xiaoying_robot/build/rm_navigation': CMAKE_PREFIX_PATH=${CMAKE_PREFIX_PATH}:/home/johan/slam/xiaoying_robot/install/auto_pinpoint_robot:/opt/ros/humble /usr/bin/cmake --install /home/johan/slam/xiaoying_robot/build/rm_navigation
[0.274s] -- Install configuration: ""
[0.275s] -- Up-to-date: /home/johan/slam/xiaoying_robot/install/rm_navigation/share/rm_navigation/params
[0.276s] -- Up-to-date: /home/johan/slam/xiaoying_robot/install/rm_navigation/share/rm_navigation/params/mapper_params_online_async.yaml
[0.277s] -- Up-to-date: /home/johan/slam/xiaoying_robot/install/rm_navigation/share/rm_navigation/params/nav2_params.yaml
[0.277s] -- Up-to-date: /home/johan/slam/xiaoying_robot/install/rm_navigation/share/rm_navigation/launch
[0.277s] -- Up-to-date: /home/johan/slam/xiaoying_robot/install/rm_navigation/share/rm_navigation/launch/online_async_launch.py
[0.277s] -- Up-to-date: /home/johan/slam/xiaoying_robot/install/rm_navigation/share/rm_navigation/launch/rviz_launch.py
[0.278s] -- Up-to-date: /home/johan/slam/xiaoying_robot/install/rm_navigation/share/rm_navigation/launch/bringup_launch.py
[0.279s] -- Up-to-date: /home/johan/slam/xiaoying_robot/install/rm_navigation/share/rm_navigation/launch/navigation_launch.py
[0.279s] -- Up-to-date: /home/johan/slam/xiaoying_robot/install/rm_navigation/share/rm_navigation/launch/localization_launch.py
[0.280s] -- Up-to-date: /home/johan/slam/xiaoying_robot/install/rm_navigation/share/rm_navigation/launch/bringup_no_amcl_launch.py
[0.281s] -- Up-to-date: /home/johan/slam/xiaoying_robot/install/rm_navigation/share/rm_navigation/launch/slam_launch.py
[0.281s] -- Up-to-date: /home/johan/slam/xiaoying_robot/install/rm_navigation/share/rm_navigation/map
[0.281s] -- Up-to-date: /home/johan/slam/xiaoying_robot/install/rm_navigation/share/rm_navigation/map/map1234.yaml
[0.281s] -- Up-to-date: /home/johan/slam/xiaoying_robot/install/rm_navigation/share/rm_navigation/map/map1234.pgm
[0.281s] -- Up-to-date: /home/johan/slam/xiaoying_robot/install/rm_navigation/share/ament_index/resource_index/package_run_dependencies/rm_navigation
[0.282s] -- Up-to-date: /home/johan/slam/xiaoying_robot/install/rm_navigation/share/ament_index/resource_index/parent_prefix_path/rm_navigation
[0.282s] -- Up-to-date: /home/johan/slam/xiaoying_robot/install/rm_navigation/share/rm_navigation/environment/ament_prefix_path.sh
[0.282s] -- Up-to-date: /home/johan/slam/xiaoying_robot/install/rm_navigation/share/rm_navigation/environment/ament_prefix_path.dsv
[0.283s] -- Up-to-date: /home/johan/slam/xiaoying_robot/install/rm_navigation/share/rm_navigation/environment/path.sh
[0.283s] -- Up-to-date: /home/johan/slam/xiaoying_robot/install/rm_navigation/share/rm_navigation/environment/path.dsv
[0.283s] -- Up-to-date: /home/johan/slam/xiaoying_robot/install/rm_navigation/share/rm_navigation/local_setup.bash
[0.284s] -- Up-to-date: /home/johan/slam/xiaoying_robot/install/rm_navigation/share/rm_navigation/local_setup.sh
[0.284s] -- Up-to-date: /home/johan/slam/xiaoying_robot/install/rm_navigation/share/rm_navigation/local_setup.zsh
[0.284s] -- Up-to-date: /home/johan/slam/xiaoying_robot/install/rm_navigation/share/rm_navigation/local_setup.dsv
[0.284s] -- Up-to-date: /home/johan/slam/xiaoying_robot/install/rm_navigation/share/rm_navigation/package.dsv
[0.284s] -- Up-to-date: /home/johan/slam/xiaoying_robot/install/rm_navigation/share/ament_index/resource_index/packages/rm_navigation
[0.285s] -- Up-to-date: /home/johan/slam/xiaoying_robot/install/rm_navigation/share/rm_navigation/cmake/rm_navigationConfig.cmake
[0.285s] -- Up-to-date: /home/johan/slam/xiaoying_robot/install/rm_navigation/share/rm_navigation/cmake/rm_navigationConfig-version.cmake
[0.285s] -- Up-to-date: /home/johan/slam/xiaoying_robot/install/rm_navigation/share/rm_navigation/package.xml
[0.290s] Invoked command in '/home/johan/slam/xiaoying_robot/build/rm_navigation' returned '0': CMAKE_PREFIX_PATH=${CMAKE_PREFIX_PATH}:/home/johan/slam/xiaoying_robot/install/auto_pinpoint_robot:/opt/ros/humble /usr/bin/cmake --install /home/johan/slam/xiaoying_robot/build/rm_navigation
